<?xml version="1.0" encoding="utf-8"?>
<CoverageSession xmlns:xsd="http://www.w3.org/2001/XMLSchema" xmlns:xsi="http://www.w3.org/2001/XMLSchema-instance" Version="4.6.0.0">
  <Summary numSequencePoints="221" visitedSequencePoints="221" numBranchPoints="92" visitedBranchPoints="90" sequenceCoverage="100" branchCoverage="97.83" maxCyclomaticComplexity="13" minCyclomaticComplexity="0" maxCrapScore="13" minCrapScore="0" visitedClasses="10" numClasses="10" visitedMethods="50" numMethods="50" />
  <Modules>
    <Module hash="BB-D8-AD-9E-2B-25-34-BC-A1-38-D5-47-82-35-3E-A8-B2-CF-0A-32">
      <Summary numSequencePoints="47" visitedSequencePoints="47" numBranchPoints="40" visitedBranchPoints="39" sequenceCoverage="100" branchCoverage="97.5" maxCyclomaticComplexity="13" minCyclomaticComplexity="1" maxCrapScore="13" minCrapScore="2" visitedClasses="2" numClasses="2" visitedMethods="4" numMethods="4" />
      <ModulePath>C:\Users\Luiz Arndt\Desktop\NDD\Reforço\ExercicioNDDRefor-o2\exercicio2\Exercicio2.AplicacaoTeste\bin\Debug\exercicio2.dll</ModulePath>
      <ModuleTime>2018-05-28T02:22:03.449258Z</ModuleTime>
      <ModuleName>exercicio2</ModuleName>
      <Files>
        <File uid="1" fullPath="C:\Users\Luiz Arndt\Desktop\NDD\Reforço\ExercicioNDDRefor-o2\exercicio2\exercicio2\Features\Livros\Livro.cs" />
        <File uid="7" fullPath="C:\Users\Luiz Arndt\Desktop\NDD\Reforço\ExercicioNDDRefor-o2\exercicio2\exercicio2\Features\Emprestimo\Emprestimo.cs" />
        <File uid="11" fullPath="C:\Users\Luiz Arndt\Desktop\NDD\Reforço\ExercicioNDDRefor-o2\exercicio2\exercicio2\Base\Entidade.cs" />
      </Files>
      <Classes>
        <Class>
          <Summary numSequencePoints="26" visitedSequencePoints="26" numBranchPoints="25" visitedBranchPoints="25" sequenceCoverage="100" branchCoverage="100" maxCyclomaticComplexity="13" minCyclomaticComplexity="1" maxCrapScore="13" minCrapScore="2" visitedClasses="1" numClasses="1" visitedMethods="1" numMethods="1" />
          <FullName>exercicio2.Features.Livros.Livro</FullName>
          <Methods>
            <Method skippedDueTo="AutoImplementedProperty" visited="false" cyclomaticComplexity="1" nPathComplexity="0" sequenceCoverage="0" branchCoverage="0" crapScore="0" isConstructor="false" isStatic="false" isGetter="true" isSetter="false">
              <MetadataToken>100663297</MetadataToken>
              <Name>System.String exercicio2.Features.Livros.Livro::get_Titulo()</Name>
              <FileRef uid="1" />
              <SequencePoints />
              <BranchPoints />
            </Method>
            <Method skippedDueTo="AutoImplementedProperty" visited="false" cyclomaticComplexity="1" nPathComplexity="0" sequenceCoverage="0" branchCoverage="0" crapScore="0" isConstructor="false" isStatic="false" isGetter="false" isSetter="true">
              <MetadataToken>100663298</MetadataToken>
              <Name>System.Void exercicio2.Features.Livros.Livro::set_Titulo(System.String)</Name>
              <FileRef uid="1" />
              <SequencePoints />
              <BranchPoints />
            </Method>
            <Method skippedDueTo="AutoImplementedProperty" visited="false" cyclomaticComplexity="1" nPathComplexity="0" sequenceCoverage="0" branchCoverage="0" crapScore="0" isConstructor="false" isStatic="false" isGetter="true" isSetter="false">
              <MetadataToken>100663299</MetadataToken>
              <Name>System.String exercicio2.Features.Livros.Livro::get_Tema()</Name>
              <FileRef uid="1" />
              <SequencePoints />
              <BranchPoints />
            </Method>
            <Method skippedDueTo="AutoImplementedProperty" visited="false" cyclomaticComplexity="1" nPathComplexity="0" sequenceCoverage="0" branchCoverage="0" crapScore="0" isConstructor="false" isStatic="false" isGetter="false" isSetter="true">
              <MetadataToken>100663300</MetadataToken>
              <Name>System.Void exercicio2.Features.Livros.Livro::set_Tema(System.String)</Name>
              <FileRef uid="1" />
              <SequencePoints />
              <BranchPoints />
            </Method>
            <Method skippedDueTo="AutoImplementedProperty" visited="false" cyclomaticComplexity="1" nPathComplexity="0" sequenceCoverage="0" branchCoverage="0" crapScore="0" isConstructor="false" isStatic="false" isGetter="true" isSetter="false">
              <MetadataToken>100663301</MetadataToken>
              <Name>System.String exercicio2.Features.Livros.Livro::get_Autor()</Name>
              <FileRef uid="1" />
              <SequencePoints />
              <BranchPoints />
            </Method>
            <Method skippedDueTo="AutoImplementedProperty" visited="false" cyclomaticComplexity="1" nPathComplexity="0" sequenceCoverage="0" branchCoverage="0" crapScore="0" isConstructor="false" isStatic="false" isGetter="false" isSetter="true">
              <MetadataToken>100663302</MetadataToken>
              <Name>System.Void exercicio2.Features.Livros.Livro::set_Autor(System.String)</Name>
              <FileRef uid="1" />
              <SequencePoints />
              <BranchPoints />
            </Method>
            <Method skippedDueTo="AutoImplementedProperty" visited="false" cyclomaticComplexity="1" nPathComplexity="0" sequenceCoverage="0" branchCoverage="0" crapScore="0" isConstructor="false" isStatic="false" isGetter="true" isSetter="false">
              <MetadataToken>100663303</MetadataToken>
              <Name>System.Int32 exercicio2.Features.Livros.Livro::get_Volume()</Name>
              <FileRef uid="1" />
              <SequencePoints />
              <BranchPoints />
            </Method>
            <Method skippedDueTo="AutoImplementedProperty" visited="false" cyclomaticComplexity="1" nPathComplexity="0" sequenceCoverage="0" branchCoverage="0" crapScore="0" isConstructor="false" isStatic="false" isGetter="false" isSetter="true">
              <MetadataToken>100663304</MetadataToken>
              <Name>System.Void exercicio2.Features.Livros.Livro::set_Volume(System.Int32)</Name>
              <FileRef uid="1" />
              <SequencePoints />
              <BranchPoints />
            </Method>
            <Method skippedDueTo="AutoImplementedProperty" visited="false" cyclomaticComplexity="1" nPathComplexity="0" sequenceCoverage="0" branchCoverage="0" crapScore="0" isConstructor="false" isStatic="false" isGetter="true" isSetter="false">
              <MetadataToken>100663305</MetadataToken>
              <Name>System.Nullable`1&lt;System.DateTime&gt; exercicio2.Features.Livros.Livro::get_DataPublicação()</Name>
              <FileRef uid="1" />
              <SequencePoints />
              <BranchPoints />
            </Method>
            <Method skippedDueTo="AutoImplementedProperty" visited="false" cyclomaticComplexity="1" nPathComplexity="0" sequenceCoverage="0" branchCoverage="0" crapScore="0" isConstructor="false" isStatic="false" isGetter="false" isSetter="true">
              <MetadataToken>100663306</MetadataToken>
              <Name>System.Void exercicio2.Features.Livros.Livro::set_DataPublicação(System.Nullable`1&lt;System.DateTime&gt;)</Name>
              <FileRef uid="1" />
              <SequencePoints />
              <BranchPoints />
            </Method>
            <Method skippedDueTo="AutoImplementedProperty" visited="false" cyclomaticComplexity="1" nPathComplexity="0" sequenceCoverage="0" branchCoverage="0" crapScore="0" isConstructor="false" isStatic="false" isGetter="true" isSetter="false">
              <MetadataToken>100663307</MetadataToken>
              <Name>System.Boolean exercicio2.Features.Livros.Livro::get_Disponivel()</Name>
              <FileRef uid="1" />
              <SequencePoints />
              <BranchPoints />
            </Method>
            <Method skippedDueTo="AutoImplementedProperty" visited="false" cyclomaticComplexity="1" nPathComplexity="0" sequenceCoverage="0" branchCoverage="0" crapScore="0" isConstructor="false" isStatic="false" isGetter="false" isSetter="true">
              <MetadataToken>100663308</MetadataToken>
              <Name>System.Void exercicio2.Features.Livros.Livro::set_Disponivel(System.Boolean)</Name>
              <FileRef uid="1" />
              <SequencePoints />
              <BranchPoints />
            </Method>
            <Method visited="true" cyclomaticComplexity="13" nPathComplexity="4096" sequenceCoverage="100" branchCoverage="100" crapScore="13" isConstructor="false" isStatic="false" isGetter="false" isSetter="false">
              <Summary numSequencePoints="26" visitedSequencePoints="26" numBranchPoints="25" visitedBranchPoints="25" sequenceCoverage="100" branchCoverage="100" maxCyclomaticComplexity="13" minCyclomaticComplexity="13" maxCrapScore="13" minCrapScore="13" visitedClasses="0" numClasses="0" visitedMethods="1" numMethods="1" />
              <MetadataToken>100663309</MetadataToken>
              <Name>System.Void exercicio2.Features.Livros.Livro::Validate()</Name>
              <FileRef uid="1" />
              <SequencePoints>
                <SequencePoint vc="25" uspid="1" ordinal="0" offset="0" sl="22" sc="9" el="22" ec="10" bec="0" bev="0" fileid="1" />
                <SequencePoint vc="25" uspid="2" ordinal="1" offset="1" sl="23" sc="13" el="23" ec="50" bec="2" bev="2" fileid="1" />
                <SequencePoint vc="1" uspid="3" ordinal="2" offset="16" sl="24" sc="17" el="24" ec="73" bec="0" bev="0" fileid="1" />
                <SequencePoint vc="24" uspid="4" ordinal="3" offset="27" sl="25" sc="13" el="25" ec="51" bec="2" bev="2" fileid="1" />
                <SequencePoint vc="1" uspid="5" ordinal="4" offset="42" sl="26" sc="17" el="26" ec="75" bec="0" bev="0" fileid="1" />
                <SequencePoint vc="23" uspid="6" ordinal="5" offset="53" sl="27" sc="13" el="27" ec="49" bec="2" bev="2" fileid="1" />
                <SequencePoint vc="1" uspid="7" ordinal="6" offset="68" sl="28" sc="17" el="28" ec="73" bec="0" bev="0" fileid="1" />
                <SequencePoint vc="22" uspid="8" ordinal="7" offset="79" sl="30" sc="13" el="30" ec="39" bec="2" bev="2" fileid="1" />
                <SequencePoint vc="1" uspid="9" ordinal="8" offset="97" sl="31" sc="17" el="31" ec="75" bec="0" bev="0" fileid="1" />
                <SequencePoint vc="21" uspid="10" ordinal="9" offset="108" sl="32" sc="13" el="32" ec="38" bec="2" bev="2" fileid="1" />
                <SequencePoint vc="1" uspid="11" ordinal="10" offset="128" sl="33" sc="17" el="33" ec="78" bec="0" bev="0" fileid="1" />
                <SequencePoint vc="20" uspid="12" ordinal="11" offset="139" sl="34" sc="13" el="34" ec="40" bec="2" bev="2" fileid="1" />
                <SequencePoint vc="1" uspid="13" ordinal="12" offset="159" sl="35" sc="17" el="35" ec="80" bec="0" bev="0" fileid="1" />
                <SequencePoint vc="19" uspid="14" ordinal="13" offset="170" sl="37" sc="13" el="37" ec="40" bec="2" bev="2" fileid="1" />
                <SequencePoint vc="1" uspid="15" ordinal="14" offset="191" sl="38" sc="17" el="38" ec="75" bec="0" bev="0" fileid="1" />
                <SequencePoint vc="18" uspid="16" ordinal="15" offset="202" sl="39" sc="13" el="39" ec="39" bec="2" bev="2" fileid="1" />
                <SequencePoint vc="1" uspid="17" ordinal="16" offset="223" sl="40" sc="17" el="40" ec="78" bec="0" bev="0" fileid="1" />
                <SequencePoint vc="17" uspid="18" ordinal="17" offset="234" sl="41" sc="13" el="41" ec="41" bec="2" bev="2" fileid="1" />
                <SequencePoint vc="1" uspid="19" ordinal="18" offset="255" sl="42" sc="17" el="42" ec="80" bec="0" bev="0" fileid="1" />
                <SequencePoint vc="16" uspid="20" ordinal="19" offset="266" sl="44" sc="13" el="44" ec="30" bec="2" bev="2" fileid="1" />
                <SequencePoint vc="7" uspid="21" ordinal="20" offset="282" sl="45" sc="17" el="45" ec="58" bec="0" bev="0" fileid="1" />
                <SequencePoint vc="9" uspid="22" ordinal="21" offset="288" sl="46" sc="13" el="46" ec="34" bec="2" bev="2" fileid="1" />
                <SequencePoint vc="1" uspid="23" ordinal="22" offset="303" sl="47" sc="17" el="47" ec="54" bec="0" bev="0" fileid="1" />
                <SequencePoint vc="8" uspid="24" ordinal="23" offset="309" sl="49" sc="13" el="49" ec="45" bec="2" bev="2" fileid="1" />
                <SequencePoint vc="1" uspid="25" ordinal="24" offset="333" sl="50" sc="17" el="50" ec="55" bec="0" bev="0" fileid="1" />
                <SequencePoint vc="7" uspid="26" ordinal="25" offset="344" sl="51" sc="9" el="51" ec="10" bec="0" bev="0" fileid="1" />
              </SequencePoints>
              <BranchPoints>
                <BranchPoint vc="1" uspid="27" ordinal="0" offset="14" sl="23" path="0" offsetend="16" fileid="1" />
                <BranchPoint vc="24" uspid="28" ordinal="1" offset="14" sl="23" path="1" offsetend="27" fileid="1" />
                <BranchPoint vc="1" uspid="29" ordinal="2" offset="40" sl="25" path="0" offsetend="42" fileid="1" />
                <BranchPoint vc="23" uspid="30" ordinal="3" offset="40" sl="25" path="1" offsetend="53" fileid="1" />
                <BranchPoint vc="1" uspid="31" ordinal="4" offset="66" sl="27" path="0" offsetend="68" fileid="1" />
                <BranchPoint vc="22" uspid="32" ordinal="5" offset="66" sl="27" path="1" offsetend="79" fileid="1" />
                <BranchPoint vc="1" uspid="33" ordinal="6" offset="95" sl="30" path="0" offsetend="97" fileid="1" />
                <BranchPoint vc="21" uspid="34" ordinal="7" offset="95" sl="30" path="1" offsetend="108" fileid="1" />
                <BranchPoint vc="1" uspid="35" ordinal="8" offset="126" sl="32" path="0" offsetend="128" fileid="1" />
                <BranchPoint vc="20" uspid="36" ordinal="9" offset="126" sl="32" path="1" offsetend="139" fileid="1" />
                <BranchPoint vc="1" uspid="37" ordinal="10" offset="157" sl="34" path="0" offsetend="159" fileid="1" />
                <BranchPoint vc="19" uspid="38" ordinal="11" offset="157" sl="34" path="1" offsetend="170" fileid="1" />
                <BranchPoint vc="1" uspid="39" ordinal="12" offset="189" sl="37" path="0" offsetend="191" fileid="1" />
                <BranchPoint vc="18" uspid="40" ordinal="13" offset="189" sl="37" path="1" offsetend="202" fileid="1" />
                <BranchPoint vc="1" uspid="41" ordinal="14" offset="221" sl="39" path="0" offsetend="223" fileid="1" />
                <BranchPoint vc="17" uspid="42" ordinal="15" offset="221" sl="39" path="1" offsetend="234" fileid="1" />
                <BranchPoint vc="1" uspid="43" ordinal="16" offset="253" sl="41" path="0" offsetend="255" fileid="1" />
                <BranchPoint vc="16" uspid="44" ordinal="17" offset="253" sl="41" path="1" offsetend="266" fileid="1" />
                <BranchPoint vc="7" uspid="45" ordinal="18" offset="280" sl="44" path="0" offsetend="282" fileid="1" />
                <BranchPoint vc="9" uspid="46" ordinal="19" offset="280" sl="44" path="1" offsetend="288" fileid="1" />
                <BranchPoint vc="1" uspid="47" ordinal="20" offset="301" sl="46" path="0" offsetend="303" fileid="1" />
                <BranchPoint vc="8" uspid="48" ordinal="21" offset="301" sl="46" path="1" offsetend="309" fileid="1" />
                <BranchPoint vc="1" uspid="49" ordinal="22" offset="331" sl="49" path="0" offsetend="333" fileid="1" />
                <BranchPoint vc="7" uspid="50" ordinal="23" offset="331" sl="49" path="1" offsetend="344" fileid="1" />
              </BranchPoints>
              <MethodPoint xsi:type="SequencePoint" vc="25" uspid="1" ordinal="0" offset="0" sl="22" sc="9" el="22" ec="10" bec="0" bev="0" fileid="1" />
            </Method>
            <Method visited="false" cyclomaticComplexity="1" nPathComplexity="0" sequenceCoverage="0" branchCoverage="0" crapScore="2" isConstructor="true" isStatic="false" isGetter="false" isSetter="false">
              <Summary numSequencePoints="0" visitedSequencePoints="0" numBranchPoints="0" visitedBranchPoints="0" sequenceCoverage="0" branchCoverage="0" maxCyclomaticComplexity="1" minCyclomaticComplexity="1" maxCrapScore="2" minCrapScore="2" visitedClasses="0" numClasses="0" visitedMethods="0" numMethods="0" />
              <MetadataToken>100663310</MetadataToken>
              <Name>System.Void exercicio2.Features.Livros.Livro::.ctor()</Name>
              <SequencePoints />
              <BranchPoints />
              <MethodPoint vc="0" uspid="51" ordinal="0" offset="0" />
            </Method>
          </Methods>
        </Class>
        <Class>
          <Summary numSequencePoints="21" visitedSequencePoints="21" numBranchPoints="15" visitedBranchPoints="14" sequenceCoverage="100" branchCoverage="93.33" maxCyclomaticComplexity="7" minCyclomaticComplexity="1" maxCrapScore="7" minCrapScore="1" visitedClasses="1" numClasses="1" visitedMethods="3" numMethods="3" />
          <FullName>exercicio2.Features.Emprestimo.Emprestimo</FullName>
          <Methods>
            <Method skippedDueTo="AutoImplementedProperty" visited="false" cyclomaticComplexity="1" nPathComplexity="0" sequenceCoverage="0" branchCoverage="0" crapScore="0" isConstructor="false" isStatic="false" isGetter="true" isSetter="false">
              <MetadataToken>100663316</MetadataToken>
              <Name>System.String exercicio2.Features.Emprestimo.Emprestimo::get_NomeCliente()</Name>
              <FileRef uid="7" />
              <SequencePoints />
              <BranchPoints />
            </Method>
            <Method skippedDueTo="AutoImplementedProperty" visited="false" cyclomaticComplexity="1" nPathComplexity="0" sequenceCoverage="0" branchCoverage="0" crapScore="0" isConstructor="false" isStatic="false" isGetter="false" isSetter="true">
              <MetadataToken>100663317</MetadataToken>
              <Name>System.Void exercicio2.Features.Emprestimo.Emprestimo::set_NomeCliente(System.String)</Name>
              <FileRef uid="7" />
              <SequencePoints />
              <BranchPoints />
            </Method>
            <Method skippedDueTo="AutoImplementedProperty" visited="false" cyclomaticComplexity="1" nPathComplexity="0" sequenceCoverage="0" branchCoverage="0" crapScore="0" isConstructor="false" isStatic="false" isGetter="true" isSetter="false">
              <MetadataToken>100663318</MetadataToken>
              <Name>System.Collections.Generic.IList`1&lt;exercicio2.Features.Livros.Livro&gt; exercicio2.Features.Emprestimo.Emprestimo::get_Livros()</Name>
              <FileRef uid="7" />
              <SequencePoints />
              <BranchPoints />
            </Method>
            <Method skippedDueTo="AutoImplementedProperty" visited="false" cyclomaticComplexity="1" nPathComplexity="0" sequenceCoverage="0" branchCoverage="0" crapScore="0" isConstructor="false" isStatic="false" isGetter="false" isSetter="true">
              <MetadataToken>100663319</MetadataToken>
              <Name>System.Void exercicio2.Features.Emprestimo.Emprestimo::set_Livros(System.Collections.Generic.IList`1&lt;exercicio2.Features.Livros.Livro&gt;)</Name>
              <FileRef uid="7" />
              <SequencePoints />
              <BranchPoints />
            </Method>
            <Method skippedDueTo="AutoImplementedProperty" visited="false" cyclomaticComplexity="1" nPathComplexity="0" sequenceCoverage="0" branchCoverage="0" crapScore="0" isConstructor="false" isStatic="false" isGetter="true" isSetter="false">
              <MetadataToken>100663320</MetadataToken>
              <Name>System.Nullable`1&lt;System.DateTime&gt; exercicio2.Features.Emprestimo.Emprestimo::get_DataDevolucao()</Name>
              <FileRef uid="7" />
              <SequencePoints />
              <BranchPoints />
            </Method>
            <Method skippedDueTo="AutoImplementedProperty" visited="false" cyclomaticComplexity="1" nPathComplexity="0" sequenceCoverage="0" branchCoverage="0" crapScore="0" isConstructor="false" isStatic="false" isGetter="false" isSetter="true">
              <MetadataToken>100663321</MetadataToken>
              <Name>System.Void exercicio2.Features.Emprestimo.Emprestimo::set_DataDevolucao(System.Nullable`1&lt;System.DateTime&gt;)</Name>
              <FileRef uid="7" />
              <SequencePoints />
              <BranchPoints />
            </Method>
            <Method skippedDueTo="AutoImplementedProperty" visited="false" cyclomaticComplexity="1" nPathComplexity="0" sequenceCoverage="0" branchCoverage="0" crapScore="0" isConstructor="false" isStatic="false" isGetter="true" isSetter="false">
              <MetadataToken>100663322</MetadataToken>
              <Name>System.Double exercicio2.Features.Emprestimo.Emprestimo::get_Multa()</Name>
              <FileRef uid="7" />
              <SequencePoints />
              <BranchPoints />
            </Method>
            <Method skippedDueTo="AutoImplementedProperty" visited="false" cyclomaticComplexity="1" nPathComplexity="0" sequenceCoverage="0" branchCoverage="0" crapScore="0" isConstructor="false" isStatic="false" isGetter="false" isSetter="true">
              <MetadataToken>100663323</MetadataToken>
              <Name>System.Void exercicio2.Features.Emprestimo.Emprestimo::set_Multa(System.Double)</Name>
              <FileRef uid="7" />
              <SequencePoints />
              <BranchPoints />
            </Method>
            <Method visited="true" cyclomaticComplexity="1" nPathComplexity="0" sequenceCoverage="100" branchCoverage="100" crapScore="1" isConstructor="false" isStatic="false" isGetter="true" isSetter="false">
              <Summary numSequencePoints="3" visitedSequencePoints="3" numBranchPoints="1" visitedBranchPoints="1" sequenceCoverage="100" branchCoverage="100" maxCyclomaticComplexity="1" minCyclomaticComplexity="1" maxCrapScore="1" minCrapScore="1" visitedClasses="0" numClasses="0" visitedMethods="1" numMethods="1" />
              <MetadataToken>100663324</MetadataToken>
              <Name>System.Double exercicio2.Features.Emprestimo.Emprestimo::get_PrecoMulta()</Name>
              <FileRef uid="7" />
              <SequencePoints>
                <SequencePoint vc="1" uspid="52" ordinal="0" offset="0" sl="18" sc="40" el="18" ec="41" bec="0" bev="0" fileid="7" />
                <SequencePoint vc="1" uspid="53" ordinal="1" offset="1" sl="18" sc="42" el="18" ec="54" bec="0" bev="0" fileid="7" />
                <SequencePoint vc="1" uspid="54" ordinal="2" offset="13" sl="18" sc="55" el="18" ec="56" bec="0" bev="0" fileid="7" />
              </SequencePoints>
              <BranchPoints />
              <MethodPoint xsi:type="SequencePoint" vc="1" uspid="52" ordinal="0" offset="0" sl="18" sc="40" el="18" ec="41" bec="0" bev="0" fileid="7" />
            </Method>
            <Method visited="true" cyclomaticComplexity="7" nPathComplexity="32" sequenceCoverage="100" branchCoverage="100" crapScore="7" isConstructor="false" isStatic="false" isGetter="false" isSetter="false">
              <Summary numSequencePoints="12" visitedSequencePoints="12" numBranchPoints="11" visitedBranchPoints="11" sequenceCoverage="100" branchCoverage="100" maxCyclomaticComplexity="7" minCyclomaticComplexity="7" maxCrapScore="7" minCrapScore="7" visitedClasses="0" numClasses="0" visitedMethods="1" numMethods="1" />
              <MetadataToken>100663325</MetadataToken>
              <Name>System.Void exercicio2.Features.Emprestimo.Emprestimo::Validate()</Name>
              <FileRef uid="7" />
              <SequencePoints>
                <SequencePoint vc="18" uspid="55" ordinal="0" offset="0" sl="20" sc="9" el="20" ec="10" bec="0" bev="0" fileid="7" />
                <SequencePoint vc="18" uspid="56" ordinal="1" offset="1" sl="21" sc="13" el="21" ec="30" bec="2" bev="2" fileid="7" />
                <SequencePoint vc="7" uspid="57" ordinal="2" offset="15" sl="22" sc="17" el="22" ec="58" bec="0" bev="0" fileid="7" />
                <SequencePoint vc="11" uspid="58" ordinal="3" offset="21" sl="23" sc="13" el="23" ec="51" bec="2" bev="2" fileid="7" />
                <SequencePoint vc="1" uspid="59" ordinal="4" offset="36" sl="24" sc="17" el="24" ec="72" bec="0" bev="0" fileid="7" />
                <SequencePoint vc="10" uspid="60" ordinal="5" offset="47" sl="25" sc="13" el="25" ec="44" bec="2" bev="2" fileid="7" />
                <SequencePoint vc="1" uspid="61" ordinal="6" offset="68" sl="26" sc="17" el="26" ec="68" bec="0" bev="0" fileid="7" />
                <SequencePoint vc="9" uspid="62" ordinal="7" offset="79" sl="27" sc="13" el="27" ec="64" bec="2" bev="2" fileid="7" />
                <SequencePoint vc="1" uspid="63" ordinal="8" offset="111" sl="28" sc="17" el="28" ec="55" bec="0" bev="0" fileid="7" />
                <SequencePoint vc="8" uspid="64" ordinal="9" offset="117" sl="29" sc="13" el="29" ec="41" bec="2" bev="2" fileid="7" />
                <SequencePoint vc="1" uspid="65" ordinal="10" offset="137" sl="30" sc="17" el="30" ec="55" bec="0" bev="0" fileid="7" />
                <SequencePoint vc="7" uspid="66" ordinal="11" offset="143" sl="31" sc="9" el="31" ec="10" bec="0" bev="0" fileid="7" />
              </SequencePoints>
              <BranchPoints>
                <BranchPoint vc="7" uspid="67" ordinal="0" offset="13" sl="21" path="0" offsetend="15" fileid="7" />
                <BranchPoint vc="11" uspid="68" ordinal="1" offset="13" sl="21" path="1" offsetend="21" fileid="7" />
                <BranchPoint vc="1" uspid="69" ordinal="2" offset="34" sl="23" path="0" offsetend="36" fileid="7" />
                <BranchPoint vc="10" uspid="70" ordinal="3" offset="34" sl="23" path="1" offsetend="47" fileid="7" />
                <BranchPoint vc="1" uspid="71" ordinal="4" offset="66" sl="25" path="0" offsetend="68" fileid="7" />
                <BranchPoint vc="9" uspid="72" ordinal="5" offset="66" sl="25" path="1" offsetend="79" fileid="7" />
                <BranchPoint vc="1" uspid="75" ordinal="8" offset="109" sl="27" path="0" offsetend="111" fileid="7" />
                <BranchPoint vc="8" uspid="76" ordinal="9" offset="109" sl="27" path="1" offsetend="117" fileid="7" />
                <BranchPoint vc="1" uspid="77" ordinal="10" offset="135" sl="29" path="0" offsetend="137" fileid="7" />
                <BranchPoint vc="7" uspid="78" ordinal="11" offset="135" sl="29" path="1" offsetend="143" fileid="7" />
              </BranchPoints>
              <MethodPoint xsi:type="SequencePoint" vc="18" uspid="55" ordinal="0" offset="0" sl="20" sc="9" el="20" ec="10" bec="0" bev="0" fileid="7" />
            </Method>
            <Method visited="true" cyclomaticComplexity="2" nPathComplexity="2" sequenceCoverage="100" branchCoverage="66.67" crapScore="2" isConstructor="false" isStatic="false" isGetter="false" isSetter="false">
              <Summary numSequencePoints="6" visitedSequencePoints="6" numBranchPoints="3" visitedBranchPoints="2" sequenceCoverage="100" branchCoverage="66.67" maxCyclomaticComplexity="2" minCyclomaticComplexity="2" maxCrapScore="2" minCrapScore="2" visitedClasses="0" numClasses="0" visitedMethods="1" numMethods="1" />
              <MetadataToken>100663326</MetadataToken>
              <Name>System.Void exercicio2.Features.Emprestimo.Emprestimo::CalcularMulta(System.DateTime)</Name>
              <FileRef uid="7" />
              <SequencePoints>
                <SequencePoint vc="1" uspid="79" ordinal="0" offset="0" sl="34" sc="9" el="34" ec="10" bec="0" bev="0" fileid="7" />
                <SequencePoint vc="1" uspid="80" ordinal="1" offset="1" sl="35" sc="13" el="35" ec="86" bec="0" bev="0" fileid="7" />
                <SequencePoint vc="1" uspid="81" ordinal="2" offset="24" sl="37" sc="13" el="37" ec="51" bec="0" bev="0" fileid="7" />
                <SequencePoint vc="1" uspid="82" ordinal="3" offset="39" sl="38" sc="13" el="38" ec="32" bec="2" bev="1" fileid="7" />
                <SequencePoint vc="1" uspid="83" ordinal="4" offset="60" sl="39" sc="17" el="39" ec="46" bec="0" bev="0" fileid="7" />
                <SequencePoint vc="1" uspid="84" ordinal="5" offset="83" sl="40" sc="9" el="40" ec="10" bec="0" bev="0" fileid="7" />
              </SequencePoints>
              <BranchPoints>
                <BranchPoint vc="1" uspid="85" ordinal="0" offset="58" sl="38" path="0" offsetend="60" fileid="7" />
                <BranchPoint vc="0" uspid="86" ordinal="1" offset="58" sl="38" path="1" offsetend="83" fileid="7" />
              </BranchPoints>
              <MethodPoint xsi:type="SequencePoint" vc="1" uspid="79" ordinal="0" offset="0" sl="34" sc="9" el="34" ec="10" bec="0" bev="0" fileid="7" />
            </Method>
            <Method visited="false" cyclomaticComplexity="1" nPathComplexity="0" sequenceCoverage="0" branchCoverage="0" crapScore="2" isConstructor="true" isStatic="false" isGetter="false" isSetter="false">
              <Summary numSequencePoints="0" visitedSequencePoints="0" numBranchPoints="0" visitedBranchPoints="0" sequenceCoverage="0" branchCoverage="0" maxCyclomaticComplexity="1" minCyclomaticComplexity="1" maxCrapScore="2" minCrapScore="2" visitedClasses="0" numClasses="0" visitedMethods="0" numMethods="0" />
              <MetadataToken>100663327</MetadataToken>
              <Name>System.Void exercicio2.Features.Emprestimo.Emprestimo::.ctor()</Name>
              <SequencePoints />
              <BranchPoints />
              <MethodPoint vc="0" uspid="87" ordinal="0" offset="0" />
            </Method>
          </Methods>
        </Class>
        <Class>
          <Summary numSequencePoints="0" visitedSequencePoints="0" numBranchPoints="0" visitedBranchPoints="0" sequenceCoverage="0" branchCoverage="0" maxCyclomaticComplexity="1" minCyclomaticComplexity="1" maxCrapScore="2" minCrapScore="2" visitedClasses="0" numClasses="0" visitedMethods="0" numMethods="0" />
          <FullName>exercicio2.Base.Entidade</FullName>
          <Methods>
            <Method skippedDueTo="AutoImplementedProperty" visited="false" cyclomaticComplexity="1" nPathComplexity="0" sequenceCoverage="0" branchCoverage="0" crapScore="0" isConstructor="false" isStatic="false" isGetter="true" isSetter="false">
              <MetadataToken>100663331</MetadataToken>
              <Name>System.Int64 exercicio2.Base.Entidade::get_Id()</Name>
              <FileRef uid="11" />
              <SequencePoints />
              <BranchPoints />
            </Method>
            <Method skippedDueTo="AutoImplementedProperty" visited="false" cyclomaticComplexity="1" nPathComplexity="0" sequenceCoverage="0" branchCoverage="0" crapScore="0" isConstructor="false" isStatic="false" isGetter="false" isSetter="true">
              <MetadataToken>100663332</MetadataToken>
              <Name>System.Void exercicio2.Base.Entidade::set_Id(System.Int64)</Name>
              <FileRef uid="11" />
              <SequencePoints />
              <BranchPoints />
            </Method>
            <Method visited="false" cyclomaticComplexity="1" nPathComplexity="0" sequenceCoverage="0" branchCoverage="0" crapScore="2" isConstructor="true" isStatic="false" isGetter="false" isSetter="false">
              <Summary numSequencePoints="0" visitedSequencePoints="0" numBranchPoints="0" visitedBranchPoints="0" sequenceCoverage="0" branchCoverage="0" maxCyclomaticComplexity="1" minCyclomaticComplexity="1" maxCrapScore="2" minCrapScore="2" visitedClasses="0" numClasses="0" visitedMethods="0" numMethods="0" />
              <MetadataToken>100663333</MetadataToken>
              <Name>System.Void exercicio2.Base.Entidade::.ctor()</Name>
              <SequencePoints />
              <BranchPoints />
              <MethodPoint vc="0" uspid="88" ordinal="0" offset="0" />
            </Method>
          </Methods>
        </Class>
      </Classes>
    </Module>
    <Module hash="BE-55-73-EC-BC-10-3D-9F-4B-32-BD-BC-EC-51-55-8F-EF-21-5F-12">
      <Summary numSequencePoints="50" visitedSequencePoints="50" numBranchPoints="16" visitedBranchPoints="16" sequenceCoverage="100" branchCoverage="100" maxCyclomaticComplexity="2" minCyclomaticComplexity="1" maxCrapScore="2" minCrapScore="1" visitedClasses="2" numClasses="2" visitedMethods="12" numMethods="12" />
      <ModulePath>C:\Users\Luiz Arndt\Desktop\NDD\Reforço\ExercicioNDDRefor-o2\exercicio2\Exercicio2.AplicacaoTeste\bin\Debug\exercicio2.Aplicacao.dll</ModulePath>
      <ModuleTime>2018-05-28T02:28:50.3322645Z</ModuleTime>
      <ModuleName>exercicio2.Aplicacao</ModuleName>
      <Files>
        <File uid="23" fullPath="C:\Users\Luiz Arndt\Desktop\NDD\Reforço\ExercicioNDDRefor-o2\exercicio2\exercicio2.Aplicacao\Features\Livros\LivroService.cs" />
        <File uid="24" fullPath="C:\Users\Luiz Arndt\Desktop\NDD\Reforço\ExercicioNDDRefor-o2\exercicio2\exercicio2.Aplicacao\Features\Emprestimos\EmprestimoService.cs" />
      </Files>
      <Classes>
        <Class>
          <Summary numSequencePoints="25" visitedSequencePoints="25" numBranchPoints="8" visitedBranchPoints="8" sequenceCoverage="100" branchCoverage="100" maxCyclomaticComplexity="2" minCyclomaticComplexity="1" maxCrapScore="2" minCrapScore="1" visitedClasses="1" numClasses="1" visitedMethods="6" numMethods="6" />
          <FullName>exercicio2.Aplicacao.Features.Livros.LivroService</FullName>
          <Methods>
            <Method visited="true" cyclomaticComplexity="1" nPathComplexity="0" sequenceCoverage="100" branchCoverage="100" crapScore="1" isConstructor="true" isStatic="false" isGetter="false" isSetter="false">
              <Summary numSequencePoints="4" visitedSequencePoints="4" numBranchPoints="1" visitedBranchPoints="1" sequenceCoverage="100" branchCoverage="100" maxCyclomaticComplexity="1" minCyclomaticComplexity="1" maxCrapScore="1" minCrapScore="1" visitedClasses="0" numClasses="0" visitedMethods="1" numMethods="1" />
              <MetadataToken>100663297</MetadataToken>
              <Name>System.Void exercicio2.Aplicacao.Features.Livros.LivroService::.ctor(exercicio2.Features.Livros.ILivroRepositorio)</Name>
              <FileRef uid="23" />
              <SequencePoints>
                <SequencePoint vc="15" uspid="89" ordinal="0" offset="0" sl="14" sc="9" el="14" ec="59" bec="0" bev="0" fileid="23" />
                <SequencePoint vc="15" uspid="90" ordinal="1" offset="7" sl="15" sc="9" el="15" ec="10" bec="0" bev="0" fileid="23" />
                <SequencePoint vc="15" uspid="91" ordinal="2" offset="8" sl="16" sc="13" el="16" ec="40" bec="0" bev="0" fileid="23" />
                <SequencePoint vc="15" uspid="92" ordinal="3" offset="15" sl="17" sc="9" el="17" ec="10" bec="0" bev="0" fileid="23" />
              </SequencePoints>
              <BranchPoints />
              <MethodPoint xsi:type="SequencePoint" vc="15" uspid="89" ordinal="0" offset="0" sl="14" sc="9" el="14" ec="59" bec="0" bev="0" fileid="23" />
            </Method>
            <Method visited="true" cyclomaticComplexity="1" nPathComplexity="0" sequenceCoverage="100" branchCoverage="100" crapScore="1" isConstructor="false" isStatic="false" isGetter="false" isSetter="false">
              <Summary numSequencePoints="4" visitedSequencePoints="4" numBranchPoints="1" visitedBranchPoints="1" sequenceCoverage="100" branchCoverage="100" maxCyclomaticComplexity="1" minCyclomaticComplexity="1" maxCrapScore="1" minCrapScore="1" visitedClasses="0" numClasses="0" visitedMethods="1" numMethods="1" />
              <MetadataToken>100663298</MetadataToken>
              <Name>exercicio2.Features.Livros.Livro exercicio2.Aplicacao.Features.Livros.LivroService::Adicionar(exercicio2.Features.Livros.Livro)</Name>
              <FileRef uid="23" />
              <SequencePoints>
                <SequencePoint vc="2" uspid="93" ordinal="0" offset="0" sl="19" sc="9" el="19" ec="10" bec="0" bev="0" fileid="23" />
                <SequencePoint vc="2" uspid="94" ordinal="1" offset="1" sl="21" sc="13" el="21" ec="57" bec="0" bev="0" fileid="23" />
                <SequencePoint vc="2" uspid="95" ordinal="2" offset="15" sl="22" sc="13" el="22" ec="29" bec="0" bev="0" fileid="23" />
                <SequencePoint vc="2" uspid="96" ordinal="3" offset="19" sl="23" sc="9" el="23" ec="10" bec="0" bev="0" fileid="23" />
              </SequencePoints>
              <BranchPoints />
              <MethodPoint xsi:type="SequencePoint" vc="2" uspid="93" ordinal="0" offset="0" sl="19" sc="9" el="19" ec="10" bec="0" bev="0" fileid="23" />
            </Method>
            <Method visited="true" cyclomaticComplexity="1" nPathComplexity="0" sequenceCoverage="100" branchCoverage="100" crapScore="1" isConstructor="false" isStatic="false" isGetter="false" isSetter="false">
              <Summary numSequencePoints="5" visitedSequencePoints="5" numBranchPoints="1" visitedBranchPoints="1" sequenceCoverage="100" branchCoverage="100" maxCyclomaticComplexity="1" minCyclomaticComplexity="1" maxCrapScore="1" minCrapScore="1" visitedClasses="0" numClasses="0" visitedMethods="1" numMethods="1" />
              <MetadataToken>100663299</MetadataToken>
              <Name>exercicio2.Features.Livros.Livro exercicio2.Aplicacao.Features.Livros.LivroService::Atualizar(exercicio2.Features.Livros.Livro)</Name>
              <FileRef uid="23" />
              <SequencePoints>
                <SequencePoint vc="3" uspid="97" ordinal="0" offset="0" sl="26" sc="9" el="26" ec="10" bec="0" bev="0" fileid="23" />
                <SequencePoint vc="3" uspid="98" ordinal="1" offset="1" sl="27" sc="13" el="27" ec="33" bec="0" bev="0" fileid="23" />
                <SequencePoint vc="1" uspid="99" ordinal="2" offset="8" sl="28" sc="13" el="28" ec="57" bec="0" bev="0" fileid="23" />
                <SequencePoint vc="1" uspid="100" ordinal="3" offset="22" sl="29" sc="13" el="29" ec="29" bec="0" bev="0" fileid="23" />
                <SequencePoint vc="1" uspid="101" ordinal="4" offset="26" sl="30" sc="9" el="30" ec="10" bec="0" bev="0" fileid="23" />
              </SequencePoints>
              <BranchPoints />
              <MethodPoint xsi:type="SequencePoint" vc="3" uspid="97" ordinal="0" offset="0" sl="26" sc="9" el="26" ec="10" bec="0" bev="0" fileid="23" />
            </Method>
            <Method visited="true" cyclomaticComplexity="2" nPathComplexity="2" sequenceCoverage="100" branchCoverage="100" crapScore="2" isConstructor="false" isStatic="false" isGetter="false" isSetter="false">
              <Summary numSequencePoints="5" visitedSequencePoints="5" numBranchPoints="3" visitedBranchPoints="3" sequenceCoverage="100" branchCoverage="100" maxCyclomaticComplexity="2" minCyclomaticComplexity="2" maxCrapScore="2" minCrapScore="2" visitedClasses="0" numClasses="0" visitedMethods="1" numMethods="1" />
              <MetadataToken>100663300</MetadataToken>
              <Name>exercicio2.Features.Livros.Livro exercicio2.Aplicacao.Features.Livros.LivroService::BuscarPorId(System.Int64)</Name>
              <FileRef uid="23" />
              <SequencePoints>
                <SequencePoint vc="5" uspid="102" ordinal="0" offset="0" sl="33" sc="9" el="33" ec="10" bec="0" bev="0" fileid="23" />
                <SequencePoint vc="5" uspid="103" ordinal="1" offset="1" sl="34" sc="13" el="34" ec="25" bec="2" bev="2" fileid="23" />
                <SequencePoint vc="3" uspid="104" ordinal="2" offset="10" sl="35" sc="17" el="35" ec="53" bec="0" bev="0" fileid="23" />
                <SequencePoint vc="2" uspid="105" ordinal="3" offset="25" sl="37" sc="17" el="37" ec="58" bec="0" bev="0" fileid="23" />
                <SequencePoint vc="3" uspid="106" ordinal="4" offset="31" sl="38" sc="9" el="38" ec="10" bec="0" bev="0" fileid="23" />
              </SequencePoints>
              <BranchPoints>
                <BranchPoint vc="3" uspid="107" ordinal="0" offset="8" sl="34" path="0" offsetend="10" fileid="23" />
                <BranchPoint vc="2" uspid="108" ordinal="1" offset="8" sl="34" path="1" offsetend="25" fileid="23" />
              </BranchPoints>
              <MethodPoint xsi:type="SequencePoint" vc="5" uspid="102" ordinal="0" offset="0" sl="33" sc="9" el="33" ec="10" bec="0" bev="0" fileid="23" />
            </Method>
            <Method visited="true" cyclomaticComplexity="1" nPathComplexity="0" sequenceCoverage="100" branchCoverage="100" crapScore="1" isConstructor="false" isStatic="false" isGetter="false" isSetter="false">
              <Summary numSequencePoints="3" visitedSequencePoints="3" numBranchPoints="1" visitedBranchPoints="1" sequenceCoverage="100" branchCoverage="100" maxCyclomaticComplexity="1" minCyclomaticComplexity="1" maxCrapScore="1" minCrapScore="1" visitedClasses="0" numClasses="0" visitedMethods="1" numMethods="1" />
              <MetadataToken>100663301</MetadataToken>
              <Name>System.Collections.Generic.IList`1&lt;exercicio2.Features.Livros.Livro&gt; exercicio2.Aplicacao.Features.Livros.LivroService::BuscarTodos()</Name>
              <FileRef uid="23" />
              <SequencePoints>
                <SequencePoint vc="5" uspid="109" ordinal="0" offset="0" sl="41" sc="9" el="41" ec="10" bec="0" bev="0" fileid="23" />
                <SequencePoint vc="5" uspid="110" ordinal="1" offset="1" sl="42" sc="13" el="42" ec="47" bec="0" bev="0" fileid="23" />
                <SequencePoint vc="5" uspid="111" ordinal="2" offset="15" sl="43" sc="9" el="43" ec="10" bec="0" bev="0" fileid="23" />
              </SequencePoints>
              <BranchPoints />
              <MethodPoint xsi:type="SequencePoint" vc="5" uspid="109" ordinal="0" offset="0" sl="41" sc="9" el="41" ec="10" bec="0" bev="0" fileid="23" />
            </Method>
            <Method visited="true" cyclomaticComplexity="1" nPathComplexity="0" sequenceCoverage="100" branchCoverage="100" crapScore="1" isConstructor="false" isStatic="false" isGetter="false" isSetter="false">
              <Summary numSequencePoints="4" visitedSequencePoints="4" numBranchPoints="1" visitedBranchPoints="1" sequenceCoverage="100" branchCoverage="100" maxCyclomaticComplexity="1" minCyclomaticComplexity="1" maxCrapScore="1" minCrapScore="1" visitedClasses="0" numClasses="0" visitedMethods="1" numMethods="1" />
              <MetadataToken>100663302</MetadataToken>
              <Name>System.Void exercicio2.Aplicacao.Features.Livros.LivroService::Deletar(exercicio2.Features.Livros.Livro)</Name>
              <FileRef uid="23" />
              <SequencePoints>
                <SequencePoint vc="4" uspid="112" ordinal="0" offset="0" sl="46" sc="9" el="46" ec="10" bec="0" bev="0" fileid="23" />
                <SequencePoint vc="4" uspid="113" ordinal="1" offset="1" sl="47" sc="13" el="47" ec="33" bec="0" bev="0" fileid="23" />
                <SequencePoint vc="2" uspid="114" ordinal="2" offset="8" sl="48" sc="13" el="48" ec="44" bec="0" bev="0" fileid="23" />
                <SequencePoint vc="2" uspid="115" ordinal="3" offset="21" sl="49" sc="9" el="49" ec="10" bec="0" bev="0" fileid="23" />
              </SequencePoints>
              <BranchPoints />
              <MethodPoint xsi:type="SequencePoint" vc="4" uspid="112" ordinal="0" offset="0" sl="46" sc="9" el="46" ec="10" bec="0" bev="0" fileid="23" />
            </Method>
          </Methods>
        </Class>
        <Class>
          <Summary numSequencePoints="25" visitedSequencePoints="25" numBranchPoints="8" visitedBranchPoints="8" sequenceCoverage="100" branchCoverage="100" maxCyclomaticComplexity="2" minCyclomaticComplexity="1" maxCrapScore="2" minCrapScore="1" visitedClasses="1" numClasses="1" visitedMethods="6" numMethods="6" />
          <FullName>exercicio2.Aplicacao.Features.Emprestimos.EmprestimoService</FullName>
          <Methods>
            <Method visited="true" cyclomaticComplexity="1" nPathComplexity="0" sequenceCoverage="100" branchCoverage="100" crapScore="1" isConstructor="true" isStatic="false" isGetter="false" isSetter="false">
              <Summary numSequencePoints="4" visitedSequencePoints="4" numBranchPoints="1" visitedBranchPoints="1" sequenceCoverage="100" branchCoverage="100" maxCyclomaticComplexity="1" minCyclomaticComplexity="1" maxCrapScore="1" minCrapScore="1" visitedClasses="0" numClasses="0" visitedMethods="1" numMethods="1" />
              <MetadataToken>100663303</MetadataToken>
              <Name>System.Void exercicio2.Aplicacao.Features.Emprestimos.EmprestimoService::.ctor(exercicio2.Features.Emprestimo.IEmprestimoRepositorio)</Name>
              <FileRef uid="24" />
              <SequencePoints>
                <SequencePoint vc="15" uspid="116" ordinal="0" offset="0" sl="15" sc="9" el="15" ec="69" bec="0" bev="0" fileid="24" />
                <SequencePoint vc="15" uspid="117" ordinal="1" offset="7" sl="16" sc="9" el="16" ec="10" bec="0" bev="0" fileid="24" />
                <SequencePoint vc="15" uspid="118" ordinal="2" offset="8" sl="17" sc="13" el="17" ec="40" bec="0" bev="0" fileid="24" />
                <SequencePoint vc="15" uspid="119" ordinal="3" offset="15" sl="18" sc="9" el="18" ec="10" bec="0" bev="0" fileid="24" />
              </SequencePoints>
              <BranchPoints />
              <MethodPoint xsi:type="SequencePoint" vc="15" uspid="116" ordinal="0" offset="0" sl="15" sc="9" el="15" ec="69" bec="0" bev="0" fileid="24" />
            </Method>
            <Method visited="true" cyclomaticComplexity="1" nPathComplexity="0" sequenceCoverage="100" branchCoverage="100" crapScore="1" isConstructor="false" isStatic="false" isGetter="false" isSetter="false">
              <Summary numSequencePoints="4" visitedSequencePoints="4" numBranchPoints="1" visitedBranchPoints="1" sequenceCoverage="100" branchCoverage="100" maxCyclomaticComplexity="1" minCyclomaticComplexity="1" maxCrapScore="1" minCrapScore="1" visitedClasses="0" numClasses="0" visitedMethods="1" numMethods="1" />
              <MetadataToken>100663304</MetadataToken>
              <Name>exercicio2.Features.Emprestimo.Emprestimo exercicio2.Aplicacao.Features.Emprestimos.EmprestimoService::Adicionar(exercicio2.Features.Emprestimo.Emprestimo)</Name>
              <FileRef uid="24" />
              <SequencePoints>
                <SequencePoint vc="2" uspid="120" ordinal="0" offset="0" sl="21" sc="9" el="21" ec="10" bec="0" bev="0" fileid="24" />
                <SequencePoint vc="2" uspid="121" ordinal="1" offset="1" sl="23" sc="13" el="23" ec="58" bec="0" bev="0" fileid="24" />
                <SequencePoint vc="2" uspid="122" ordinal="2" offset="15" sl="24" sc="13" el="24" ec="29" bec="0" bev="0" fileid="24" />
                <SequencePoint vc="2" uspid="123" ordinal="3" offset="19" sl="25" sc="9" el="25" ec="10" bec="0" bev="0" fileid="24" />
              </SequencePoints>
              <BranchPoints />
              <MethodPoint xsi:type="SequencePoint" vc="2" uspid="120" ordinal="0" offset="0" sl="21" sc="9" el="21" ec="10" bec="0" bev="0" fileid="24" />
            </Method>
            <Method visited="true" cyclomaticComplexity="1" nPathComplexity="0" sequenceCoverage="100" branchCoverage="100" crapScore="1" isConstructor="false" isStatic="false" isGetter="false" isSetter="false">
              <Summary numSequencePoints="5" visitedSequencePoints="5" numBranchPoints="1" visitedBranchPoints="1" sequenceCoverage="100" branchCoverage="100" maxCyclomaticComplexity="1" minCyclomaticComplexity="1" maxCrapScore="1" minCrapScore="1" visitedClasses="0" numClasses="0" visitedMethods="1" numMethods="1" />
              <MetadataToken>100663305</MetadataToken>
              <Name>exercicio2.Features.Emprestimo.Emprestimo exercicio2.Aplicacao.Features.Emprestimos.EmprestimoService::Atualizar(exercicio2.Features.Emprestimo.Emprestimo)</Name>
              <FileRef uid="24" />
              <SequencePoints>
                <SequencePoint vc="3" uspid="124" ordinal="0" offset="0" sl="28" sc="9" el="28" ec="10" bec="0" bev="0" fileid="24" />
                <SequencePoint vc="3" uspid="125" ordinal="1" offset="1" sl="29" sc="13" el="29" ec="33" bec="0" bev="0" fileid="24" />
                <SequencePoint vc="1" uspid="126" ordinal="2" offset="8" sl="30" sc="13" el="30" ec="57" bec="0" bev="0" fileid="24" />
                <SequencePoint vc="1" uspid="127" ordinal="3" offset="22" sl="31" sc="13" el="31" ec="29" bec="0" bev="0" fileid="24" />
                <SequencePoint vc="1" uspid="128" ordinal="4" offset="26" sl="32" sc="9" el="32" ec="10" bec="0" bev="0" fileid="24" />
              </SequencePoints>
              <BranchPoints />
              <MethodPoint xsi:type="SequencePoint" vc="3" uspid="124" ordinal="0" offset="0" sl="28" sc="9" el="28" ec="10" bec="0" bev="0" fileid="24" />
            </Method>
            <Method visited="true" cyclomaticComplexity="2" nPathComplexity="2" sequenceCoverage="100" branchCoverage="100" crapScore="2" isConstructor="false" isStatic="false" isGetter="false" isSetter="false">
              <Summary numSequencePoints="5" visitedSequencePoints="5" numBranchPoints="3" visitedBranchPoints="3" sequenceCoverage="100" branchCoverage="100" maxCyclomaticComplexity="2" minCyclomaticComplexity="2" maxCrapScore="2" minCrapScore="2" visitedClasses="0" numClasses="0" visitedMethods="1" numMethods="1" />
              <MetadataToken>100663306</MetadataToken>
              <Name>exercicio2.Features.Emprestimo.Emprestimo exercicio2.Aplicacao.Features.Emprestimos.EmprestimoService::BuscarPorId(System.Int64)</Name>
              <FileRef uid="24" />
              <SequencePoints>
                <SequencePoint vc="5" uspid="129" ordinal="0" offset="0" sl="35" sc="9" el="35" ec="10" bec="0" bev="0" fileid="24" />
                <SequencePoint vc="5" uspid="130" ordinal="1" offset="1" sl="36" sc="13" el="36" ec="25" bec="2" bev="2" fileid="24" />
                <SequencePoint vc="3" uspid="131" ordinal="2" offset="10" sl="37" sc="17" el="37" ec="53" bec="0" bev="0" fileid="24" />
                <SequencePoint vc="2" uspid="132" ordinal="3" offset="25" sl="39" sc="17" el="39" ec="58" bec="0" bev="0" fileid="24" />
                <SequencePoint vc="3" uspid="133" ordinal="4" offset="31" sl="40" sc="9" el="40" ec="10" bec="0" bev="0" fileid="24" />
              </SequencePoints>
              <BranchPoints>
                <BranchPoint vc="3" uspid="134" ordinal="0" offset="8" sl="36" path="0" offsetend="10" fileid="24" />
                <BranchPoint vc="2" uspid="135" ordinal="1" offset="8" sl="36" path="1" offsetend="25" fileid="24" />
              </BranchPoints>
              <MethodPoint xsi:type="SequencePoint" vc="5" uspid="129" ordinal="0" offset="0" sl="35" sc="9" el="35" ec="10" bec="0" bev="0" fileid="24" />
            </Method>
            <Method visited="true" cyclomaticComplexity="1" nPathComplexity="0" sequenceCoverage="100" branchCoverage="100" crapScore="1" isConstructor="false" isStatic="false" isGetter="false" isSetter="false">
              <Summary numSequencePoints="3" visitedSequencePoints="3" numBranchPoints="1" visitedBranchPoints="1" sequenceCoverage="100" branchCoverage="100" maxCyclomaticComplexity="1" minCyclomaticComplexity="1" maxCrapScore="1" minCrapScore="1" visitedClasses="0" numClasses="0" visitedMethods="1" numMethods="1" />
              <MetadataToken>100663307</MetadataToken>
              <Name>System.Collections.Generic.IList`1&lt;exercicio2.Features.Emprestimo.Emprestimo&gt; exercicio2.Aplicacao.Features.Emprestimos.EmprestimoService::BuscarTodos()</Name>
              <FileRef uid="24" />
              <SequencePoints>
                <SequencePoint vc="5" uspid="136" ordinal="0" offset="0" sl="43" sc="9" el="43" ec="10" bec="0" bev="0" fileid="24" />
                <SequencePoint vc="5" uspid="137" ordinal="1" offset="1" sl="44" sc="13" el="44" ec="47" bec="0" bev="0" fileid="24" />
                <SequencePoint vc="5" uspid="138" ordinal="2" offset="15" sl="45" sc="9" el="45" ec="10" bec="0" bev="0" fileid="24" />
              </SequencePoints>
              <BranchPoints />
              <MethodPoint xsi:type="SequencePoint" vc="5" uspid="136" ordinal="0" offset="0" sl="43" sc="9" el="43" ec="10" bec="0" bev="0" fileid="24" />
            </Method>
            <Method visited="true" cyclomaticComplexity="1" nPathComplexity="0" sequenceCoverage="100" branchCoverage="100" crapScore="1" isConstructor="false" isStatic="false" isGetter="false" isSetter="false">
              <Summary numSequencePoints="4" visitedSequencePoints="4" numBranchPoints="1" visitedBranchPoints="1" sequenceCoverage="100" branchCoverage="100" maxCyclomaticComplexity="1" minCyclomaticComplexity="1" maxCrapScore="1" minCrapScore="1" visitedClasses="0" numClasses="0" visitedMethods="1" numMethods="1" />
              <MetadataToken>100663308</MetadataToken>
              <Name>System.Void exercicio2.Aplicacao.Features.Emprestimos.EmprestimoService::Deletar(exercicio2.Features.Emprestimo.Emprestimo)</Name>
              <FileRef uid="24" />
              <SequencePoints>
                <SequencePoint vc="4" uspid="139" ordinal="0" offset="0" sl="48" sc="9" el="48" ec="10" bec="0" bev="0" fileid="24" />
                <SequencePoint vc="4" uspid="140" ordinal="1" offset="1" sl="49" sc="13" el="49" ec="33" bec="0" bev="0" fileid="24" />
                <SequencePoint vc="2" uspid="141" ordinal="2" offset="8" sl="50" sc="13" el="50" ec="44" bec="0" bev="0" fileid="24" />
                <SequencePoint vc="2" uspid="142" ordinal="3" offset="21" sl="51" sc="9" el="51" ec="10" bec="0" bev="0" fileid="24" />
              </SequencePoints>
              <BranchPoints />
              <MethodPoint xsi:type="SequencePoint" vc="4" uspid="139" ordinal="0" offset="0" sl="48" sc="9" el="48" ec="10" bec="0" bev="0" fileid="24" />
            </Method>
          </Methods>
        </Class>
      </Classes>
    </Module>
    <Module hash="84-12-E5-D3-39-BF-FA-A7-A6-6C-37-7E-B9-81-DD-99-E9-41-85-6B">
      <Summary numSequencePoints="56" visitedSequencePoints="56" numBranchPoints="17" visitedBranchPoints="17" sequenceCoverage="100" branchCoverage="100" maxCyclomaticComplexity="1" minCyclomaticComplexity="1" maxCrapScore="1" minCrapScore="1" visitedClasses="2" numClasses="2" visitedMethods="17" numMethods="17" />
      <ModulePath>C:\Users\Luiz Arndt\Desktop\NDD\Reforço\ExercicioNDDRefor-o2\exercicio2\Exercicio2.AplicacaoTeste\bin\Debug\Exercicio2.ComumTeste.dll</ModulePath>
      <ModuleTime>2018-05-28T02:22:03.8481901Z</ModuleTime>
      <ModuleName>Exercicio2.ComumTeste</ModuleName>
      <Files>
        <File uid="27" fullPath="C:\Users\Luiz Arndt\Desktop\NDD\Reforço\ExercicioNDDRefor-o2\exercicio2\Exercicio2.ComumTeste\Features\Emprestimos\ObjectMother.cs" />
        <File uid="28" fullPath="C:\Users\Luiz Arndt\Desktop\NDD\Reforço\ExercicioNDDRefor-o2\exercicio2\Exercicio2.ComumTeste\Features\Livros\ObjectMother.cs" />
        <File uid="29" fullPath="C:\Users\Luiz Arndt\Desktop\NDD\Reforço\ExercicioNDDRefor-o2\exercicio2\Exercicio2.ComumTeste\Base\BaseSqlTest.cs" />
      </Files>
      <Classes>
        <Class>
          <Summary numSequencePoints="48" visitedSequencePoints="48" numBranchPoints="16" visitedBranchPoints="16" sequenceCoverage="100" branchCoverage="100" maxCyclomaticComplexity="1" minCyclomaticComplexity="1" maxCrapScore="1" minCrapScore="1" visitedClasses="1" numClasses="1" visitedMethods="16" numMethods="16" />
          <FullName>Exercicio2.ComumTeste.ObjectMother</FullName>
          <Methods>
            <Method visited="true" cyclomaticComplexity="1" nPathComplexity="0" sequenceCoverage="100" branchCoverage="100" crapScore="1" isConstructor="false" isStatic="true" isGetter="false" isSetter="false">
              <Summary numSequencePoints="3" visitedSequencePoints="3" numBranchPoints="1" visitedBranchPoints="1" sequenceCoverage="100" branchCoverage="100" maxCyclomaticComplexity="1" minCyclomaticComplexity="1" maxCrapScore="1" minCrapScore="1" visitedClasses="0" numClasses="0" visitedMethods="1" numMethods="1" />
              <MetadataToken>100663297</MetadataToken>
              <Name>exercicio2.Features.Emprestimo.Emprestimo Exercicio2.ComumTeste.ObjectMother::ObterEmprestimoValido(System.Collections.Generic.IList`1&lt;exercicio2.Features.Livros.Livro&gt;)</Name>
              <FileRef uid="27" />
              <SequencePoints>
                <SequencePoint vc="24" uspid="143" ordinal="0" offset="0" sl="14" sc="9" el="14" ec="10" bec="0" bev="0" fileid="27" />
                <SequencePoint vc="24" uspid="144" ordinal="1" offset="1" sl="15" sc="13" el="22" ec="15" bec="0" bev="0" fileid="27" />
                <SequencePoint vc="24" uspid="145" ordinal="2" offset="88" sl="23" sc="9" el="23" ec="10" bec="0" bev="0" fileid="27" />
              </SequencePoints>
              <BranchPoints />
              <MethodPoint xsi:type="SequencePoint" vc="24" uspid="143" ordinal="0" offset="0" sl="14" sc="9" el="14" ec="10" bec="0" bev="0" fileid="27" />
            </Method>
            <Method visited="true" cyclomaticComplexity="1" nPathComplexity="0" sequenceCoverage="100" branchCoverage="100" crapScore="1" isConstructor="false" isStatic="true" isGetter="false" isSetter="false">
              <Summary numSequencePoints="3" visitedSequencePoints="3" numBranchPoints="1" visitedBranchPoints="1" sequenceCoverage="100" branchCoverage="100" maxCyclomaticComplexity="1" minCyclomaticComplexity="1" maxCrapScore="1" minCrapScore="1" visitedClasses="0" numClasses="0" visitedMethods="1" numMethods="1" />
              <MetadataToken>100663298</MetadataToken>
              <Name>exercicio2.Features.Emprestimo.Emprestimo Exercicio2.ComumTeste.ObjectMother::ObterEmprestimoInvalidoData()</Name>
              <FileRef uid="27" />
              <SequencePoints>
                <SequencePoint vc="1" uspid="146" ordinal="0" offset="0" sl="26" sc="9" el="26" ec="10" bec="0" bev="0" fileid="27" />
                <SequencePoint vc="1" uspid="147" ordinal="1" offset="1" sl="27" sc="13" el="34" ec="15" bec="0" bev="0" fileid="27" />
                <SequencePoint vc="1" uspid="148" ordinal="2" offset="70" sl="35" sc="9" el="35" ec="10" bec="0" bev="0" fileid="27" />
              </SequencePoints>
              <BranchPoints />
              <MethodPoint xsi:type="SequencePoint" vc="1" uspid="146" ordinal="0" offset="0" sl="26" sc="9" el="26" ec="10" bec="0" bev="0" fileid="27" />
            </Method>
            <Method visited="true" cyclomaticComplexity="1" nPathComplexity="0" sequenceCoverage="100" branchCoverage="100" crapScore="1" isConstructor="false" isStatic="true" isGetter="false" isSetter="false">
              <Summary numSequencePoints="3" visitedSequencePoints="3" numBranchPoints="1" visitedBranchPoints="1" sequenceCoverage="100" branchCoverage="100" maxCyclomaticComplexity="1" minCyclomaticComplexity="1" maxCrapScore="1" minCrapScore="1" visitedClasses="0" numClasses="0" visitedMethods="1" numMethods="1" />
              <MetadataToken>100663299</MetadataToken>
              <Name>exercicio2.Features.Emprestimo.Emprestimo Exercicio2.ComumTeste.ObjectMother::ObterEmprestimoInvalidoNome()</Name>
              <FileRef uid="27" />
              <SequencePoints>
                <SequencePoint vc="2" uspid="149" ordinal="0" offset="0" sl="37" sc="9" el="37" ec="10" bec="0" bev="0" fileid="27" />
                <SequencePoint vc="2" uspid="150" ordinal="1" offset="1" sl="38" sc="13" el="45" ec="15" bec="0" bev="0" fileid="27" />
                <SequencePoint vc="2" uspid="151" ordinal="2" offset="70" sl="46" sc="9" el="46" ec="10" bec="0" bev="0" fileid="27" />
              </SequencePoints>
              <BranchPoints />
              <MethodPoint xsi:type="SequencePoint" vc="2" uspid="149" ordinal="0" offset="0" sl="37" sc="9" el="37" ec="10" bec="0" bev="0" fileid="27" />
            </Method>
            <Method visited="true" cyclomaticComplexity="1" nPathComplexity="0" sequenceCoverage="100" branchCoverage="100" crapScore="1" isConstructor="false" isStatic="true" isGetter="false" isSetter="false">
              <Summary numSequencePoints="3" visitedSequencePoints="3" numBranchPoints="1" visitedBranchPoints="1" sequenceCoverage="100" branchCoverage="100" maxCyclomaticComplexity="1" minCyclomaticComplexity="1" maxCrapScore="1" minCrapScore="1" visitedClasses="0" numClasses="0" visitedMethods="1" numMethods="1" />
              <MetadataToken>100663300</MetadataToken>
              <Name>exercicio2.Features.Livros.Livro Exercicio2.ComumTeste.ObjectMother::ObterLivroValido()</Name>
              <FileRef uid="28" />
              <SequencePoints>
                <SequencePoint vc="36" uspid="152" ordinal="0" offset="0" sl="13" sc="9" el="13" ec="10" bec="0" bev="0" fileid="28" />
                <SequencePoint vc="36" uspid="153" ordinal="1" offset="1" sl="14" sc="13" el="23" ec="15" bec="0" bev="0" fileid="28" />
                <SequencePoint vc="36" uspid="154" ordinal="2" offset="87" sl="24" sc="9" el="24" ec="10" bec="0" bev="0" fileid="28" />
              </SequencePoints>
              <BranchPoints />
              <MethodPoint xsi:type="SequencePoint" vc="36" uspid="152" ordinal="0" offset="0" sl="13" sc="9" el="13" ec="10" bec="0" bev="0" fileid="28" />
            </Method>
            <Method visited="true" cyclomaticComplexity="1" nPathComplexity="0" sequenceCoverage="100" branchCoverage="100" crapScore="1" isConstructor="false" isStatic="true" isGetter="false" isSetter="false">
              <Summary numSequencePoints="3" visitedSequencePoints="3" numBranchPoints="1" visitedBranchPoints="1" sequenceCoverage="100" branchCoverage="100" maxCyclomaticComplexity="1" minCyclomaticComplexity="1" maxCrapScore="1" minCrapScore="1" visitedClasses="0" numClasses="0" visitedMethods="1" numMethods="1" />
              <MetadataToken>100663301</MetadataToken>
              <Name>exercicio2.Features.Livros.Livro Exercicio2.ComumTeste.ObjectMother::ObterLivroInvalidoTituloMinimoCaracter()</Name>
              <FileRef uid="28" />
              <SequencePoints>
                <SequencePoint vc="1" uspid="155" ordinal="0" offset="0" sl="27" sc="9" el="27" ec="10" bec="0" bev="0" fileid="28" />
                <SequencePoint vc="1" uspid="156" ordinal="1" offset="1" sl="28" sc="13" el="37" ec="15" bec="0" bev="0" fileid="28" />
                <SequencePoint vc="1" uspid="157" ordinal="2" offset="87" sl="38" sc="9" el="38" ec="10" bec="0" bev="0" fileid="28" />
              </SequencePoints>
              <BranchPoints />
              <MethodPoint xsi:type="SequencePoint" vc="1" uspid="155" ordinal="0" offset="0" sl="27" sc="9" el="27" ec="10" bec="0" bev="0" fileid="28" />
            </Method>
            <Method visited="true" cyclomaticComplexity="1" nPathComplexity="0" sequenceCoverage="100" branchCoverage="100" crapScore="1" isConstructor="false" isStatic="true" isGetter="false" isSetter="false">
              <Summary numSequencePoints="3" visitedSequencePoints="3" numBranchPoints="1" visitedBranchPoints="1" sequenceCoverage="100" branchCoverage="100" maxCyclomaticComplexity="1" minCyclomaticComplexity="1" maxCrapScore="1" minCrapScore="1" visitedClasses="0" numClasses="0" visitedMethods="1" numMethods="1" />
              <MetadataToken>100663302</MetadataToken>
              <Name>exercicio2.Features.Livros.Livro Exercicio2.ComumTeste.ObjectMother::ObterLivroInvalidoTituloMaximoCaracter()</Name>
              <FileRef uid="28" />
              <SequencePoints>
                <SequencePoint vc="1" uspid="158" ordinal="0" offset="0" sl="40" sc="9" el="40" ec="10" bec="0" bev="0" fileid="28" />
                <SequencePoint vc="1" uspid="159" ordinal="1" offset="1" sl="41" sc="13" el="50" ec="15" bec="0" bev="0" fileid="28" />
                <SequencePoint vc="1" uspid="160" ordinal="2" offset="87" sl="51" sc="9" el="51" ec="10" bec="0" bev="0" fileid="28" />
              </SequencePoints>
              <BranchPoints />
              <MethodPoint xsi:type="SequencePoint" vc="1" uspid="158" ordinal="0" offset="0" sl="40" sc="9" el="40" ec="10" bec="0" bev="0" fileid="28" />
            </Method>
            <Method visited="true" cyclomaticComplexity="1" nPathComplexity="0" sequenceCoverage="100" branchCoverage="100" crapScore="1" isConstructor="false" isStatic="true" isGetter="false" isSetter="false">
              <Summary numSequencePoints="3" visitedSequencePoints="3" numBranchPoints="1" visitedBranchPoints="1" sequenceCoverage="100" branchCoverage="100" maxCyclomaticComplexity="1" minCyclomaticComplexity="1" maxCrapScore="1" minCrapScore="1" visitedClasses="0" numClasses="0" visitedMethods="1" numMethods="1" />
              <MetadataToken>100663303</MetadataToken>
              <Name>exercicio2.Features.Livros.Livro Exercicio2.ComumTeste.ObjectMother::ObterLivroInvalidoTituloVazio()</Name>
              <FileRef uid="28" />
              <SequencePoints>
                <SequencePoint vc="1" uspid="161" ordinal="0" offset="0" sl="53" sc="9" el="53" ec="10" bec="0" bev="0" fileid="28" />
                <SequencePoint vc="1" uspid="162" ordinal="1" offset="1" sl="54" sc="13" el="63" ec="15" bec="0" bev="0" fileid="28" />
                <SequencePoint vc="1" uspid="163" ordinal="2" offset="87" sl="64" sc="9" el="64" ec="10" bec="0" bev="0" fileid="28" />
              </SequencePoints>
              <BranchPoints />
              <MethodPoint xsi:type="SequencePoint" vc="1" uspid="161" ordinal="0" offset="0" sl="53" sc="9" el="53" ec="10" bec="0" bev="0" fileid="28" />
            </Method>
            <Method visited="true" cyclomaticComplexity="1" nPathComplexity="0" sequenceCoverage="100" branchCoverage="100" crapScore="1" isConstructor="false" isStatic="true" isGetter="false" isSetter="false">
              <Summary numSequencePoints="3" visitedSequencePoints="3" numBranchPoints="1" visitedBranchPoints="1" sequenceCoverage="100" branchCoverage="100" maxCyclomaticComplexity="1" minCyclomaticComplexity="1" maxCrapScore="1" minCrapScore="1" visitedClasses="0" numClasses="0" visitedMethods="1" numMethods="1" />
              <MetadataToken>100663304</MetadataToken>
              <Name>exercicio2.Features.Livros.Livro Exercicio2.ComumTeste.ObjectMother::ObterLivroInvalidoTemaMinimoCaracter()</Name>
              <FileRef uid="28" />
              <SequencePoints>
                <SequencePoint vc="1" uspid="164" ordinal="0" offset="0" sl="66" sc="9" el="66" ec="10" bec="0" bev="0" fileid="28" />
                <SequencePoint vc="1" uspid="165" ordinal="1" offset="1" sl="67" sc="13" el="76" ec="15" bec="0" bev="0" fileid="28" />
                <SequencePoint vc="1" uspid="166" ordinal="2" offset="87" sl="77" sc="9" el="77" ec="10" bec="0" bev="0" fileid="28" />
              </SequencePoints>
              <BranchPoints />
              <MethodPoint xsi:type="SequencePoint" vc="1" uspid="164" ordinal="0" offset="0" sl="66" sc="9" el="66" ec="10" bec="0" bev="0" fileid="28" />
            </Method>
            <Method visited="true" cyclomaticComplexity="1" nPathComplexity="0" sequenceCoverage="100" branchCoverage="100" crapScore="1" isConstructor="false" isStatic="true" isGetter="false" isSetter="false">
              <Summary numSequencePoints="3" visitedSequencePoints="3" numBranchPoints="1" visitedBranchPoints="1" sequenceCoverage="100" branchCoverage="100" maxCyclomaticComplexity="1" minCyclomaticComplexity="1" maxCrapScore="1" minCrapScore="1" visitedClasses="0" numClasses="0" visitedMethods="1" numMethods="1" />
              <MetadataToken>100663305</MetadataToken>
              <Name>exercicio2.Features.Livros.Livro Exercicio2.ComumTeste.ObjectMother::ObterLivroInvalidoTemaMaximoCaracter()</Name>
              <FileRef uid="28" />
              <SequencePoints>
                <SequencePoint vc="1" uspid="167" ordinal="0" offset="0" sl="79" sc="9" el="79" ec="10" bec="0" bev="0" fileid="28" />
                <SequencePoint vc="1" uspid="168" ordinal="1" offset="1" sl="80" sc="13" el="89" ec="15" bec="0" bev="0" fileid="28" />
                <SequencePoint vc="1" uspid="169" ordinal="2" offset="87" sl="90" sc="9" el="90" ec="10" bec="0" bev="0" fileid="28" />
              </SequencePoints>
              <BranchPoints />
              <MethodPoint xsi:type="SequencePoint" vc="1" uspid="167" ordinal="0" offset="0" sl="79" sc="9" el="79" ec="10" bec="0" bev="0" fileid="28" />
            </Method>
            <Method visited="true" cyclomaticComplexity="1" nPathComplexity="0" sequenceCoverage="100" branchCoverage="100" crapScore="1" isConstructor="false" isStatic="true" isGetter="false" isSetter="false">
              <Summary numSequencePoints="3" visitedSequencePoints="3" numBranchPoints="1" visitedBranchPoints="1" sequenceCoverage="100" branchCoverage="100" maxCyclomaticComplexity="1" minCyclomaticComplexity="1" maxCrapScore="1" minCrapScore="1" visitedClasses="0" numClasses="0" visitedMethods="1" numMethods="1" />
              <MetadataToken>100663306</MetadataToken>
              <Name>exercicio2.Features.Livros.Livro Exercicio2.ComumTeste.ObjectMother::ObterLivroInvalidoTemaVazio()</Name>
              <FileRef uid="28" />
              <SequencePoints>
                <SequencePoint vc="1" uspid="170" ordinal="0" offset="0" sl="92" sc="9" el="92" ec="10" bec="0" bev="0" fileid="28" />
                <SequencePoint vc="1" uspid="171" ordinal="1" offset="1" sl="93" sc="13" el="102" ec="15" bec="0" bev="0" fileid="28" />
                <SequencePoint vc="1" uspid="172" ordinal="2" offset="87" sl="103" sc="9" el="103" ec="10" bec="0" bev="0" fileid="28" />
              </SequencePoints>
              <BranchPoints />
              <MethodPoint xsi:type="SequencePoint" vc="1" uspid="170" ordinal="0" offset="0" sl="92" sc="9" el="92" ec="10" bec="0" bev="0" fileid="28" />
            </Method>
            <Method visited="true" cyclomaticComplexity="1" nPathComplexity="0" sequenceCoverage="100" branchCoverage="100" crapScore="1" isConstructor="false" isStatic="true" isGetter="false" isSetter="false">
              <Summary numSequencePoints="3" visitedSequencePoints="3" numBranchPoints="1" visitedBranchPoints="1" sequenceCoverage="100" branchCoverage="100" maxCyclomaticComplexity="1" minCyclomaticComplexity="1" maxCrapScore="1" minCrapScore="1" visitedClasses="0" numClasses="0" visitedMethods="1" numMethods="1" />
              <MetadataToken>100663307</MetadataToken>
              <Name>exercicio2.Features.Livros.Livro Exercicio2.ComumTeste.ObjectMother::ObterLivroInvalidoAutorMinimoCaracter()</Name>
              <FileRef uid="28" />
              <SequencePoints>
                <SequencePoint vc="1" uspid="173" ordinal="0" offset="0" sl="105" sc="9" el="105" ec="10" bec="0" bev="0" fileid="28" />
                <SequencePoint vc="1" uspid="174" ordinal="1" offset="1" sl="106" sc="13" el="115" ec="15" bec="0" bev="0" fileid="28" />
                <SequencePoint vc="1" uspid="175" ordinal="2" offset="87" sl="116" sc="9" el="116" ec="10" bec="0" bev="0" fileid="28" />
              </SequencePoints>
              <BranchPoints />
              <MethodPoint xsi:type="SequencePoint" vc="1" uspid="173" ordinal="0" offset="0" sl="105" sc="9" el="105" ec="10" bec="0" bev="0" fileid="28" />
            </Method>
            <Method visited="true" cyclomaticComplexity="1" nPathComplexity="0" sequenceCoverage="100" branchCoverage="100" crapScore="1" isConstructor="false" isStatic="true" isGetter="false" isSetter="false">
              <Summary numSequencePoints="3" visitedSequencePoints="3" numBranchPoints="1" visitedBranchPoints="1" sequenceCoverage="100" branchCoverage="100" maxCyclomaticComplexity="1" minCyclomaticComplexity="1" maxCrapScore="1" minCrapScore="1" visitedClasses="0" numClasses="0" visitedMethods="1" numMethods="1" />
              <MetadataToken>100663308</MetadataToken>
              <Name>exercicio2.Features.Livros.Livro Exercicio2.ComumTeste.ObjectMother::ObterLivroInvalidoAutorMaximoCaracter()</Name>
              <FileRef uid="28" />
              <SequencePoints>
                <SequencePoint vc="1" uspid="176" ordinal="0" offset="0" sl="118" sc="9" el="118" ec="10" bec="0" bev="0" fileid="28" />
                <SequencePoint vc="1" uspid="177" ordinal="1" offset="1" sl="119" sc="13" el="128" ec="15" bec="0" bev="0" fileid="28" />
                <SequencePoint vc="1" uspid="178" ordinal="2" offset="87" sl="129" sc="9" el="129" ec="10" bec="0" bev="0" fileid="28" />
              </SequencePoints>
              <BranchPoints />
              <MethodPoint xsi:type="SequencePoint" vc="1" uspid="176" ordinal="0" offset="0" sl="118" sc="9" el="118" ec="10" bec="0" bev="0" fileid="28" />
            </Method>
            <Method visited="true" cyclomaticComplexity="1" nPathComplexity="0" sequenceCoverage="100" branchCoverage="100" crapScore="1" isConstructor="false" isStatic="true" isGetter="false" isSetter="false">
              <Summary numSequencePoints="3" visitedSequencePoints="3" numBranchPoints="1" visitedBranchPoints="1" sequenceCoverage="100" branchCoverage="100" maxCyclomaticComplexity="1" minCyclomaticComplexity="1" maxCrapScore="1" minCrapScore="1" visitedClasses="0" numClasses="0" visitedMethods="1" numMethods="1" />
              <MetadataToken>100663309</MetadataToken>
              <Name>exercicio2.Features.Livros.Livro Exercicio2.ComumTeste.ObjectMother::ObterLivroInvalidoAutorZerado()</Name>
              <FileRef uid="28" />
              <SequencePoints>
                <SequencePoint vc="1" uspid="179" ordinal="0" offset="0" sl="131" sc="9" el="131" ec="10" bec="0" bev="0" fileid="28" />
                <SequencePoint vc="1" uspid="180" ordinal="1" offset="1" sl="132" sc="13" el="141" ec="15" bec="0" bev="0" fileid="28" />
                <SequencePoint vc="1" uspid="181" ordinal="2" offset="87" sl="142" sc="9" el="142" ec="10" bec="0" bev="0" fileid="28" />
              </SequencePoints>
              <BranchPoints />
              <MethodPoint xsi:type="SequencePoint" vc="1" uspid="179" ordinal="0" offset="0" sl="131" sc="9" el="131" ec="10" bec="0" bev="0" fileid="28" />
            </Method>
            <Method visited="true" cyclomaticComplexity="1" nPathComplexity="0" sequenceCoverage="100" branchCoverage="100" crapScore="1" isConstructor="false" isStatic="true" isGetter="false" isSetter="false">
              <Summary numSequencePoints="3" visitedSequencePoints="3" numBranchPoints="1" visitedBranchPoints="1" sequenceCoverage="100" branchCoverage="100" maxCyclomaticComplexity="1" minCyclomaticComplexity="1" maxCrapScore="1" minCrapScore="1" visitedClasses="0" numClasses="0" visitedMethods="1" numMethods="1" />
              <MetadataToken>100663310</MetadataToken>
              <Name>exercicio2.Features.Livros.Livro Exercicio2.ComumTeste.ObjectMother::ObterLivroInvalidoId()</Name>
              <FileRef uid="28" />
              <SequencePoints>
                <SequencePoint vc="1" uspid="182" ordinal="0" offset="0" sl="144" sc="9" el="144" ec="10" bec="0" bev="0" fileid="28" />
                <SequencePoint vc="1" uspid="183" ordinal="1" offset="1" sl="145" sc="13" el="154" ec="15" bec="0" bev="0" fileid="28" />
                <SequencePoint vc="1" uspid="184" ordinal="2" offset="87" sl="155" sc="9" el="155" ec="10" bec="0" bev="0" fileid="28" />
              </SequencePoints>
              <BranchPoints />
              <MethodPoint xsi:type="SequencePoint" vc="1" uspid="182" ordinal="0" offset="0" sl="144" sc="9" el="144" ec="10" bec="0" bev="0" fileid="28" />
            </Method>
            <Method visited="true" cyclomaticComplexity="1" nPathComplexity="0" sequenceCoverage="100" branchCoverage="100" crapScore="1" isConstructor="false" isStatic="true" isGetter="false" isSetter="false">
              <Summary numSequencePoints="3" visitedSequencePoints="3" numBranchPoints="1" visitedBranchPoints="1" sequenceCoverage="100" branchCoverage="100" maxCyclomaticComplexity="1" minCyclomaticComplexity="1" maxCrapScore="1" minCrapScore="1" visitedClasses="0" numClasses="0" visitedMethods="1" numMethods="1" />
              <MetadataToken>100663311</MetadataToken>
              <Name>exercicio2.Features.Livros.Livro Exercicio2.ComumTeste.ObjectMother::ObterLivroInvalidoDataNulla()</Name>
              <FileRef uid="28" />
              <SequencePoints>
                <SequencePoint vc="1" uspid="185" ordinal="0" offset="0" sl="157" sc="9" el="157" ec="10" bec="0" bev="0" fileid="28" />
                <SequencePoint vc="1" uspid="186" ordinal="1" offset="1" sl="158" sc="13" el="167" ec="15" bec="0" bev="0" fileid="28" />
                <SequencePoint vc="1" uspid="187" ordinal="2" offset="86" sl="168" sc="9" el="168" ec="10" bec="0" bev="0" fileid="28" />
              </SequencePoints>
              <BranchPoints />
              <MethodPoint xsi:type="SequencePoint" vc="1" uspid="185" ordinal="0" offset="0" sl="157" sc="9" el="157" ec="10" bec="0" bev="0" fileid="28" />
            </Method>
            <Method visited="true" cyclomaticComplexity="1" nPathComplexity="0" sequenceCoverage="100" branchCoverage="100" crapScore="1" isConstructor="false" isStatic="true" isGetter="false" isSetter="false">
              <Summary numSequencePoints="3" visitedSequencePoints="3" numBranchPoints="1" visitedBranchPoints="1" sequenceCoverage="100" branchCoverage="100" maxCyclomaticComplexity="1" minCyclomaticComplexity="1" maxCrapScore="1" minCrapScore="1" visitedClasses="0" numClasses="0" visitedMethods="1" numMethods="1" />
              <MetadataToken>100663312</MetadataToken>
              <Name>exercicio2.Features.Livros.Livro Exercicio2.ComumTeste.ObjectMother::ObterLivroInvalidoVolumeZerado()</Name>
              <FileRef uid="28" />
              <SequencePoints>
                <SequencePoint vc="1" uspid="188" ordinal="0" offset="0" sl="170" sc="9" el="170" ec="10" bec="0" bev="0" fileid="28" />
                <SequencePoint vc="1" uspid="189" ordinal="1" offset="1" sl="171" sc="13" el="180" ec="15" bec="0" bev="0" fileid="28" />
                <SequencePoint vc="1" uspid="190" ordinal="2" offset="86" sl="181" sc="9" el="181" ec="10" bec="0" bev="0" fileid="28" />
              </SequencePoints>
              <BranchPoints />
              <MethodPoint xsi:type="SequencePoint" vc="1" uspid="188" ordinal="0" offset="0" sl="170" sc="9" el="170" ec="10" bec="0" bev="0" fileid="28" />
            </Method>
          </Methods>
        </Class>
        <Class>
          <Summary numSequencePoints="8" visitedSequencePoints="8" numBranchPoints="1" visitedBranchPoints="1" sequenceCoverage="100" branchCoverage="100" maxCyclomaticComplexity="1" minCyclomaticComplexity="1" maxCrapScore="1" minCrapScore="1" visitedClasses="1" numClasses="1" visitedMethods="1" numMethods="1" />
          <FullName>Exercicio2.ComumTeste.Base.BaseSqlTest</FullName>
          <Methods>
            <Method visited="true" cyclomaticComplexity="1" nPathComplexity="0" sequenceCoverage="100" branchCoverage="100" crapScore="1" isConstructor="false" isStatic="true" isGetter="false" isSetter="false">
              <Summary numSequencePoints="8" visitedSequencePoints="8" numBranchPoints="1" visitedBranchPoints="1" sequenceCoverage="100" branchCoverage="100" maxCyclomaticComplexity="1" minCyclomaticComplexity="1" maxCrapScore="1" minCrapScore="1" visitedClasses="0" numClasses="0" visitedMethods="1" numMethods="1" />
              <MetadataToken>100663313</MetadataToken>
              <Name>System.Void Exercicio2.ComumTeste.Base.BaseSqlTest::SeedDatabase()</Name>
              <FileRef uid="29" />
              <SequencePoints>
                <SequencePoint vc="28" uspid="191" ordinal="0" offset="0" sl="19" sc="9" el="19" ec="10" bec="0" bev="0" fileid="29" />
                <SequencePoint vc="28" uspid="192" ordinal="1" offset="1" sl="20" sc="13" el="20" ec="43" bec="0" bev="0" fileid="29" />
[...]
          <FullName>exercicio2.Infra.Data.Features.Emprestimos.EmprestimoSqlRepositorio</FullName>
          <Methods>
            <Method visited="true" cyclomaticComplexity="3" nPathComplexity="0" sequenceCoverage="100" branchCoverage="100" crapScore="3" isConstructor="false" isStatic="false" isGetter="false" isSetter="false">
              <Summary numSequencePoints="11" visitedSequencePoints="11" numBranchPoints="1" visitedBranchPoints="1" sequenceCoverage="100" branchCoverage="100" maxCyclomaticComplexity="3" minCyclomaticComplexity="3" maxCrapScore="3" minCrapScore="3" visitedClasses="0" numClasses="0" visitedMethods="1" numMethods="1" />
              <MetadataToken>100663305</MetadataToken>
              <Name>exercicio2.Features.Emprestimo.Emprestimo exercicio2.Infra.Data.Features.Emprestimos.EmprestimoSqlRepositorio::Adicionar(exercicio2.Features.Emprestimo.Emprestimo)</Name>
              <FileRef uid="35" />
              <SequencePoints>
                <SequencePoint vc="2" uspid="226" ordinal="0" offset="0" sl="27" sc="9" el="27" ec="10" bec="0" bev="0" fileid="35" />
                <SequencePoint vc="2" uspid="227" ordinal="1" offset="1" sl="28" sc="13" el="28" ec="64" bec="0" bev="0" fileid="35" />
                <SequencePoint vc="2" uspid="228" ordinal="2" offset="25" sl="29" sc="13" el="29" ec="20" bec="0" bev="0" fileid="35" />
                <SequencePoint vc="2" uspid="229" ordinal="3" offset="26" sl="29" sc="34" el="29" ec="49" bec="0" bev="0" fileid="35" />
                <SequencePoint vc="2" uspid="230" ordinal="4" offset="40" sl="29" sc="22" el="29" ec="30" bec="0" bev="0" fileid="35" />
                <SequencePoint vc="2" uspid="231" ordinal="5" offset="47" sl="30" sc="13" el="30" ec="14" bec="0" bev="0" fileid="35" />
                <SequencePoint vc="2" uspid="232" ordinal="6" offset="48" sl="31" sc="17" el="31" ec="80" bec="0" bev="0" fileid="35" />
                <SequencePoint vc="2" uspid="233" ordinal="7" offset="67" sl="32" sc="13" el="32" ec="14" bec="0" bev="0" fileid="35" />
                <SequencePoint vc="4" uspid="234" ordinal="8" offset="68" sl="29" sc="31" el="29" ec="33" bec="0" bev="0" fileid="35" />
                <SequencePoint vc="2" uspid="235" ordinal="9" offset="89" sl="33" sc="13" el="33" ec="29" bec="0" bev="0" fileid="35" />
                <SequencePoint vc="2" uspid="236" ordinal="10" offset="93" sl="34" sc="9" el="34" ec="10" bec="0" bev="0" fileid="35" />
              </SequencePoints>
              <BranchPoints />
              <MethodPoint xsi:type="SequencePoint" vc="2" uspid="226" ordinal="0" offset="0" sl="27" sc="9" el="27" ec="10" bec="0" bev="0" fileid="35" />
            </Method>
            <Method visited="true" cyclomaticComplexity="1" nPathComplexity="0" sequenceCoverage="100" branchCoverage="100" crapScore="1" isConstructor="false" isStatic="false" isGetter="false" isSetter="false">
              <Summary numSequencePoints="5" visitedSequencePoints="5" numBranchPoints="1" visitedBranchPoints="1" sequenceCoverage="100" branchCoverage="100" maxCyclomaticComplexity="1" minCyclomaticComplexity="1" maxCrapScore="1" minCrapScore="1" visitedClasses="0" numClasses="0" visitedMethods="1" numMethods="1" />
              <MetadataToken>100663306</MetadataToken>
              <Name>exercicio2.Features.Emprestimo.Emprestimo exercicio2.Infra.Data.Features.Emprestimos.EmprestimoSqlRepositorio::Atualizar(exercicio2.Features.Emprestimo.Emprestimo)</Name>
              <FileRef uid="35" />
              <SequencePoints>
                <SequencePoint vc="1" uspid="239" ordinal="0" offset="0" sl="37" sc="9" el="37" ec="10" bec="0" bev="0" fileid="35" />
                <SequencePoint vc="1" uspid="240" ordinal="1" offset="1" sl="38" sc="13" el="38" ec="33" bec="0" bev="0" fileid="35" />
                <SequencePoint vc="1" uspid="241" ordinal="2" offset="8" sl="39" sc="13" el="39" ec="50" bec="0" bev="0" fileid="35" />
                <SequencePoint vc="1" uspid="242" ordinal="3" offset="26" sl="40" sc="13" el="40" ec="29" bec="0" bev="0" fileid="35" />
                <SequencePoint vc="1" uspid="243" ordinal="4" offset="30" sl="41" sc="9" el="41" ec="10" bec="0" bev="0" fileid="35" />
              </SequencePoints>
              <BranchPoints />
              <MethodPoint xsi:type="SequencePoint" vc="1" uspid="239" ordinal="0" offset="0" sl="37" sc="9" el="37" ec="10" bec="0" bev="0" fileid="35" />
            </Method>
            <Method visited="true" cyclomaticComplexity="1" nPathComplexity="0" sequenceCoverage="100" branchCoverage="100" crapScore="1" isConstructor="false" isStatic="false" isGetter="false" isSetter="false">
              <Summary numSequencePoints="3" visitedSequencePoints="3" numBranchPoints="1" visitedBranchPoints="1" sequenceCoverage="100" branchCoverage="100" maxCyclomaticComplexity="1" minCyclomaticComplexity="1" maxCrapScore="1" minCrapScore="1" visitedClasses="0" numClasses="0" visitedMethods="1" numMethods="1" />
              <MetadataToken>100663307</MetadataToken>
              <Name>System.Collections.Generic.IList`1&lt;exercicio2.Features.Emprestimo.Emprestimo&gt; exercicio2.Infra.Data.Features.Emprestimos.EmprestimoSqlRepositorio::BuscarTodos()</Name>
              <FileRef uid="35" />
              <SequencePoints>
                <SequencePoint vc="5" uspid="244" ordinal="0" offset="0" sl="43" sc="9" el="43" ec="10" bec="0" bev="0" fileid="35" />
                <SequencePoint vc="5" uspid="245" ordinal="1" offset="1" sl="44" sc="12" el="44" ec="46" bec="0" bev="0" fileid="35" />
                <SequencePoint vc="5" uspid="246" ordinal="2" offset="20" sl="45" sc="9" el="45" ec="10" bec="0" bev="0" fileid="35" />
              </SequencePoints>
              <BranchPoints />
              <MethodPoint xsi:type="SequencePoint" vc="5" uspid="244" ordinal="0" offset="0" sl="43" sc="9" el="43" ec="10" bec="0" bev="0" fileid="35" />
            </Method>
            <Method visited="true" cyclomaticComplexity="4" nPathComplexity="2" sequenceCoverage="100" branchCoverage="66.67" crapScore="4" isConstructor="false" isStatic="false" isGetter="false" isSetter="false">
              <Summary numSequencePoints="14" visitedSequencePoints="14" numBranchPoints="3" visitedBranchPoints="2" sequenceCoverage="100" branchCoverage="66.67" maxCyclomaticComplexity="4" minCyclomaticComplexity="4" maxCrapScore="4" minCrapScore="4" visitedClasses="0" numClasses="0" visitedMethods="1" numMethods="1" />
              <MetadataToken>100663308</MetadataToken>
              <Name>System.Void exercicio2.Infra.Data.Features.Emprestimos.EmprestimoSqlRepositorio::Deletar(exercicio2.Features.Emprestimo.Emprestimo)</Name>
              <FileRef uid="35" />
              <SequencePoints>
                <SequencePoint vc="3" uspid="247" ordinal="0" offset="0" sl="48" sc="9" el="48" ec="10" bec="0" bev="0" fileid="35" />
                <SequencePoint vc="3" uspid="248" ordinal="1" offset="1" sl="49" sc="13" el="49" ec="33" bec="0" bev="0" fileid="35" />
                <SequencePoint vc="2" uspid="249" ordinal="2" offset="8" sl="50" sc="13" el="50" ec="44" bec="2" bev="1" fileid="35" />
                <SequencePoint vc="2" uspid="250" ordinal="3" offset="29" sl="51" sc="13" el="51" ec="14" bec="0" bev="0" fileid="35" />
                <SequencePoint vc="2" uspid="251" ordinal="4" offset="30" sl="52" sc="17" el="52" ec="24" bec="0" bev="0" fileid="35" />
                <SequencePoint vc="2" uspid="252" ordinal="5" offset="31" sl="52" sc="38" el="52" ec="53" bec="0" bev="0" fileid="35" />
                <SequencePoint vc="2" uspid="253" ordinal="6" offset="45" sl="52" sc="26" el="52" ec="34" bec="0" bev="0" fileid="35" />
                <SequencePoint vc="2" uspid="254" ordinal="7" offset="52" sl="53" sc="17" el="53" ec="18" bec="0" bev="0" fileid="35" />
                <SequencePoint vc="2" uspid="255" ordinal="8" offset="53" sl="54" sc="21" el="54" ec="84" bec="0" bev="0" fileid="35" />
                <SequencePoint vc="2" uspid="256" ordinal="9" offset="72" sl="55" sc="17" el="55" ec="18" bec="0" bev="0" fileid="35" />
                <SequencePoint vc="4" uspid="257" ordinal="10" offset="73" sl="52" sc="35" el="52" ec="37" bec="0" bev="0" fileid="35" />
                <SequencePoint vc="2" uspid="258" ordinal="11" offset="94" sl="56" sc="13" el="56" ec="14" bec="0" bev="0" fileid="35" />
                <SequencePoint vc="2" uspid="259" ordinal="12" offset="95" sl="57" sc="13" el="57" ec="50" bec="0" bev="0" fileid="35" />
                <SequencePoint vc="2" uspid="260" ordinal="13" offset="113" sl="58" sc="9" el="58" ec="10" bec="0" bev="0" fileid="35" />
              </SequencePoints>
              <BranchPoints>
                <BranchPoint vc="2" uspid="261" ordinal="0" offset="27" sl="50" path="0" offsetend="29" fileid="35" />
                <BranchPoint vc="0" uspid="262" ordinal="1" offset="27" sl="50" path="1" offsetend="95" fileid="35" />
              </BranchPoints>
              <MethodPoint xsi:type="SequencePoint" vc="3" uspid="247" ordinal="0" offset="0" sl="48" sc="9" el="48" ec="10" bec="0" bev="0" fileid="35" />
            </Method>
            <Method visited="true" cyclomaticComplexity="1" nPathComplexity="0" sequenceCoverage="100" branchCoverage="100" crapScore="1" isConstructor="false" isStatic="false" isGetter="false" isSetter="false">
              <Summary numSequencePoints="3" visitedSequencePoints="3" numBranchPoints="1" visitedBranchPoints="1" sequenceCoverage="100" branchCoverage="100" maxCyclomaticComplexity="1" minCyclomaticComplexity="1" maxCrapScore="1" minCrapScore="1" visitedClasses="0" numClasses="0" visitedMethods="1" numMethods="1" />
              <MetadataToken>100663309</MetadataToken>
              <Name>System.Object[] exercicio2.Infra.Data.Features.Emprestimos.EmprestimoSqlRepositorio::Take(exercicio2.Features.Emprestimo.Emprestimo)</Name>
              <FileRef uid="35" />
              <SequencePoints>
                <SequencePoint vc="5" uspid="265" ordinal="0" offset="0" sl="60" sc="9" el="60" ec="10" bec="0" bev="0" fileid="35" />
                <SequencePoint vc="5" uspid="266" ordinal="1" offset="1" sl="61" sc="13" el="67" ec="15" bec="0" bev="0" fileid="35" />
                <SequencePoint vc="5" uspid="267" ordinal="2" offset="93" sl="68" sc="9" el="68" ec="10" bec="0" bev="0" fileid="35" />
              </SequencePoints>
              <BranchPoints />
              <MethodPoint xsi:type="SequencePoint" vc="5" uspid="265" ordinal="0" offset="0" sl="60" sc="9" el="60" ec="10" bec="0" bev="0" fileid="35" />
            </Method>
            <Method visited="true" cyclomaticComplexity="1" nPathComplexity="0" sequenceCoverage="100" branchCoverage="100" crapScore="1" isConstructor="false" isStatic="false" isGetter="false" isSetter="false">
              <Summary numSequencePoints="3" visitedSequencePoints="3" numBranchPoints="1" visitedBranchPoints="1" sequenceCoverage="100" branchCoverage="100" maxCyclomaticComplexity="1" minCyclomaticComplexity="1" maxCrapScore="1" minCrapScore="1" visitedClasses="0" numClasses="0" visitedMethods="1" numMethods="1" />
              <MetadataToken>100663310</MetadataToken>
              <Name>System.Object[] exercicio2.Infra.Data.Features.Emprestimos.EmprestimoSqlRepositorio::TakeSecundario(exercicio2.Features.Emprestimo.Emprestimo,exercicio2.Features.Livros.Livro)</Name>
              <FileRef uid="35" />
              <SequencePoints>
                <SequencePoint vc="4" uspid="268" ordinal="0" offset="0" sl="71" sc="9" el="71" ec="10" bec="0" bev="0" fileid="35" />
                <SequencePoint vc="4" uspid="269" ordinal="1" offset="1" sl="72" sc="13" el="76" ec="15" bec="0" bev="0" fileid="35" />
                <SequencePoint vc="4" uspid="270" ordinal="2" offset="54" sl="77" sc="9" el="77" ec="10" bec="0" bev="0" fileid="35" />
              </SequencePoints>
              <BranchPoints />
              <MethodPoint xsi:type="SequencePoint" vc="4" uspid="268" ordinal="0" offset="0" sl="71" sc="9" el="71" ec="10" bec="0" bev="0" fileid="35" />
            </Method>
            <Method visited="true" cyclomaticComplexity="1" nPathComplexity="0" sequenceCoverage="100" branchCoverage="100" crapScore="1" isConstructor="false" isStatic="false" isGetter="false" isSetter="false">
              <Summary numSequencePoints="3" visitedSequencePoints="3" numBranchPoints="1" visitedBranchPoints="1" sequenceCoverage="100" branchCoverage="100" maxCyclomaticComplexity="1" minCyclomaticComplexity="1" maxCrapScore="1" minCrapScore="1" visitedClasses="0" numClasses="0" visitedMethods="1" numMethods="1" />
              <MetadataToken>100663311</MetadataToken>
              <Name>exercicio2.Features.Emprestimo.Emprestimo exercicio2.Infra.Data.Features.Emprestimos.EmprestimoSqlRepositorio::BuscarPorId(System.Int64)</Name>
              <FileRef uid="35" />
              <SequencePoints>
                <SequencePoint vc="4" uspid="271" ordinal="0" offset="0" sl="80" sc="9" el="80" ec="10" bec="0" bev="0" fileid="35" />
                <SequencePoint vc="4" uspid="272" ordinal="1" offset="1" sl="81" sc="13" el="81" ec="73" bec="0" bev="0" fileid="35" />
                <SequencePoint vc="4" uspid="273" ordinal="2" offset="42" sl="82" sc="9" el="82" ec="10" bec="0" bev="0" fileid="35" />
              </SequencePoints>
              <BranchPoints />
              <MethodPoint xsi:type="SequencePoint" vc="4" uspid="271" ordinal="0" offset="0" sl="80" sc="9" el="80" ec="10" bec="0" bev="0" fileid="35" />
            </Method>
            <Method visited="false" cyclomaticComplexity="1" nPathComplexity="0" sequenceCoverage="0" branchCoverage="0" crapScore="2" isConstructor="true" isStatic="false" isGetter="false" isSetter="false">
              <Summary numSequencePoints="0" visitedSequencePoints="0" numBranchPoints="0" visitedBranchPoints="0" sequenceCoverage="0" branchCoverage="0" maxCyclomaticComplexity="1" minCyclomaticComplexity="1" maxCrapScore="2" minCrapScore="2" visitedClasses="0" numClasses="0" visitedMethods="0" numMethods="0" />
              <MetadataToken>100663312</MetadataToken>
              <Name>System.Void exercicio2.Infra.Data.Features.Emprestimos.EmprestimoSqlRepositorio::.ctor()</Name>
              <SequencePoints />
              <BranchPoints />
              <MethodPoint vc="0" uspid="274" ordinal="0" offset="0" />
            </Method>
            <Method visited="true" cyclomaticComplexity="1" nPathComplexity="0" sequenceCoverage="100" branchCoverage="100" crapScore="1" isConstructor="true" isStatic="true" isGetter="false" isSetter="false">
              <Summary numSequencePoints="1" visitedSequencePoints="1" numBranchPoints="1" visitedBranchPoints="1" sequenceCoverage="100" branchCoverage="100" maxCyclomaticComplexity="1" minCyclomaticComplexity="1" maxCrapScore="1" minCrapScore="1" visitedClasses="0" numClasses="0" visitedMethods="1" numMethods="1" />
              <MetadataToken>100663313</MetadataToken>
              <Name>System.Void exercicio2.Infra.Data.Features.Emprestimos.EmprestimoSqlRepositorio::.cctor()</Name>
              <FileRef uid="35" />
              <SequencePoints>
                <SequencePoint vc="2" uspid="275" ordinal="0" offset="0" sl="84" sc="9" el="91" ec="15" bec="0" bev="0" fileid="35" />
              </SequencePoints>
              <BranchPoints />
              <MethodPoint xsi:type="SequencePoint" vc="2" uspid="275" ordinal="0" offset="0" sl="84" sc="9" el="91" ec="15" bec="0" bev="0" fileid="35" />
            </Method>
          </Methods>
        </Class>
        <Class>
          <Summary numSequencePoints="1" visitedSequencePoints="1" numBranchPoints="1" visitedBranchPoints="1" sequenceCoverage="100" branchCoverage="100" maxCyclomaticComplexity="1" minCyclomaticComplexity="1" maxCrapScore="2" minCrapScore="1" visitedClasses="1" numClasses="1" visitedMethods="1" numMethods="1" />
          <FullName>exercicio2.Infra.Data.Features.Emprestimos.EmprestimoSqlRepositorio/&lt;&gt;c</FullName>
          <Methods>
            <Method visited="false" cyclomaticComplexity="1" nPathComplexity="0" sequenceCoverage="0" branchCoverage="0" crapScore="2" isConstructor="true" isStatic="true" isGetter="false" isSetter="false">
              <Summary numSequencePoints="0" visitedSequencePoints="0" numBranchPoints="0" visitedBranchPoints="0" sequenceCoverage="0" branchCoverage="0" maxCyclomaticComplexity="1" minCyclomaticComplexity="1" maxCrapScore="2" minCrapScore="2" visitedClasses="0" numClasses="0" visitedMethods="0" numMethods="0" />
              <MetadataToken>100663317</MetadataToken>
              <Name>System.Void exercicio2.Infra.Data.Features.Emprestimos.EmprestimoSqlRepositorio/&lt;&gt;c::.cctor()</Name>
              <SequencePoints />
              <BranchPoints />
              <MethodPoint vc="0" uspid="276" ordinal="0" offset="0" />
            </Method>
            <Method visited="false" cyclomaticComplexity="1" nPathComplexity="0" sequenceCoverage="0" branchCoverage="0" crapScore="2" isConstructor="true" isStatic="false" isGetter="false" isSetter="false">
              <Summary numSequencePoints="0" visitedSequencePoints="0" numBranchPoints="0" visitedBranchPoints="0" sequenceCoverage="0" branchCoverage="0" maxCyclomaticComplexity="1" minCyclomaticComplexity="1" maxCrapScore="2" minCrapScore="2" visitedClasses="0" numClasses="0" visitedMethods="0" numMethods="0" />
              <MetadataToken>100663318</MetadataToken>
              <Name>System.Void exercicio2.Infra.Data.Features.Emprestimos.EmprestimoSqlRepositorio/&lt;&gt;c::.ctor()</Name>
              <SequencePoints />
              <BranchPoints />
              <MethodPoint vc="0" uspid="277" ordinal="0" offset="0" />
            </Method>
            <Method visited="true" cyclomaticComplexity="1" nPathComplexity="0" sequenceCoverage="100" branchCoverage="100" crapScore="1" isConstructor="false" isStatic="false" isGetter="false" isSetter="false">
              <Summary numSequencePoints="1" visitedSequencePoints="1" numBranchPoints="1" visitedBranchPoints="1" sequenceCoverage="100" branchCoverage="100" maxCyclomaticComplexity="1" minCyclomaticComplexity="1" maxCrapScore="1" minCrapScore="1" visitedClasses="0" numClasses="0" visitedMethods="1" numMethods="1" />
              <MetadataToken>100663319</MetadataToken>
              <Name>exercicio2.Features.Emprestimo.Emprestimo exercicio2.Infra.Data.Features.Emprestimos.EmprestimoSqlRepositorio/&lt;&gt;c::&lt;.cctor&gt;b__16_0(System.Data.IDataReader)</Name>
              <FileRef uid="35" />
              <SequencePoints>
                <SequencePoint vc="7" uspid="278" ordinal="0" offset="0" sl="85" sc="13" el="91" ec="14" bec="0" bev="0" fileid="35" />
              </SequencePoints>
              <BranchPoints />
              <MethodPoint xsi:type="SequencePoint" vc="7" uspid="278" ordinal="0" offset="0" sl="85" sc="13" el="91" ec="14" bec="0" bev="0" fileid="35" />
            </Method>
          </Methods>
        </Class>
      </Classes>
    </Module>
    <Module hash="0A-DD-E7-6C-92-41-03-16-F0-1D-5F-79-D3-55-70-B1-32-7E-A7-C4">
      <Summary numSequencePoints="0" visitedSequencePoints="0" numBranchPoints="0" visitedBranchPoints="0" sequenceCoverage="0" branchCoverage="0" maxCyclomaticComplexity="0" minCyclomaticComplexity="0" maxCrapScore="0" minCrapScore="0" visitedClasses="0" numClasses="0" visitedMethods="0" numMethods="0" />
      <ModulePath>C:\Users\Luiz Arndt\Desktop\NDD\Reforço\ExercicioNDDRefor-o2\exercicio2\UnitTestProject1\bin\Debug\exercicio2.Infra.dll</ModulePath>
      <ModuleTime>2018-05-28T02:22:03.5021152Z</ModuleTime>
      <ModuleName>exercicio2.Infra</ModuleName>
      <Files />
      <Classes />
    </Module>
  </Modules>
</CoverageSession>