<?xml version="1.0" encoding="utf-8"?>
<CoverageSession xmlns:xsd="http://www.w3.org/2001/XMLSchema" xmlns:xsi="http://www.w3.org/2001/XMLSchema-instance" Version="4.6.0.0">
  <Summary numSequencePoints="164" visitedSequencePoints="114" numBranchPoints="74" visitedBranchPoints="61" sequenceCoverage="69.51" branchCoverage="82.43" maxCyclomaticComplexity="13" minCyclomaticComplexity="0" maxCrapScore="20" minCrapScore="0" visitedClasses="7" numClasses="9" visitedMethods="27" numMethods="38" />
  <Modules>
    <Module hash="4D-7C-87-0D-59-AB-56-AC-62-FF-5A-4D-2C-9C-C9-0D-F6-21-96-17">
      <Summary numSequencePoints="42" visitedSequencePoints="38" numBranchPoints="37" visitedBranchPoints="36" sequenceCoverage="90.48" branchCoverage="97.30" maxCyclomaticComplexity="13" minCyclomaticComplexity="1" maxCrapScore="13" minCrapScore="2" visitedClasses="2" numClasses="2" visitedMethods="2" numMethods="3" />
      <ModulePath>C:\Users\Luiz Arndt\Desktop\NDD\Reforço\ExercicioNDDRefor-o2\exercicio2\Exercicio2.Test\bin\Debug\exercicio2.dll</ModulePath>
      <ModuleTime>2018-05-27T09:26:58.8626707Z</ModuleTime>
      <ModuleName>exercicio2</ModuleName>
      <Files>
        <File uid="1" fullPath="C:\Users\Luiz Arndt\Desktop\NDD\Reforço\ExercicioNDDRefor-o2\exercicio2\exercicio2\Features\Livros\Livro.cs" />
        <File uid="7" fullPath="C:\Users\Luiz Arndt\Desktop\NDD\Reforço\ExercicioNDDRefor-o2\exercicio2\exercicio2\Features\Emprestimo\Emprestimo.cs" />
        <File uid="11" fullPath="C:\Users\Luiz Arndt\Desktop\NDD\Reforço\ExercicioNDDRefor-o2\exercicio2\exercicio2\Base\Entidade.cs" />
      </Files>
      <Classes>
        <Class>
          <Summary numSequencePoints="26" visitedSequencePoints="26" numBranchPoints="25" visitedBranchPoints="25" sequenceCoverage="100" branchCoverage="100" maxCyclomaticComplexity="13" minCyclomaticComplexity="1" maxCrapScore="13" minCrapScore="2" visitedClasses="1" numClasses="1" visitedMethods="1" numMethods="1" />
          <FullName>exercicio2.Features.Livros.Livro</FullName>
          <Methods>
            <Method skippedDueTo="AutoImplementedProperty" visited="false" cyclomaticComplexity="1" nPathComplexity="0" sequenceCoverage="0" branchCoverage="0" crapScore="0" isConstructor="false" isStatic="false" isGetter="true" isSetter="false">
              <MetadataToken>100663297</MetadataToken>
              <Name>System.String exercicio2.Features.Livros.Livro::get_Titulo()</Name>
              <FileRef uid="1" />
              <SequencePoints />
              <BranchPoints />
            </Method>
            <Method skippedDueTo="AutoImplementedProperty" visited="false" cyclomaticComplexity="1" nPathComplexity="0" sequenceCoverage="0" branchCoverage="0" crapScore="0" isConstructor="false" isStatic="false" isGetter="false" isSetter="true">
              <MetadataToken>100663298</MetadataToken>
              <Name>System.Void exercicio2.Features.Livros.Livro::set_Titulo(System.String)</Name>
              <FileRef uid="1" />
              <SequencePoints />
              <BranchPoints />
            </Method>
            <Method skippedDueTo="AutoImplementedProperty" visited="false" cyclomaticComplexity="1" nPathComplexity="0" sequenceCoverage="0" branchCoverage="0" crapScore="0" isConstructor="false" isStatic="false" isGetter="true" isSetter="false">
              <MetadataToken>100663299</MetadataToken>
              <Name>System.String exercicio2.Features.Livros.Livro::get_Tema()</Name>
              <FileRef uid="1" />
              <SequencePoints />
              <BranchPoints />
            </Method>
            <Method skippedDueTo="AutoImplementedProperty" visited="false" cyclomaticComplexity="1" nPathComplexity="0" sequenceCoverage="0" branchCoverage="0" crapScore="0" isConstructor="false" isStatic="false" isGetter="false" isSetter="true">
              <MetadataToken>100663300</MetadataToken>
              <Name>System.Void exercicio2.Features.Livros.Livro::set_Tema(System.String)</Name>
              <FileRef uid="1" />
              <SequencePoints />
              <BranchPoints />
            </Method>
            <Method skippedDueTo="AutoImplementedProperty" visited="false" cyclomaticComplexity="1" nPathComplexity="0" sequenceCoverage="0" branchCoverage="0" crapScore="0" isConstructor="false" isStatic="false" isGetter="true" isSetter="false">
              <MetadataToken>100663301</MetadataToken>
              <Name>System.String exercicio2.Features.Livros.Livro::get_Autor()</Name>
              <FileRef uid="1" />
              <SequencePoints />
              <BranchPoints />
            </Method>
            <Method skippedDueTo="AutoImplementedProperty" visited="false" cyclomaticComplexity="1" nPathComplexity="0" sequenceCoverage="0" branchCoverage="0" crapScore="0" isConstructor="false" isStatic="false" isGetter="false" isSetter="true">
              <MetadataToken>100663302</MetadataToken>
              <Name>System.Void exercicio2.Features.Livros.Livro::set_Autor(System.String)</Name>
              <FileRef uid="1" />
              <SequencePoints />
              <BranchPoints />
            </Method>
            <Method skippedDueTo="AutoImplementedProperty" visited="false" cyclomaticComplexity="1" nPathComplexity="0" sequenceCoverage="0" branchCoverage="0" crapScore="0" isConstructor="false" isStatic="false" isGetter="true" isSetter="false">
              <MetadataToken>100663303</MetadataToken>
              <Name>System.Int32 exercicio2.Features.Livros.Livro::get_Volume()</Name>
              <FileRef uid="1" />
              <SequencePoints />
              <BranchPoints />
            </Method>
            <Method skippedDueTo="AutoImplementedProperty" visited="false" cyclomaticComplexity="1" nPathComplexity="0" sequenceCoverage="0" branchCoverage="0" crapScore="0" isConstructor="false" isStatic="false" isGetter="false" isSetter="true">
              <MetadataToken>100663304</MetadataToken>
              <Name>System.Void exercicio2.Features.Livros.Livro::set_Volume(System.Int32)</Name>
              <FileRef uid="1" />
              <SequencePoints />
              <BranchPoints />
            </Method>
            <Method skippedDueTo="AutoImplementedProperty" visited="false" cyclomaticComplexity="1" nPathComplexity="0" sequenceCoverage="0" branchCoverage="0" crapScore="0" isConstructor="false" isStatic="false" isGetter="true" isSetter="false">
              <MetadataToken>100663305</MetadataToken>
              <Name>System.Nullable`1&lt;System.DateTime&gt; exercicio2.Features.Livros.Livro::get_DataPublicação()</Name>
              <FileRef uid="1" />
              <SequencePoints />
              <BranchPoints />
            </Method>
            <Method skippedDueTo="AutoImplementedProperty" visited="false" cyclomaticComplexity="1" nPathComplexity="0" sequenceCoverage="0" branchCoverage="0" crapScore="0" isConstructor="false" isStatic="false" isGetter="false" isSetter="true">
              <MetadataToken>100663306</MetadataToken>
              <Name>System.Void exercicio2.Features.Livros.Livro::set_DataPublicação(System.Nullable`1&lt;System.DateTime&gt;)</Name>
              <FileRef uid="1" />
              <SequencePoints />
              <BranchPoints />
            </Method>
            <Method skippedDueTo="AutoImplementedProperty" visited="false" cyclomaticComplexity="1" nPathComplexity="0" sequenceCoverage="0" branchCoverage="0" crapScore="0" isConstructor="false" isStatic="false" isGetter="true" isSetter="false">
              <MetadataToken>100663307</MetadataToken>
              <Name>System.Boolean exercicio2.Features.Livros.Livro::get_Disponivel()</Name>
              <FileRef uid="1" />
              <SequencePoints />
              <BranchPoints />
            </Method>
            <Method skippedDueTo="AutoImplementedProperty" visited="false" cyclomaticComplexity="1" nPathComplexity="0" sequenceCoverage="0" branchCoverage="0" crapScore="0" isConstructor="false" isStatic="false" isGetter="false" isSetter="true">
              <MetadataToken>100663308</MetadataToken>
              <Name>System.Void exercicio2.Features.Livros.Livro::set_Disponivel(System.Boolean)</Name>
              <FileRef uid="1" />
              <SequencePoints />
              <BranchPoints />
            </Method>
            <Method visited="true" cyclomaticComplexity="13" nPathComplexity="4096" sequenceCoverage="100" branchCoverage="100" crapScore="13" isConstructor="false" isStatic="false" isGetter="false" isSetter="false">
              <Summary numSequencePoints="26" visitedSequencePoints="26" numBranchPoints="25" visitedBranchPoints="25" sequenceCoverage="100" branchCoverage="100" maxCyclomaticComplexity="13" minCyclomaticComplexity="13" maxCrapScore="13" minCrapScore="13" visitedClasses="0" numClasses="0" visitedMethods="1" numMethods="1" />
              <MetadataToken>100663309</MetadataToken>
              <Name>System.Void exercicio2.Features.Livros.Livro::Validate()</Name>
              <FileRef uid="1" />
              <SequencePoints>
                <SequencePoint vc="17" uspid="1" ordinal="0" offset="0" sl="22" sc="9" el="22" ec="10" bec="0" bev="0" fileid="1" />
                <SequencePoint vc="17" uspid="2" ordinal="1" offset="1" sl="23" sc="13" el="23" ec="50" bec="2" bev="2" fileid="1" />
                <SequencePoint vc="1" uspid="3" ordinal="2" offset="16" sl="24" sc="17" el="24" ec="73" bec="0" bev="0" fileid="1" />
                <SequencePoint vc="16" uspid="4" ordinal="3" offset="27" sl="25" sc="13" el="25" ec="51" bec="2" bev="2" fileid="1" />
                <SequencePoint vc="1" uspid="5" ordinal="4" offset="42" sl="26" sc="17" el="26" ec="75" bec="0" bev="0" fileid="1" />
                <SequencePoint vc="15" uspid="6" ordinal="5" offset="53" sl="27" sc="13" el="27" ec="49" bec="2" bev="2" fileid="1" />
                <SequencePoint vc="1" uspid="7" ordinal="6" offset="68" sl="28" sc="17" el="28" ec="73" bec="0" bev="0" fileid="1" />
                <SequencePoint vc="14" uspid="8" ordinal="7" offset="79" sl="30" sc="13" el="30" ec="39" bec="2" bev="2" fileid="1" />
                <SequencePoint vc="1" uspid="9" ordinal="8" offset="97" sl="31" sc="17" el="31" ec="75" bec="0" bev="0" fileid="1" />
                <SequencePoint vc="13" uspid="10" ordinal="9" offset="108" sl="32" sc="13" el="32" ec="38" bec="2" bev="2" fileid="1" />
                <SequencePoint vc="1" uspid="11" ordinal="10" offset="128" sl="33" sc="17" el="33" ec="78" bec="0" bev="0" fileid="1" />
                <SequencePoint vc="12" uspid="12" ordinal="11" offset="139" sl="34" sc="13" el="34" ec="40" bec="2" bev="2" fileid="1" />
                <SequencePoint vc="1" uspid="13" ordinal="12" offset="159" sl="35" sc="17" el="35" ec="80" bec="0" bev="0" fileid="1" />
                <SequencePoint vc="11" uspid="14" ordinal="13" offset="170" sl="37" sc="13" el="37" ec="40" bec="2" bev="2" fileid="1" />
                <SequencePoint vc="1" uspid="15" ordinal="14" offset="191" sl="38" sc="17" el="38" ec="75" bec="0" bev="0" fileid="1" />
                <SequencePoint vc="10" uspid="16" ordinal="15" offset="202" sl="39" sc="13" el="39" ec="39" bec="2" bev="2" fileid="1" />
                <SequencePoint vc="1" uspid="17" ordinal="16" offset="223" sl="40" sc="17" el="40" ec="78" bec="0" bev="0" fileid="1" />
                <SequencePoint vc="9" uspid="18" ordinal="17" offset="234" sl="41" sc="13" el="41" ec="41" bec="2" bev="2" fileid="1" />
                <SequencePoint vc="1" uspid="19" ordinal="18" offset="255" sl="42" sc="17" el="42" ec="80" bec="0" bev="0" fileid="1" />
                <SequencePoint vc="8" uspid="20" ordinal="19" offset="266" sl="44" sc="13" el="44" ec="30" bec="2" bev="2" fileid="1" />
                <SequencePoint vc="3" uspid="21" ordinal="20" offset="282" sl="45" sc="17" el="45" ec="58" bec="0" bev="0" fileid="1" />
                <SequencePoint vc="5" uspid="22" ordinal="21" offset="288" sl="46" sc="13" el="46" ec="34" bec="2" bev="2" fileid="1" />
                <SequencePoint vc="1" uspid="23" ordinal="22" offset="303" sl="47" sc="17" el="47" ec="54" bec="0" bev="0" fileid="1" />
                <SequencePoint vc="4" uspid="24" ordinal="23" offset="309" sl="49" sc="13" el="49" ec="45" bec="2" bev="2" fileid="1" />
                <SequencePoint vc="1" uspid="25" ordinal="24" offset="333" sl="50" sc="17" el="50" ec="55" bec="0" bev="0" fileid="1" />
                <SequencePoint vc="3" uspid="26" ordinal="25" offset="344" sl="51" sc="9" el="51" ec="10" bec="0" bev="0" fileid="1" />
              </SequencePoints>
              <BranchPoints>
                <BranchPoint vc="1" uspid="27" ordinal="0" offset="14" sl="23" path="0" offsetend="16" fileid="1" />
                <BranchPoint vc="16" uspid="28" ordinal="1" offset="14" sl="23" path="1" offsetend="27" fileid="1" />
                <BranchPoint vc="1" uspid="29" ordinal="2" offset="40" sl="25" path="0" offsetend="42" fileid="1" />
                <BranchPoint vc="15" uspid="30" ordinal="3" offset="40" sl="25" path="1" offsetend="53" fileid="1" />
                <BranchPoint vc="1" uspid="31" ordinal="4" offset="66" sl="27" path="0" offsetend="68" fileid="1" />
                <BranchPoint vc="14" uspid="32" ordinal="5" offset="66" sl="27" path="1" offsetend="79" fileid="1" />
                <BranchPoint vc="1" uspid="33" ordinal="6" offset="95" sl="30" path="0" offsetend="97" fileid="1" />
                <BranchPoint vc="13" uspid="34" ordinal="7" offset="95" sl="30" path="1" offsetend="108" fileid="1" />
                <BranchPoint vc="1" uspid="35" ordinal="8" offset="126" sl="32" path="0" offsetend="128" fileid="1" />
                <BranchPoint vc="12" uspid="36" ordinal="9" offset="126" sl="32" path="1" offsetend="139" fileid="1" />
                <BranchPoint vc="1" uspid="37" ordinal="10" offset="157" sl="34" path="0" offsetend="159" fileid="1" />
                <BranchPoint vc="11" uspid="38" ordinal="11" offset="157" sl="34" path="1" offsetend="170" fileid="1" />
                <BranchPoint vc="1" uspid="39" ordinal="12" offset="189" sl="37" path="0" offsetend="191" fileid="1" />
                <BranchPoint vc="10" uspid="40" ordinal="13" offset="189" sl="37" path="1" offsetend="202" fileid="1" />
                <BranchPoint vc="1" uspid="41" ordinal="14" offset="221" sl="39" path="0" offsetend="223" fileid="1" />
                <BranchPoint vc="9" uspid="42" ordinal="15" offset="221" sl="39" path="1" offsetend="234" fileid="1" />
                <BranchPoint vc="1" uspid="43" ordinal="16" offset="253" sl="41" path="0" offsetend="255" fileid="1" />
                <BranchPoint vc="8" uspid="44" ordinal="17" offset="253" sl="41" path="1" offsetend="266" fileid="1" />
                <BranchPoint vc="3" uspid="45" ordinal="18" offset="280" sl="44" path="0" offsetend="282" fileid="1" />
                <BranchPoint vc="5" uspid="46" ordinal="19" offset="280" sl="44" path="1" offsetend="288" fileid="1" />
                <BranchPoint vc="1" uspid="47" ordinal="20" offset="301" sl="46" path="0" offsetend="303" fileid="1" />
                <BranchPoint vc="4" uspid="48" ordinal="21" offset="301" sl="46" path="1" offsetend="309" fileid="1" />
                <BranchPoint vc="1" uspid="49" ordinal="22" offset="331" sl="49" path="0" offsetend="333" fileid="1" />
                <BranchPoint vc="3" uspid="50" ordinal="23" offset="331" sl="49" path="1" offsetend="344" fileid="1" />
              </BranchPoints>
              <MethodPoint xsi:type="SequencePoint" vc="17" uspid="1" ordinal="0" offset="0" sl="22" sc="9" el="22" ec="10" bec="0" bev="0" fileid="1" />
            </Method>
            <Method visited="false" cyclomaticComplexity="1" nPathComplexity="0" sequenceCoverage="0" branchCoverage="0" crapScore="2" isConstructor="true" isStatic="false" isGetter="false" isSetter="false">
              <Summary numSequencePoints="0" visitedSequencePoints="0" numBranchPoints="0" visitedBranchPoints="0" sequenceCoverage="0" branchCoverage="0" maxCyclomaticComplexity="1" minCyclomaticComplexity="1" maxCrapScore="2" minCrapScore="2" visitedClasses="0" numClasses="0" visitedMethods="0" numMethods="0" />
              <MetadataToken>100663310</MetadataToken>
              <Name>System.Void exercicio2.Features.Livros.Livro::.ctor()</Name>
              <SequencePoints />
              <BranchPoints />
              <MethodPoint vc="0" uspid="51" ordinal="0" offset="0" />
            </Method>
          </Methods>
        </Class>
        <Class>
          <Summary numSequencePoints="16" visitedSequencePoints="12" numBranchPoints="12" visitedBranchPoints="11" sequenceCoverage="75" branchCoverage="91.67" maxCyclomaticComplexity="7" minCyclomaticComplexity="1" maxCrapScore="7" minCrapScore="2" visitedClasses="1" numClasses="1" visitedMethods="1" numMethods="2" />
          <FullName>exercicio2.Features.Emprestimo.Emprestimo</FullName>
          <Methods>
            <Method skippedDueTo="AutoImplementedProperty" visited="false" cyclomaticComplexity="1" nPathComplexity="0" sequenceCoverage="0" branchCoverage="0" crapScore="0" isConstructor="false" isStatic="false" isGetter="true" isSetter="false">
              <MetadataToken>100663316</MetadataToken>
              <Name>System.String exercicio2.Features.Emprestimo.Emprestimo::get_NomeCliente()</Name>
              <FileRef uid="7" />
              <SequencePoints />
              <BranchPoints />
            </Method>
            <Method skippedDueTo="AutoImplementedProperty" visited="false" cyclomaticComplexity="1" nPathComplexity="0" sequenceCoverage="0" branchCoverage="0" crapScore="0" isConstructor="false" isStatic="false" isGetter="false" isSetter="true">
              <MetadataToken>100663317</MetadataToken>
              <Name>System.Void exercicio2.Features.Emprestimo.Emprestimo::set_NomeCliente(System.String)</Name>
              <FileRef uid="7" />
              <SequencePoints />
              <BranchPoints />
            </Method>
            <Method skippedDueTo="AutoImplementedProperty" visited="false" cyclomaticComplexity="1" nPathComplexity="0" sequenceCoverage="0" branchCoverage="0" crapScore="0" isConstructor="false" isStatic="false" isGetter="true" isSetter="false">
              <MetadataToken>100663318</MetadataToken>
              <Name>System.Collections.Generic.IList`1&lt;exercicio2.Features.Livros.Livro&gt; exercicio2.Features.Emprestimo.Emprestimo::get_Livros()</Name>
              <FileRef uid="7" />
              <SequencePoints />
              <BranchPoints />
            </Method>
            <Method skippedDueTo="AutoImplementedProperty" visited="false" cyclomaticComplexity="1" nPathComplexity="0" sequenceCoverage="0" branchCoverage="0" crapScore="0" isConstructor="false" isStatic="false" isGetter="false" isSetter="true">
              <MetadataToken>100663319</MetadataToken>
              <Name>System.Void exercicio2.Features.Emprestimo.Emprestimo::set_Livros(System.Collections.Generic.IList`1&lt;exercicio2.Features.Livros.Livro&gt;)</Name>
              <FileRef uid="7" />
              <SequencePoints />
              <BranchPoints />
            </Method>
            <Method skippedDueTo="AutoImplementedProperty" visited="false" cyclomaticComplexity="1" nPathComplexity="0" sequenceCoverage="0" branchCoverage="0" crapScore="0" isConstructor="false" isStatic="false" isGetter="true" isSetter="false">
              <MetadataToken>100663320</MetadataToken>
              <Name>System.Nullable`1&lt;System.DateTime&gt; exercicio2.Features.Emprestimo.Emprestimo::get_DataDevolucao()</Name>
              <FileRef uid="7" />
              <SequencePoints />
              <BranchPoints />
            </Method>
            <Method skippedDueTo="AutoImplementedProperty" visited="false" cyclomaticComplexity="1" nPathComplexity="0" sequenceCoverage="0" branchCoverage="0" crapScore="0" isConstructor="false" isStatic="false" isGetter="false" isSetter="true">
              <MetadataToken>100663321</MetadataToken>
              <Name>System.Void exercicio2.Features.Emprestimo.Emprestimo::set_DataDevolucao(System.Nullable`1&lt;System.DateTime&gt;)</Name>
              <FileRef uid="7" />
              <SequencePoints />
              <BranchPoints />
            </Method>
            <Method skippedDueTo="AutoImplementedProperty" visited="false" cyclomaticComplexity="1" nPathComplexity="0" sequenceCoverage="0" branchCoverage="0" crapScore="0" isConstructor="false" isStatic="false" isGetter="true" isSetter="false">
              <MetadataToken>100663322</MetadataToken>
              <Name>System.Double exercicio2.Features.Emprestimo.Emprestimo::get_Multa()</Name>
              <FileRef uid="7" />
              <SequencePoints />
              <BranchPoints />
            </Method>
            <Method skippedDueTo="AutoImplementedProperty" visited="false" cyclomaticComplexity="1" nPathComplexity="0" sequenceCoverage="0" branchCoverage="0" crapScore="0" isConstructor="false" isStatic="false" isGetter="false" isSetter="true">
              <MetadataToken>100663323</MetadataToken>
              <Name>System.Void exercicio2.Features.Emprestimo.Emprestimo::set_Multa(System.Double)</Name>
              <FileRef uid="7" />
              <SequencePoints />
              <BranchPoints />
            </Method>
            <Method skippedDueTo="AutoImplementedProperty" visited="false" cyclomaticComplexity="1" nPathComplexity="0" sequenceCoverage="0" branchCoverage="0" crapScore="0" isConstructor="false" isStatic="false" isGetter="true" isSetter="false">
              <MetadataToken>100663324</MetadataToken>
              <Name>System.Double exercicio2.Features.Emprestimo.Emprestimo::get_PrecoMulta()</Name>
              <FileRef uid="7" />
              <SequencePoints />
              <BranchPoints />
            </Method>
            <Method skippedDueTo="AutoImplementedProperty" visited="false" cyclomaticComplexity="1" nPathComplexity="0" sequenceCoverage="0" branchCoverage="0" crapScore="0" isConstructor="false" isStatic="false" isGetter="false" isSetter="true">
              <MetadataToken>100663325</MetadataToken>
              <Name>System.Void exercicio2.Features.Emprestimo.Emprestimo::set_PrecoMulta(System.Double)</Name>
              <FileRef uid="7" />
              <SequencePoints />
              <BranchPoints />
            </Method>
            <Method visited="true" cyclomaticComplexity="7" nPathComplexity="32" sequenceCoverage="100" branchCoverage="100" crapScore="7" isConstructor="false" isStatic="false" isGetter="false" isSetter="false">
              <Summary numSequencePoints="12" visitedSequencePoints="12" numBranchPoints="11" visitedBranchPoints="11" sequenceCoverage="100" branchCoverage="100" maxCyclomaticComplexity="7" minCyclomaticComplexity="7" maxCrapScore="7" minCrapScore="7" visitedClasses="0" numClasses="0" visitedMethods="1" numMethods="1" />
              <MetadataToken>100663326</MetadataToken>
              <Name>System.Void exercicio2.Features.Emprestimo.Emprestimo::Validate()</Name>
              <FileRef uid="7" />
              <SequencePoints>
                <SequencePoint vc="6" uspid="52" ordinal="0" offset="0" sl="20" sc="9" el="20" ec="10" bec="0" bev="0" fileid="7" />
                <SequencePoint vc="6" uspid="53" ordinal="1" offset="1" sl="21" sc="13" el="21" ec="30" bec="2" bev="2" fileid="7" />
                <SequencePoint vc="1" uspid="54" ordinal="2" offset="15" sl="22" sc="17" el="22" ec="58" bec="0" bev="0" fileid="7" />
                <SequencePoint vc="5" uspid="55" ordinal="3" offset="21" sl="23" sc="13" el="23" ec="51" bec="2" bev="2" fileid="7" />
                <SequencePoint vc="1" uspid="56" ordinal="4" offset="36" sl="24" sc="17" el="24" ec="72" bec="0" bev="0" fileid="7" />
                <SequencePoint vc="4" uspid="57" ordinal="5" offset="47" sl="25" sc="13" el="25" ec="44" bec="2" bev="2" fileid="7" />
                <SequencePoint vc="1" uspid="58" ordinal="6" offset="68" sl="26" sc="17" el="26" ec="68" bec="0" bev="0" fileid="7" />
                <SequencePoint vc="3" uspid="59" ordinal="7" offset="79" sl="27" sc="13" el="27" ec="64" bec="2" bev="2" fileid="7" />
                <SequencePoint vc="1" uspid="60" ordinal="8" offset="111" sl="28" sc="17" el="28" ec="55" bec="0" bev="0" fileid="7" />
                <SequencePoint vc="2" uspid="61" ordinal="9" offset="117" sl="29" sc="13" el="29" ec="41" bec="2" bev="2" fileid="7" />
                <SequencePoint vc="1" uspid="62" ordinal="10" offset="137" sl="30" sc="17" el="30" ec="55" bec="0" bev="0" fileid="7" />
                <SequencePoint vc="1" uspid="63" ordinal="11" offset="143" sl="31" sc="9" el="31" ec="10" bec="0" bev="0" fileid="7" />
              </SequencePoints>
              <BranchPoints>
                <BranchPoint vc="1" uspid="64" ordinal="0" offset="13" sl="21" path="0" offsetend="15" fileid="7" />
                <BranchPoint vc="5" uspid="65" ordinal="1" offset="13" sl="21" path="1" offsetend="21" fileid="7" />
                <BranchPoint vc="1" uspid="66" ordinal="2" offset="34" sl="23" path="0" offsetend="36" fileid="7" />
                <BranchPoint vc="4" uspid="67" ordinal="3" offset="34" sl="23" path="1" offsetend="47" fileid="7" />
                <BranchPoint vc="1" uspid="68" ordinal="4" offset="66" sl="25" path="0" offsetend="68" fileid="7" />
                <BranchPoint vc="3" uspid="69" ordinal="5" offset="66" sl="25" path="1" offsetend="79" fileid="7" />
                <BranchPoint vc="1" uspid="72" ordinal="8" offset="109" sl="27" path="0" offsetend="111" fileid="7" />
                <BranchPoint vc="2" uspid="73" ordinal="9" offset="109" sl="27" path="1" offsetend="117" fileid="7" />
                <BranchPoint vc="1" uspid="74" ordinal="10" offset="135" sl="29" path="0" offsetend="137" fileid="7" />
                <BranchPoint vc="1" uspid="75" ordinal="11" offset="135" sl="29" path="1" offsetend="143" fileid="7" />
              </BranchPoints>
              <MethodPoint xsi:type="SequencePoint" vc="6" uspid="52" ordinal="0" offset="0" sl="20" sc="9" el="20" ec="10" bec="0" bev="0" fileid="7" />
            </Method>
            <Method visited="false" cyclomaticComplexity="1" nPathComplexity="0" sequenceCoverage="0" branchCoverage="0" crapScore="2" isConstructor="false" isStatic="false" isGetter="false" isSetter="false">
              <Summary numSequencePoints="4" visitedSequencePoints="0" numBranchPoints="1" visitedBranchPoints="0" sequenceCoverage="0" branchCoverage="0" maxCyclomaticComplexity="1" minCyclomaticComplexity="1" maxCrapScore="2" minCrapScore="2" visitedClasses="0" numClasses="0" visitedMethods="0" numMethods="1" />
              <MetadataToken>100663327</MetadataToken>
              <Name>System.Void exercicio2.Features.Emprestimo.Emprestimo::CalcularMulta(System.DateTime)</Name>
              <FileRef uid="7" />
              <SequencePoints>
                <SequencePoint vc="0" uspid="76" ordinal="0" offset="0" sl="34" sc="9" el="34" ec="10" bec="0" bev="0" fileid="7" />
                <SequencePoint vc="0" uspid="77" ordinal="1" offset="1" sl="35" sc="13" el="35" ec="81" bec="0" bev="0" fileid="7" />
                <SequencePoint vc="0" uspid="78" ordinal="2" offset="22" sl="37" sc="13" el="37" ec="51" bec="0" bev="0" fileid="7" />
                <SequencePoint vc="0" uspid="79" ordinal="3" offset="37" sl="38" sc="9" el="38" ec="10" bec="0" bev="0" fileid="7" />
              </SequencePoints>
              <BranchPoints />
              <MethodPoint xsi:type="SequencePoint" vc="0" uspid="76" ordinal="0" offset="0" sl="34" sc="9" el="34" ec="10" bec="0" bev="0" fileid="7" />
            </Method>
            <Method visited="false" cyclomaticComplexity="1" nPathComplexity="0" sequenceCoverage="0" branchCoverage="0" crapScore="2" isConstructor="true" isStatic="false" isGetter="false" isSetter="false">
              <Summary numSequencePoints="0" visitedSequencePoints="0" numBranchPoints="0" visitedBranchPoints="0" sequenceCoverage="0" branchCoverage="0" maxCyclomaticComplexity="1" minCyclomaticComplexity="1" maxCrapScore="2" minCrapScore="2" visitedClasses="0" numClasses="0" visitedMethods="0" numMethods="0" />
              <MetadataToken>100663328</MetadataToken>
              <Name>System.Void exercicio2.Features.Emprestimo.Emprestimo::.ctor()</Name>
              <SequencePoints />
              <BranchPoints />
              <MethodPoint vc="0" uspid="80" ordinal="0" offset="0" />
            </Method>
          </Methods>
        </Class>
        <Class>
          <Summary numSequencePoints="0" visitedSequencePoints="0" numBranchPoints="0" visitedBranchPoints="0" sequenceCoverage="0" branchCoverage="0" maxCyclomaticComplexity="1" minCyclomaticComplexity="1" maxCrapScore="2" minCrapScore="2" visitedClasses="0" numClasses="0" visitedMethods="0" numMethods="0" />
          <FullName>exercicio2.Base.Entidade</FullName>
          <Methods>
            <Method skippedDueTo="AutoImplementedProperty" visited="false" cyclomaticComplexity="1" nPathComplexity="0" sequenceCoverage="0" branchCoverage="0" crapScore="0" isConstructor="false" isStatic="false" isGetter="true" isSetter="false">
              <MetadataToken>100663332</MetadataToken>
              <Name>System.Int64 exercicio2.Base.Entidade::get_Id()</Name>
              <FileRef uid="11" />
              <SequencePoints />
              <BranchPoints />
            </Method>
            <Method skippedDueTo="AutoImplementedProperty" visited="false" cyclomaticComplexity="1" nPathComplexity="0" sequenceCoverage="0" branchCoverage="0" crapScore="0" isConstructor="false" isStatic="false" isGetter="false" isSetter="true">
              <MetadataToken>100663333</MetadataToken>
              <Name>System.Void exercicio2.Base.Entidade::set_Id(System.Int64)</Name>
              <FileRef uid="11" />
              <SequencePoints />
              <BranchPoints />
            </Method>
            <Method visited="false" cyclomaticComplexity="1" nPathComplexity="0" sequenceCoverage="0" branchCoverage="0" crapScore="2" isConstructor="true" isStatic="false" isGetter="false" isSetter="false">
              <Summary numSequencePoints="0" visitedSequencePoints="0" numBranchPoints="0" visitedBranchPoints="0" sequenceCoverage="0" branchCoverage="0" maxCyclomaticComplexity="1" minCyclomaticComplexity="1" maxCrapScore="2" minCrapScore="2" visitedClasses="0" numClasses="0" visitedMethods="0" numMethods="0" />
              <MetadataToken>100663334</MetadataToken>
              <Name>System.Void exercicio2.Base.Entidade::.ctor()</Name>
              <SequencePoints />
              <BranchPoints />
              <MethodPoint vc="0" uspid="81" ordinal="0" offset="0" />
            </Method>
          </Methods>
        </Class>
      </Classes>
    </Module>
    <Module hash="93-73-A4-89-CC-EA-8F-7F-55-17-35-C2-4C-EF-68-61-1C-9C-E0-72">
      <Summary numSequencePoints="54" visitedSequencePoints="52" numBranchPoints="18" visitedBranchPoints="17" sequenceCoverage="96.30" branchCoverage="94.44" maxCyclomaticComplexity="1" minCyclomaticComplexity="1" maxCrapScore="2" minCrapScore="1" visitedClasses="3" numClasses="3" visitedMethods="17" numMethods="18" />
      <ModulePath>C:\Users\Luiz Arndt\Desktop\NDD\Reforço\ExercicioNDDRefor-o2\exercicio2\Exercicio2.Test\bin\Debug\Exercicio2.ComumTeste.dll</ModulePath>
      <ModuleTime>2018-05-27T09:26:59.1378288Z</ModuleTime>
      <ModuleName>Exercicio2.ComumTeste</ModuleName>
      <Files>
        <File uid="23" fullPath="C:\Users\Luiz Arndt\Desktop\NDD\Reforço\ExercicioNDDRefor-o2\exercicio2\Exercicio2.ComumTeste\Features\Livros\ObjectMother.cs" />
        <File uid="24" fullPath="C:\Users\Luiz Arndt\Desktop\NDD\Reforço\ExercicioNDDRefor-o2\exercicio2\Exercicio2.ComumTeste\Features\Emprestimos\ObjectMother.cs" />
        <File uid="25" fullPath="C:\Users\Luiz Arndt\Desktop\NDD\Reforço\ExercicioNDDRefor-o2\exercicio2\Exercicio2.ComumTeste\Base\BaseSqlTest.cs" />
      </Files>
      <Classes>
        <Class>
          <Summary numSequencePoints="39" visitedSequencePoints="39" numBranchPoints="13" visitedBranchPoints="13" sequenceCoverage="100" branchCoverage="100" maxCyclomaticComplexity="1" minCyclomaticComplexity="1" maxCrapScore="1" minCrapScore="1" visitedClasses="1" numClasses="1" visitedMethods="13" numMethods="13" />
          <FullName>Exercicio2.ComumTeste.Features.Livros.ObjectMother</FullName>
          <Methods>
            <Method visited="true" cyclomaticComplexity="1" nPathComplexity="0" sequenceCoverage="100" branchCoverage="100" crapScore="1" isConstructor="false" isStatic="true" isGetter="false" isSetter="false">
              <Summary numSequencePoints="3" visitedSequencePoints="3" numBranchPoints="1" visitedBranchPoints="1" sequenceCoverage="100" branchCoverage="100" maxCyclomaticComplexity="1" minCyclomaticComplexity="1" maxCrapScore="1" minCrapScore="1" visitedClasses="0" numClasses="0" visitedMethods="1" numMethods="1" />
              <MetadataToken>100663297</MetadataToken>
              <Name>exercicio2.Features.Livros.Livro Exercicio2.ComumTeste.Features.Livros.ObjectMother::ObterLivroValido()</Name>
              <FileRef uid="23" />
              <SequencePoints>
                <SequencePoint vc="8" uspid="82" ordinal="0" offset="0" sl="13" sc="9" el="13" ec="10" bec="0" bev="0" fileid="23" />
                <SequencePoint vc="8" uspid="83" ordinal="1" offset="1" sl="14" sc="13" el="23" ec="15" bec="0" bev="0" fileid="23" />
                <SequencePoint vc="8" uspid="84" ordinal="2" offset="87" sl="24" sc="9" el="24" ec="10" bec="0" bev="0" fileid="23" />
              </SequencePoints>
              <BranchPoints />
              <MethodPoint xsi:type="SequencePoint" vc="8" uspid="82" ordinal="0" offset="0" sl="13" sc="9" el="13" ec="10" bec="0" bev="0" fileid="23" />
            </Method>
            <Method visited="true" cyclomaticComplexity="1" nPathComplexity="0" sequenceCoverage="100" branchCoverage="100" crapScore="1" isConstructor="false" isStatic="true" isGetter="false" isSetter="false">
              <Summary numSequencePoints="3" visitedSequencePoints="3" numBranchPoints="1" visitedBranchPoints="1" sequenceCoverage="100" branchCoverage="100" maxCyclomaticComplexity="1" minCyclomaticComplexity="1" maxCrapScore="1" minCrapScore="1" visitedClasses="0" numClasses="0" visitedMethods="1" numMethods="1" />
              <MetadataToken>100663298</MetadataToken>
              <Name>exercicio2.Features.Livros.Livro Exercicio2.ComumTeste.Features.Livros.ObjectMother::ObterLivroInvalidoTituloMinimoCaracter()</Name>
              <FileRef uid="23" />
              <SequencePoints>
                <SequencePoint vc="1" uspid="85" ordinal="0" offset="0" sl="27" sc="9" el="27" ec="10" bec="0" bev="0" fileid="23" />
                <SequencePoint vc="1" uspid="86" ordinal="1" offset="1" sl="28" sc="13" el="37" ec="15" bec="0" bev="0" fileid="23" />
                <SequencePoint vc="1" uspid="87" ordinal="2" offset="87" sl="38" sc="9" el="38" ec="10" bec="0" bev="0" fileid="23" />
              </SequencePoints>
              <BranchPoints />
              <MethodPoint xsi:type="SequencePoint" vc="1" uspid="85" ordinal="0" offset="0" sl="27" sc="9" el="27" ec="10" bec="0" bev="0" fileid="23" />
            </Method>
            <Method visited="true" cyclomaticComplexity="1" nPathComplexity="0" sequenceCoverage="100" branchCoverage="100" crapScore="1" isConstructor="false" isStatic="true" isGetter="false" isSetter="false">
              <Summary numSequencePoints="3" visitedSequencePoints="3" numBranchPoints="1" visitedBranchPoints="1" sequenceCoverage="100" branchCoverage="100" maxCyclomaticComplexity="1" minCyclomaticComplexity="1" maxCrapScore="1" minCrapScore="1" visitedClasses="0" numClasses="0" visitedMethods="1" numMethods="1" />
              <MetadataToken>100663299</MetadataToken>
              <Name>exercicio2.Features.Livros.Livro Exercicio2.ComumTeste.Features.Livros.ObjectMother::ObterLivroInvalidoTituloMaximoCaracter()</Name>
              <FileRef uid="23" />
              <SequencePoints>
                <SequencePoint vc="1" uspid="88" ordinal="0" offset="0" sl="40" sc="9" el="40" ec="10" bec="0" bev="0" fileid="23" />
                <SequencePoint vc="1" uspid="89" ordinal="1" offset="1" sl="41" sc="13" el="50" ec="15" bec="0" bev="0" fileid="23" />
                <SequencePoint vc="1" uspid="90" ordinal="2" offset="87" sl="51" sc="9" el="51" ec="10" bec="0" bev="0" fileid="23" />
              </SequencePoints>
              <BranchPoints />
              <MethodPoint xsi:type="SequencePoint" vc="1" uspid="88" ordinal="0" offset="0" sl="40" sc="9" el="40" ec="10" bec="0" bev="0" fileid="23" />
            </Method>
            <Method visited="true" cyclomaticComplexity="1" nPathComplexity="0" sequenceCoverage="100" branchCoverage="100" crapScore="1" isConstructor="false" isStatic="true" isGetter="false" isSetter="false">
              <Summary numSequencePoints="3" visitedSequencePoints="3" numBranchPoints="1" visitedBranchPoints="1" sequenceCoverage="100" branchCoverage="100" maxCyclomaticComplexity="1" minCyclomaticComplexity="1" maxCrapScore="1" minCrapScore="1" visitedClasses="0" numClasses="0" visitedMethods="1" numMethods="1" />
              <MetadataToken>100663300</MetadataToken>
              <Name>exercicio2.Features.Livros.Livro Exercicio2.ComumTeste.Features.Livros.ObjectMother::ObterLivroInvalidoTituloVazio()</Name>
              <FileRef uid="23" />
              <SequencePoints>
                <SequencePoint vc="1" uspid="91" ordinal="0" offset="0" sl="53" sc="9" el="53" ec="10" bec="0" bev="0" fileid="23" />
                <SequencePoint vc="1" uspid="92" ordinal="1" offset="1" sl="54" sc="13" el="63" ec="15" bec="0" bev="0" fileid="23" />
                <SequencePoint vc="1" uspid="93" ordinal="2" offset="87" sl="64" sc="9" el="64" ec="10" bec="0" bev="0" fileid="23" />
              </SequencePoints>
              <BranchPoints />
              <MethodPoint xsi:type="SequencePoint" vc="1" uspid="91" ordinal="0" offset="0" sl="53" sc="9" el="53" ec="10" bec="0" bev="0" fileid="23" />
            </Method>
            <Method visited="true" cyclomaticComplexity="1" nPathComplexity="0" sequenceCoverage="100" branchCoverage="100" crapScore="1" isConstructor="false" isStatic="true" isGetter="false" isSetter="false">
              <Summary numSequencePoints="3" visitedSequencePoints="3" numBranchPoints="1" visitedBranchPoints="1" sequenceCoverage="100" branchCoverage="100" maxCyclomaticComplexity="1" minCyclomaticComplexity="1" maxCrapScore="1" minCrapScore="1" visitedClasses="0" numClasses="0" visitedMethods="1" numMethods="1" />
              <MetadataToken>100663301</MetadataToken>
              <Name>exercicio2.Features.Livros.Livro Exercicio2.ComumTeste.Features.Livros.ObjectMother::ObterLivroInvalidoTemaMinimoCaracter()</Name>
              <FileRef uid="23" />
              <SequencePoints>
                <SequencePoint vc="1" uspid="94" ordinal="0" offset="0" sl="66" sc="9" el="66" ec="10" bec="0" bev="0" fileid="23" />
                <SequencePoint vc="1" uspid="95" ordinal="1" offset="1" sl="67" sc="13" el="76" ec="15" bec="0" bev="0" fileid="23" />
                <SequencePoint vc="1" uspid="96" ordinal="2" offset="87" sl="77" sc="9" el="77" ec="10" bec="0" bev="0" fileid="23" />
              </SequencePoints>
              <BranchPoints />
              <MethodPoint xsi:type="SequencePoint" vc="1" uspid="94" ordinal="0" offset="0" sl="66" sc="9" el="66" ec="10" bec="0" bev="0" fileid="23" />
            </Method>
            <Method visited="true" cyclomaticComplexity="1" nPathComplexity="0" sequenceCoverage="100" branchCoverage="100" crapScore="1" isConstructor="false" isStatic="true" isGetter="false" isSetter="false">
              <Summary numSequencePoints="3" visitedSequencePoints="3" numBranchPoints="1" visitedBranchPoints="1" sequenceCoverage="100" branchCoverage="100" maxCyclomaticComplexity="1" minCyclomaticComplexity="1" maxCrapScore="1" minCrapScore="1" visitedClasses="0" numClasses="0" visitedMethods="1" numMethods="1" />
              <MetadataToken>100663302</MetadataToken>
              <Name>exercicio2.Features.Livros.Livro Exercicio2.ComumTeste.Features.Livros.ObjectMother::ObterLivroInvalidoTemaMaximoCaracter()</Name>
              <FileRef uid="23" />
              <SequencePoints>
                <SequencePoint vc="1" uspid="97" ordinal="0" offset="0" sl="79" sc="9" el="79" ec="10" bec="0" bev="0" fileid="23" />
                <SequencePoint vc="1" uspid="98" ordinal="1" offset="1" sl="80" sc="13" el="89" ec="15" bec="0" bev="0" fileid="23" />
                <SequencePoint vc="1" uspid="99" ordinal="2" offset="87" sl="90" sc="9" el="90" ec="10" bec="0" bev="0" fileid="23" />
              </SequencePoints>
              <BranchPoints />
              <MethodPoint xsi:type="SequencePoint" vc="1" uspid="97" ordinal="0" offset="0" sl="79" sc="9" el="79" ec="10" bec="0" bev="0" fileid="23" />
            </Method>
            <Method visited="true" cyclomaticComplexity="1" nPathComplexity="0" sequenceCoverage="100" branchCoverage="100" crapScore="1" isConstructor="false" isStatic="true" isGetter="false" isSetter="false">
              <Summary numSequencePoints="3" visitedSequencePoints="3" numBranchPoints="1" visitedBranchPoints="1" sequenceCoverage="100" branchCoverage="100" maxCyclomaticComplexity="1" minCyclomaticComplexity="1" maxCrapScore="1" minCrapScore="1" visitedClasses="0" numClasses="0" visitedMethods="1" numMethods="1" />
              <MetadataToken>100663303</MetadataToken>
              <Name>exercicio2.Features.Livros.Livro Exercicio2.ComumTeste.Features.Livros.ObjectMother::ObterLivroInvalidoTemaVazio()</Name>
              <FileRef uid="23" />
              <SequencePoints>
                <SequencePoint vc="1" uspid="100" ordinal="0" offset="0" sl="92" sc="9" el="92" ec="10" bec="0" bev="0" fileid="23" />
                <SequencePoint vc="1" uspid="101" ordinal="1" offset="1" sl="93" sc="13" el="102" ec="15" bec="0" bev="0" fileid="23" />
                <SequencePoint vc="1" uspid="102" ordinal="2" offset="87" sl="103" sc="9" el="103" ec="10" bec="0" bev="0" fileid="23" />
              </SequencePoints>
              <BranchPoints />
              <MethodPoint xsi:type="SequencePoint" vc="1" uspid="100" ordinal="0" offset="0" sl="92" sc="9" el="92" ec="10" bec="0" bev="0" fileid="23" />
            </Method>
            <Method visited="true" cyclomaticComplexity="1" nPathComplexity="0" sequenceCoverage="100" branchCoverage="100" crapScore="1" isConstructor="false" isStatic="true" isGetter="false" isSetter="false">
              <Summary numSequencePoints="3" visitedSequencePoints="3" numBranchPoints="1" visitedBranchPoints="1" sequenceCoverage="100" branchCoverage="100" maxCyclomaticComplexity="1" minCyclomaticComplexity="1" maxCrapScore="1" minCrapScore="1" visitedClasses="0" numClasses="0" visitedMethods="1" numMethods="1" />
              <MetadataToken>100663304</MetadataToken>
              <Name>exercicio2.Features.Livros.Livro Exercicio2.ComumTeste.Features.Livros.ObjectMother::ObterLivroInvalidoAutorMinimoCaracter()</Name>
              <FileRef uid="23" />
              <SequencePoints>
                <SequencePoint vc="1" uspid="103" ordinal="0" offset="0" sl="105" sc="9" el="105" ec="10" bec="0" bev="0" fileid="23" />
                <SequencePoint vc="1" uspid="104" ordinal="1" offset="1" sl="106" sc="13" el="115" ec="15" bec="0" bev="0" fileid="23" />
                <SequencePoint vc="1" uspid="105" ordinal="2" offset="87" sl="116" sc="9" el="116" ec="10" bec="0" bev="0" fileid="23" />
              </SequencePoints>
              <BranchPoints />
              <MethodPoint xsi:type="SequencePoint" vc="1" uspid="103" ordinal="0" offset="0" sl="105" sc="9" el="105" ec="10" bec="0" bev="0" fileid="23" />
            </Method>
            <Method visited="true" cyclomaticComplexity="1" nPathComplexity="0" sequenceCoverage="100" branchCoverage="100" crapScore="1" isConstructor="false" isStatic="true" isGetter="false" isSetter="false">
              <Summary numSequencePoints="3" visitedSequencePoints="3" numBranchPoints="1" visitedBranchPoints="1" sequenceCoverage="100" branchCoverage="100" maxCyclomaticComplexity="1" minCyclomaticComplexity="1" maxCrapScore="1" minCrapScore="1" visitedClasses="0" numClasses="0" visitedMethods="1" numMethods="1" />
              <MetadataToken>100663305</MetadataToken>
              <Name>exercicio2.Features.Livros.Livro Exercicio2.ComumTeste.Features.Livros.ObjectMother::ObterLivroInvalidoAutorMaximoCaracter()</Name>
              <FileRef uid="23" />
              <SequencePoints>
                <SequencePoint vc="1" uspid="106" ordinal="0" offset="0" sl="118" sc="9" el="118" ec="10" bec="0" bev="0" fileid="23" />
                <SequencePoint vc="1" uspid="107" ordinal="1" offset="1" sl="119" sc="13" el="128" ec="15" bec="0" bev="0" fileid="23" />
                <SequencePoint vc="1" uspid="108" ordinal="2" offset="87" sl="129" sc="9" el="129" ec="10" bec="0" bev="0" fileid="23" />
              </SequencePoints>
              <BranchPoints />
              <MethodPoint xsi:type="SequencePoint" vc="1" uspid="106" ordinal="0" offset="0" sl="118" sc="9" el="118" ec="10" bec="0" bev="0" fileid="23" />
            </Method>
            <Method visited="true" cyclomaticComplexity="1" nPathComplexity="0" sequenceCoverage="100" branchCoverage="100" crapScore="1" isConstructor="false" isStatic="true" isGetter="false" isSetter="false">
              <Summary numSequencePoints="3" visitedSequencePoints="3" numBranchPoints="1" visitedBranchPoints="1" sequenceCoverage="100" branchCoverage="100" maxCyclomaticComplexity="1" minCyclomaticComplexity="1" maxCrapScore="1" minCrapScore="1" visitedClasses="0" numClasses="0" visitedMethods="1" numMethods="1" />
              <MetadataToken>100663306</MetadataToken>
              <Name>exercicio2.Features.Livros.Livro Exercicio2.ComumTeste.Features.Livros.ObjectMother::ObterLivroInvalidoAutorZerado()</Name>
              <FileRef uid="23" />
              <SequencePoints>
                <SequencePoint vc="1" uspid="109" ordinal="0" offset="0" sl="131" sc="9" el="131" ec="10" bec="0" bev="0" fileid="23" />
                <SequencePoint vc="1" uspid="110" ordinal="1" offset="1" sl="132" sc="13" el="141" ec="15" bec="0" bev="0" fileid="23" />
                <SequencePoint vc="1" uspid="111" ordinal="2" offset="87" sl="142" sc="9" el="142" ec="10" bec="0" bev="0" fileid="23" />
              </SequencePoints>
              <BranchPoints />
              <MethodPoint xsi:type="SequencePoint" vc="1" uspid="109" ordinal="0" offset="0" sl="131" sc="9" el="131" ec="10" bec="0" bev="0" fileid="23" />
            </Method>
            <Method visited="true" cyclomaticComplexity="1" nPathComplexity="0" sequenceCoverage="100" branchCoverage="100" crapScore="1" isConstructor="false" isStatic="true" isGetter="false" isSetter="false">
              <Summary numSequencePoints="3" visitedSequencePoints="3" numBranchPoints="1" visitedBranchPoints="1" sequenceCoverage="100" branchCoverage="100" maxCyclomaticComplexity="1" minCyclomaticComplexity="1" maxCrapScore="1" minCrapScore="1" visitedClasses="0" numClasses="0" visitedMethods="1" numMethods="1" />
              <MetadataToken>100663307</MetadataToken>
              <Name>exercicio2.Features.Livros.Livro Exercicio2.ComumTeste.Features.Livros.ObjectMother::ObterLivroInvalidoId()</Name>
              <FileRef uid="23" />
              <SequencePoints>
                <SequencePoint vc="1" uspid="112" ordinal="0" offset="0" sl="144" sc="9" el="144" ec="10" bec="0" bev="0" fileid="23" />
                <SequencePoint vc="1" uspid="113" ordinal="1" offset="1" sl="145" sc="13" el="154" ec="15" bec="0" bev="0" fileid="23" />
                <SequencePoint vc="1" uspid="114" ordinal="2" offset="87" sl="155" sc="9" el="155" ec="10" bec="0" bev="0" fileid="23" />
              </SequencePoints>
              <BranchPoints />
              <MethodPoint xsi:type="SequencePoint" vc="1" uspid="112" ordinal="0" offset="0" sl="144" sc="9" el="144" ec="10" bec="0" bev="0" fileid="23" />
            </Method>
            <Method visited="true" cyclomaticComplexity="1" nPathComplexity="0" sequenceCoverage="100" branchCoverage="100" crapScore="1" isConstructor="false" isStatic="true" isGetter="false" isSetter="false">
              <Summary numSequencePoints="3" visitedSequencePoints="3" numBranchPoints="1" visitedBranchPoints="1" sequenceCoverage="100" branchCoverage="100" maxCyclomaticComplexity="1" minCyclomaticComplexity="1" maxCrapScore="1" minCrapScore="1" visitedClasses="0" numClasses="0" visitedMethods="1" numMethods="1" />
              <MetadataToken>100663308</MetadataToken>
              <Name>exercicio2.Features.Livros.Livro Exercicio2.ComumTeste.Features.Livros.ObjectMother::ObterLivroInvalidoDataNulla()</Name>
              <FileRef uid="23" />
              <SequencePoints>
                <SequencePoint vc="1" uspid="115" ordinal="0" offset="0" sl="157" sc="9" el="157" ec="10" bec="0" bev="0" fileid="23" />
                <SequencePoint vc="1" uspid="116" ordinal="1" offset="1" sl="158" sc="13" el="167" ec="15" bec="0" bev="0" fileid="23" />
                <SequencePoint vc="1" uspid="117" ordinal="2" offset="86" sl="168" sc="9" el="168" ec="10" bec="0" bev="0" fileid="23" />
              </SequencePoints>
              <BranchPoints />
              <MethodPoint xsi:type="SequencePoint" vc="1" uspid="115" ordinal="0" offset="0" sl="157" sc="9" el="157" ec="10" bec="0" bev="0" fileid="23" />
            </Method>
            <Method visited="true" cyclomaticComplexity="1" nPathComplexity="0" sequenceCoverage="100" branchCoverage="100" crapScore="1" isConstructor="false" isStatic="true" isGetter="false" isSetter="false">
              <Summary numSequencePoints="3" visitedSequencePoints="3" numBranchPoints="1" visitedBranchPoints="1" sequenceCoverage="100" branchCoverage="100" maxCyclomaticComplexity="1" minCyclomaticComplexity="1" maxCrapScore="1" minCrapScore="1" visitedClasses="0" numClasses="0" visitedMethods="1" numMethods="1" />
              <MetadataToken>100663309</MetadataToken>
              <Name>exercicio2.Features.Livros.Livro Exercicio2.ComumTeste.Features.Livros.ObjectMother::ObterLivroInvalidoVolumeZerado()</Name>
              <FileRef uid="23" />
              <SequencePoints>
                <SequencePoint vc="1" uspid="118" ordinal="0" offset="0" sl="170" sc="9" el="170" ec="10" bec="0" bev="0" fileid="23" />
                <SequencePoint vc="1" uspid="119" ordinal="1" offset="1" sl="171" sc="13" el="180" ec="15" bec="0" bev="0" fileid="23" />
                <SequencePoint vc="1" uspid="120" ordinal="2" offset="86" sl="181" sc="9" el="181" ec="10" bec="0" bev="0" fileid="23" />
              </SequencePoints>
              <BranchPoints />
              <MethodPoint xsi:type="SequencePoint" vc="1" uspid="118" ordinal="0" offset="0" sl="170" sc="9" el="170" ec="10" bec="0" bev="0" fileid="23" />
            </Method>
          </Methods>
        </Class>
        <Class>
          <Summary numSequencePoints="11" visitedSequencePoints="9" numBranchPoints="4" visitedBranchPoints="3" sequenceCoverage="81.82" branchCoverage="75" maxCyclomaticComplexity="1" minCyclomaticComplexity="1" maxCrapScore="2" minCrapScore="1" visitedClasses="1" numClasses="1" visitedMethods="3" numMethods="4" />
          <FullName>Exercicio2.ComumTeste.Features.Emprestimos.ObjectMother</FullName>
          <Methods>
            <Method visited="true" cyclomaticComplexity="1" nPathComplexity="0" sequenceCoverage="100" branchCoverage="100" crapScore="1" isConstructor="false" isStatic="true" isGetter="false" isSetter="false">
              <Summary numSequencePoints="3" visitedSequencePoints="3" numBranchPoints="1" visitedBranchPoints="1" sequenceCoverage="100" branchCoverage="100" maxCyclomaticComplexity="1" minCyclomaticComplexity="1" maxCrapScore="1" minCrapScore="1" visitedClasses="0" numClasses="0" visitedMethods="1" numMethods="1" />
              <MetadataToken>100663310</MetadataToken>
              <Name>exercicio2.Features.Emprestimo.Emprestimo Exercicio2.ComumTeste.Features.Emprestimos.ObjectMother::ObterEmprestimoValido(System.Collections.Generic.IList`1&lt;exercicio2.Features.Livros.Livro&gt;)</Name>
              <FileRef uid="24" />
              <SequencePoints>
                <SequencePoint vc="3" uspid="121" ordinal="0" offset="0" sl="14" sc="9" el="14" ec="10" bec="0" bev="0" fileid="24" />
                <SequencePoint vc="3" uspid="122" ordinal="1" offset="1" sl="15" sc="13" el="22" ec="15" bec="0" bev="0" fileid="24" />
                <SequencePoint vc="3" uspid="123" ordinal="2" offset="88" sl="23" sc="9" el="23" ec="10" bec="0" bev="0" fileid="24" />
              </SequencePoints>
              <BranchPoints />
              <MethodPoint xsi:type="SequencePoint" vc="3" uspid="121" ordinal="0" offset="0" sl="14" sc="9" el="14" ec="10" bec="0" bev="0" fileid="24" />
            </Method>
            <Method visited="false" cyclomaticComplexity="1" nPathComplexity="0" sequenceCoverage="0" branchCoverage="0" crapScore="2" isConstructor="false" isStatic="true" isGetter="false" isSetter="false">
              <Summary numSequencePoints="2" visitedSequencePoints="0" numBranchPoints="1" visitedBranchPoints="0" sequenceCoverage="0" branchCoverage="0" maxCyclomaticComplexity="1" minCyclomaticComplexity="1" maxCrapScore="2" minCrapScore="2" visitedClasses="0" numClasses="0" visitedMethods="0" numMethods="1" />
              <MetadataToken>100663311</MetadataToken>
              <Name>exercicio2.Features.Livros.Livro Exercicio2.ComumTeste.Features.Emprestimos.ObjectMother::ObterLivroValido()</Name>
              <FileRef uid="24" />
              <SequencePoints>
                <SequencePoint vc="0" uspid="124" ordinal="0" offset="0" sl="26" sc="9" el="26" ec="10" bec="0" bev="0" fileid="24" />
                <SequencePoint vc="0" uspid="125" ordinal="1" offset="1" sl="27" sc="13" el="27" ec="49" bec="0" bev="0" fileid="24" />
              </SequencePoints>
              <BranchPoints />
              <MethodPoint xsi:type="SequencePoint" vc="0" uspid="124" ordinal="0" offset="0" sl="26" sc="9" el="26" ec="10" bec="0" bev="0" fileid="24" />
            </Method>
            <Method visited="true" cyclomaticComplexity="1" nPathComplexity="0" sequenceCoverage="100" branchCoverage="100" crapScore="1" isConstructor="false" isStatic="true" isGetter="false" isSetter="false">
              <Summary numSequencePoints="3" visitedSequencePoints="3" numBranchPoints="1" visitedBranchPoints="1" sequenceCoverage="100" branchCoverage="100" maxCyclomaticComplexity="1" minCyclomaticComplexity="1" maxCrapScore="1" minCrapScore="1" visitedClasses="0" numClasses="0" visitedMethods="1" numMethods="1" />
              <MetadataToken>100663312</MetadataToken>
              <Name>exercicio2.Features.Emprestimo.Emprestimo Exercicio2.ComumTeste.Features.Emprestimos.ObjectMother::ObterEmprestimoInvalidoData()</Name>
              <FileRef uid="24" />
              <SequencePoints>
                <SequencePoint vc="1" uspid="126" ordinal="0" offset="0" sl="31" sc="9" el="31" ec="10" bec="0" bev="0" fileid="24" />
                <SequencePoint vc="1" uspid="127" ordinal="1" offset="1" sl="32" sc="13" el="39" ec="15" bec="0" bev="0" fileid="24" />
                <SequencePoint vc="1" uspid="128" ordinal="2" offset="70" sl="40" sc="9" el="40" ec="10" bec="0" bev="0" fileid="24" />
              </SequencePoints>
              <BranchPoints />
              <MethodPoint xsi:type="SequencePoint" vc="1" uspid="126" ordinal="0" offset="0" sl="31" sc="9" el="31" ec="10" bec="0" bev="0" fileid="24" />
            </Method>
            <Method visited="true" cyclomaticComplexity="1" nPathComplexity="0" sequenceCoverage="100" branchCoverage="100" crapScore="1" isConstructor="false" isStatic="true" isGetter="false" isSetter="false">
              <Summary numSequencePoints="3" visitedSequencePoints="3" numBranchPoints="1" visitedBranchPoints="1" sequenceCoverage="100" branchCoverage="100" maxCyclomaticComplexity="1" minCyclomaticComplexity="1" maxCrapScore="1" minCrapScore="1" visitedClasses="0" numClasses="0" visitedMethods="1" numMethods="1" />
              <MetadataToken>100663313</MetadataToken>
              <Name>exercicio2.Features.Emprestimo.Emprestimo Exercicio2.ComumTeste.Features.Emprestimos.ObjectMother::ObterEmprestimoInvalidoNome()</Name>
              <FileRef uid="24" />
              <SequencePoints>
                <SequencePoint vc="2" uspid="129" ordinal="0" offset="0" sl="42" sc="9" el="42" ec="10" bec="0" bev="0" fileid="24" />
                <SequencePoint vc="2" uspid="130" ordinal="1" offset="1" sl="43" sc="13" el="50" ec="15" bec="0" bev="0" fileid="24" />
                <SequencePoint vc="2" uspid="131" ordinal="2" offset="70" sl="51" sc="9" el="51" ec="10" bec="0" bev="0" fileid="24" />
              </SequencePoints>
              <BranchPoints />
              <MethodPoint xsi:type="SequencePoint" vc="2" uspid="129" ordinal="0" offset="0" sl="42" sc="9" el="42" ec="10" bec="0" bev="0" fileid="24" />
            </Method>
          </Methods>
        </Class>
        <Class>
          <Summary numSequencePoints="4" visitedSequencePoints="4" numBranchPoints="1" visitedBranchPoints="1" sequenceCoverage="100" branchCoverage="100" maxCyclomaticComplexity="1" minCyclomaticComplexity="1" maxCrapScore="1" minCrapScore="1" visitedClasses="1" numClasses="1" visitedMethods="1" numMethods="1" />
          <FullName>Exercicio2.ComumTeste.Base.BaseSqlTest</FullName>
          <Methods>
            <Method visited="true" cyclomaticComplexity="1" nPathComplexity="0" sequenceCoverage="100" branchCoverage="100" crapScore="1" isConstructor="false" isStatic="true" isGetter="false" isSetter="false">
              <Summary numSequencePoints="4" visitedSequencePoints="4" numBranchPoints="1" visitedBranchPoints="1" sequenceCoverage="100" branchCoverage="100" maxCyclomaticComplexity="1" minCyclomaticComplexity="1" maxCrapScore="1" minCrapScore="1" visitedClasses="0" numClasses="0" visitedMethods="1" numMethods="1" />
              <MetadataToken>100663314</MetadataToken>
              <Name>System.Void Exercicio2.ComumTeste.Base.BaseSqlTest::SeedDatabase()</Name>
              <FileRef uid="25" />
              <SequencePoints>
                <SequencePoint vc="7" uspid="132" ordinal="0" offset="0" sl="16" sc="9" el="16" ec="10" bec="0" bev="0" fileid="25" />
                <SequencePoint vc="7" uspid="133" ordinal="1" offset="1" sl="17" sc="13" el="17" ec="43" bec="0" bev="0" fileid="25" />
                <SequencePoint vc="7" uspid="134" ordinal="2" offset="13" sl="19" sc="13" el="19" ec="37" bec="0" bev="0" fileid="25" />
                <SequencePoint vc="7" uspid="135" ordinal="3" offset="25" sl="20" sc="9" el="20" ec="10" bec="0" bev="0" fileid="25" />
              </SequencePoints>
              <BranchPoints />
              <MethodPoint xsi:type="SequencePoint" vc="7" uspid="132" ordinal="0" offset="0" sl="16" sc="9" el="16" ec="10" bec="0" bev="0" fileid="25" />
            </Method>
          </Methods>
        </Class>
      </Classes>
    </Module>
    <Module hash="9A-37-A9-98-76-51-4B-2A-80-89-5E-FF-AB-07-3B-F7-39-96-D4-21">
      <Summary numSequencePoints="68" visitedSequencePoints="24" numBranchPoints="19" visitedBranchPoints="8" sequenceCoverage="35.29" branchCoverage="42.11" maxCyclomaticComplexity="4" minCyclomaticComplexity="1" maxCrapScore="20" minCrapScore="1" visitedClasses="2" numClasses="4" visitedMethods="8" numMethods="17" />
      <ModulePath>C:\Users\Luiz Arndt\Desktop\NDD\Reforço\ExercicioNDDRefor-o2\exercicio2\Exercicio2.TesteRepositorio\bin\Debug\exercicio2.Infra.Data.dll</ModulePath>
      <ModuleTime>2018-05-27T09:26:59.1469326Z</ModuleTime>
      <ModuleName>exercicio2.Infra.Data</ModuleName>
      <Files>
        <File uid="35" fullPath="C:\Users\Luiz Arndt\Desktop\NDD\Reforço\ExercicioNDDRefor-o2\exercicio2\exercicio2.Infra.Data\Features\Livros\LivroSqlRepositorio.cs" />
        <File uid="37" fullPath="C:\Users\Luiz Arndt\Desktop\NDD\Reforço\ExercicioNDDRefor-o2\exercicio2\exercicio2.Infra.Data\Features\Emprestimos\EmprestimoSqlRepositorio.cs" />
      </Files>
      <Classes>
        <Class>
          <Summary numSequencePoints="23" visitedSequencePoints="23" numBranchPoints="7" visitedBranchPoints="7" sequenceCoverage="100" branchCoverage="100" maxCyclomaticComplexity="1" minCyclomaticComplexity="1" maxCrapScore="2" minCrapScore="1" visitedClasses="1" numClasses="1" visitedMethods="7" numMethods="7" />
          <FullName>exercicio2.Infra.Data.LivroSqlRepositorio</FullName>
          <Methods>
            <Method visited="true" cyclomaticComplexity="1" nPathComplexity="0" sequenceCoverage="100" branchCoverage="100" crapScore="1" isConstructor="false" isStatic="false" isGetter="false" isSetter="false">
              <Summary numSequencePoints="4" visitedSequencePoints="4" numBranchPoints="1" visitedBranchPoints="1" sequenceCoverage="100" branchCoverage="100" maxCyclomaticComplexity="1" minCyclomaticComplexity="1" maxCrapScore="1" minCrapScore="1" visitedClasses="0" numClasses="0" visitedMethods="1" numMethods="1" />
              <MetadataToken>100663297</MetadataToken>
              <Name>exercicio2.Features.Livros.Livro exercicio2.Infra.Data.LivroSqlRepositorio::Adicionar(exercicio2.Features.Livros.Livro)</Name>
              <FileRef uid="35" />
              <SequencePoints>
                <SequencePoint vc="1" uspid="190" ordinal="0" offset="0" sl="28" sc="9" el="28" ec="10" bec="0" bev="0" fileid="35" />
                <SequencePoint vc="1" uspid="191" ordinal="1" offset="1" sl="29" sc="13" el="29" ec="64" bec="0" bev="0" fileid="35" />
                <SequencePoint vc="1" uspid="192" ordinal="2" offset="25" sl="30" sc="13" el="30" ec="29" bec="0" bev="0" fileid="35" />
                <SequencePoint vc="1" uspid="193" ordinal="3" offset="29" sl="31" sc="9" el="31" ec="10" bec="0" bev="0" fileid="35" />
              </SequencePoints>
              <BranchPoints />
              <MethodPoint xsi:type="SequencePoint" vc="1" uspid="190" ordinal="0" offset="0" sl="28" sc="9" el="28" ec="10" bec="0" bev="0" fileid="35" />
            </Method>
            <Method visited="true" cyclomaticComplexity="1" nPathComplexity="0" sequenceCoverage="100" branchCoverage="100" crapScore="1" isConstructor="false" isStatic="false" isGetter="false" isSetter="false">
              <Summary numSequencePoints="5" visitedSequencePoints="5" numBranchPoints="1" visitedBranchPoints="1" sequenceCoverage="100" branchCoverage="100" maxCyclomaticComplexity="1" minCyclomaticComplexity="1" maxCrapScore="1" minCrapScore="1" visitedClasses="0" numClasses="0" visitedMethods="1" numMethods="1" />
              <MetadataToken>100663298</MetadataToken>
              <Name>exercicio2.Features.Livros.Livro exercicio2.Infra.Data.LivroSqlRepositorio::Atualizar(exercicio2.Features.Livros.Livro)</Name>
              <FileRef uid="35" />
              <SequencePoints>
                <SequencePoint vc="2" uspid="194" ordinal="0" offset="0" sl="34" sc="9" el="34" ec="10" bec="0" bev="0" fileid="35" />
                <SequencePoint vc="2" uspid="195" ordinal="1" offset="1" sl="35" sc="13" el="35" ec="33" bec="0" bev="0" fileid="35" />
                <SequencePoint vc="1" uspid="196" ordinal="2" offset="8" sl="36" sc="13" el="36" ec="49" bec="0" bev="0" fileid="35" />
                <SequencePoint vc="1" uspid="197" ordinal="3" offset="26" sl="37" sc="13" el="37" ec="29" bec="0" bev="0" fileid="35" />
                <SequencePoint vc="1" uspid="198" ordinal="4" offset="30" sl="38" sc="9" el="38" ec="10" bec="0" bev="0" fileid="35" />
              </SequencePoints>
              <BranchPoints />
              <MethodPoint xsi:type="SequencePoint" vc="2" uspid="194" ordinal="0" offset="0" sl="34" sc="9" el="34" ec="10" bec="0" bev="0" fileid="35" />
            </Method>
            <Method visited="true" cyclomaticComplexity="1" nPathComplexity="0" sequenceCoverage="100" branchCoverage="100" crapScore="1" isConstructor="false" isStatic="false" isGetter="false" isSetter="false">
              <Summary numSequencePoints="3" visitedSequencePoints="3" numBranchPoints="1" visitedBranchPoints="1" sequenceCoverage="100" branchCoverage="100" maxCyclomaticComplexity="1" minCyclomaticComplexity="1" maxCrapScore="1" minCrapScore="1" visitedClasses="0" numClasses="0" visitedMethods="1" numMethods="1" />
              <MetadataToken>100663299</MetadataToken>
              <Name>exercicio2.Features.Livros.Livro exercicio2.Infra.Data.LivroSqlRepositorio::BuscarPorId(System.Int64)</Name>
              <FileRef uid="35" />
              <SequencePoints>
                <SequencePoint vc="2" uspid="199" ordinal="0" offset="0" sl="41" sc="9" el="41" ec="10" bec="0" bev="0" fileid="35" />
                <SequencePoint vc="2" uspid="200" ordinal="1" offset="1" sl="42" sc="13" el="42" ec="73" bec="0" bev="0" fileid="35" />
                <SequencePoint vc="2" uspid="201" ordinal="2" offset="42" sl="43" sc="9" el="43" ec="10" bec="0" bev="0" fileid="35" />
              </SequencePoints>
              <BranchPoints />
              <MethodPoint xsi:type="SequencePoint" vc="2" uspid="199" ordinal="0" offset="0" sl="41" sc="9" el="41" ec="10" bec="0" bev="0" fileid="35" />
            </Method>
            <Method visited="true" cyclomaticComplexity="1" nPathComplexity="0" sequenceCoverage="100" branchCoverage="100" crapScore="1" isConstructor="false" isStatic="false" isGetter="false" isSetter="false">
              <Summary numSequencePoints="3" visitedSequencePoints="3" numBranchPoints="1" visitedBranchPoints="1" sequenceCoverage="100" branchCoverage="100" maxCyclomaticComplexity="1" minCyclomaticComplexity="1" maxCrapScore="1" minCrapScore="1" visitedClasses="0" numClasses="0" visitedMethods="1" numMethods="1" />
              <MetadataToken>100663300</MetadataToken>
              <Name>System.Collections.Generic.IList`1&lt;exercicio2.Features.Livros.Livro&gt; exercicio2.Infra.Data.LivroSqlRepositorio::BuscarTodos()</Name>
              <FileRef uid="35" />
              <SequencePoints>
                <SequencePoint vc="1" uspid="202" ordinal="0" offset="0" sl="46" sc="9" el="46" ec="10" bec="0" bev="0" fileid="35" />
                <SequencePoint vc="1" uspid="203" ordinal="1" offset="1" sl="47" sc="13" el="47" ec="47" bec="0" bev="0" fileid="35" />
                <SequencePoint vc="1" uspid="204" ordinal="2" offset="20" sl="48" sc="9" el="48" ec="10" bec="0" bev="0" fileid="35" />
              </SequencePoints>
              <BranchPoints />
              <MethodPoint xsi:type="SequencePoint" vc="1" uspid="202" ordinal="0" offset="0" sl="46" sc="9" el="46" ec="10" bec="0" bev="0" fileid="35" />
            </Method>
            <Method visited="true" cyclomaticComplexity="1" nPathComplexity="0" sequenceCoverage="100" branchCoverage="100" crapScore="1" isConstructor="false" isStatic="false" isGetter="false" isSetter="false">
              <Summary numSequencePoints="4" visitedSequencePoints="4" numBranchPoints="1" visitedBranchPoints="1" sequenceCoverage="100" branchCoverage="100" maxCyclomaticComplexity="1" minCyclomaticComplexity="1" maxCrapScore="1" minCrapScore="1" visitedClasses="0" numClasses="0" visitedMethods="1" numMethods="1" />
              <MetadataToken>100663301</MetadataToken>
              <Name>System.Void exercicio2.Infra.Data.LivroSqlRepositorio::Deletar(exercicio2.Features.Livros.Livro)</Name>
              <FileRef uid="35" />
              <SequencePoints>
                <SequencePoint vc="2" uspid="205" ordinal="0" offset="0" sl="51" sc="9" el="51" ec="10" bec="0" bev="0" fileid="35" />
                <SequencePoint vc="2" uspid="206" ordinal="1" offset="1" sl="52" sc="13" el="52" ec="33" bec="0" bev="0" fileid="35" />
                <SequencePoint vc="1" uspid="207" ordinal="2" offset="8" sl="53" sc="13" el="53" ec="50" bec="0" bev="0" fileid="35" />
                <SequencePoint vc="1" uspid="208" ordinal="3" offset="26" sl="54" sc="9" el="54" ec="10" bec="0" bev="0" fileid="35" />
              </SequencePoints>
              <BranchPoints />
              <MethodPoint xsi:type="SequencePoint" vc="2" uspid="205" ordinal="0" offset="0" sl="51" sc="9" el="51" ec="10" bec="0" bev="0" fileid="35" />
            </Method>
            <Method visited="true" cyclomaticComplexity="1" nPathComplexity="0" sequenceCoverage="100" branchCoverage="100" crapScore="1" isConstructor="false" isStatic="false" isGetter="false" isSetter="false">
              <Summary numSequencePoints="3" visitedSequencePoints="3" numBranchPoints="1" visitedBranchPoints="1" sequenceCoverage="100" branchCoverage="100" maxCyclomaticComplexity="1" minCyclomaticComplexity="1" maxCrapScore="1" minCrapScore="1" visitedClasses="0" numClasses="0" visitedMethods="1" numMethods="1" />
              <MetadataToken>100663302</MetadataToken>
              <Name>System.Object[] exercicio2.Infra.Data.LivroSqlRepositorio::Take(exercicio2.Features.Livros.Livro)</Name>
              <FileRef uid="35" />
              <SequencePoints>
                <SequencePoint vc="3" uspid="209" ordinal="0" offset="0" sl="57" sc="9" el="57" ec="10" bec="0" bev="0" fileid="35" />
                <SequencePoint vc="3" uspid="210" ordinal="1" offset="1" sl="58" sc="13" el="67" ec="15" bec="0" bev="0" fileid="35" />
                <SequencePoint vc="3" uspid="211" ordinal="2" offset="155" sl="68" sc="9" el="68" ec="10" bec="0" bev="0" fileid="35" />
              </SequencePoints>
              <BranchPoints />
              <MethodPoint xsi:type="SequencePoint" vc="3" uspid="209" ordinal="0" offset="0" sl="57" sc="9" el="57" ec="10" bec="0" bev="0" fileid="35" />
            </Method>
            <Method visited="false" cyclomaticComplexity="1" nPathComplexity="0" sequenceCoverage="0" branchCoverage="0" crapScore="2" isConstructor="true" isStatic="false" isGetter="false" isSetter="false">
              <Summary numSequencePoints="0" visitedSequencePoints="0" numBranchPoints="0" visitedBranchPoints="0" sequenceCoverage="0" branchCoverage="0" maxCyclomaticComplexity="1" minCyclomaticComplexity="1" maxCrapScore="2" minCrapScore="2" visitedClasses="0" numClasses="0" visitedMethods="0" numMethods="0" />
              <MetadataToken>100663303</MetadataToken>
              <Name>System.Void exercicio2.Infra.Data.LivroSqlRepositorio::.ctor()</Name>
              <SequencePoints />
              <BranchPoints />
              <MethodPoint vc="0" uspid="212" ordinal="0" offset="0" />
            </Method>
            <Method visited="true" cyclomaticComplexity="1" nPathComplexity="0" sequenceCoverage="100" branchCoverage="100" crapScore="1" isConstructor="true" isStatic="true" isGetter="false" isSetter="false">
              <Summary numSequencePoints="1" visitedSequencePoints="1" numBranchPoints="1" visitedBranchPoints="1" sequenceCoverage="100" branchCoverage="100" maxCyclomaticComplexity="1" minCyclomaticComplexity="1" maxCrapScore="1" minCrapScore="1" visitedClasses="0" numClasses="0" visitedMethods="1" numMethods="1" />
              <MetadataToken>100663304</MetadataToken>
              <Name>System.Void exercicio2.Infra.Data.LivroSqlRepositorio::.cctor()</Name>
              <FileRef uid="35" />
              <SequencePoints>
                <SequencePoint vc="1" uspid="213" ordinal="0" offset="0" sl="69" sc="9" el="79" ec="15" bec="0" bev="0" fileid="35" />
              </SequencePoints>
              <BranchPoints />
              <MethodPoint xsi:type="SequencePoint" vc="1" uspid="213" ordinal="0" offset="0" sl="69" sc="9" el="79" ec="15" bec="0" bev="0" fileid="35" />
            </Method>
          </Methods>
        </Class>
        <Class>
          <Summary numSequencePoints="1" visitedSequencePoints="1" numBranchPoints="1" visitedBranchPoints="1" sequenceCoverage="100" branchCoverage="100" maxCyclomaticComplexity="1" minCyclomaticComplexity="1" maxCrapScore="2" minCrapScore="1" visitedClasses="1" numClasses="1" visitedMethods="1" numMethods="1" />
          <FullName>exercicio2.Infra.Data.LivroSqlRepositorio/&lt;&gt;c</FullName>
          <Methods>
            <Method visited="false" cyclomaticComplexity="1" nPathComplexity="0" sequenceCoverage="0" branchCoverage="0" crapScore="2" isConstructor="true" isStatic="true" isGetter="false" isSetter="false">
              <Summary numSequencePoints="0" visitedSequencePoints="0" numBranchPoints="0" visitedBranchPoints="0" sequenceCoverage="0" branchCoverage="0" maxCyclomaticComplexity="1" minCyclomaticComplexity="1" maxCrapScore="2" minCrapScore="2" visitedClasses="0" numClasses="0" visitedMethods="0" numMethods="0" />
              <MetadataToken>100663314</MetadataToken>
              <Name>System.Void exercicio2.Infra.Data.LivroSqlRepositorio/&lt;&gt;c::.cctor()</Name>
              <SequencePoints />
              <BranchPoints />
              <MethodPoint vc="0" uspid="214" ordinal="0" offset="0" />
            </Method>
            <Method visited="false" cyclomaticComplexity="1" nPathComplexity="0" sequenceCoverage="0" branchCoverage="0" crapScore="2" isConstructor="true" isStatic="false" isGetter="false" isSetter="false">
              <Summary numSequencePoints="0" visitedSequencePoints="0" numBranchPoints="0" visitedBranchPoints="0" sequenceCoverage="0" branchCoverage="0" maxCyclomaticComplexity="1" minCyclomaticComplexity="1" maxCrapScore="2" minCrapScore="2" visitedClasses="0" numClasses="0" visitedMethods="0" numMethods="0" />
              <MetadataToken>100663315</MetadataToken>
              <Name>System.Void exercicio2.Infra.Data.LivroSqlRepositorio/&lt;&gt;c::.ctor()</Name>
              <SequencePoints />
              <BranchPoints />
              <MethodPoint vc="0" uspid="215" ordinal="0" offset="0" />
            </Method>
            <Method visited="true" cyclomaticComplexity="1" nPathComplexity="0" sequenceCoverage="100" branchCoverage="100" crapScore="1" isConstructor="false" isStatic="false" isGetter="false" isSetter="false">
              <Summary numSequencePoints="1" visitedSequencePoints="1" numBranchPoints="1" visitedBranchPoints="1" sequenceCoverage="100" branchCoverage="100" maxCyclomaticComplexity="1" minCyclomaticComplexity="1" maxCrapScore="1" minCrapScore="1" visitedClasses="0" numClasses="0" visitedMethods="1" numMethods="1" />
              <MetadataToken>100663316</MetadataToken>
              <Name>exercicio2.Features.Livros.Livro exercicio2.Infra.Data.LivroSqlRepositorio/&lt;&gt;c::&lt;.cctor&gt;b__13_0(System.Data.IDataReader)</Name>
              <FileRef uid="35" />
              <SequencePoints>
                <SequencePoint vc="2" uspid="216" ordinal="0" offset="0" sl="70" sc="13" el="79" ec="14" bec="0" bev="0" fileid="35" />
              </SequencePoints>
              <BranchPoints />
              <MethodPoint xsi:type="SequencePoint" vc="2" uspid="216" ordinal="0" offset="0" sl="70" sc="13" el="79" ec="14" bec="0" bev="0" fileid="35" />
            </Method>
          </Methods>
        </Class>
        <Class>
          <Summary numSequencePoints="43" visitedSequencePoints="0" numBranchPoints="10" visitedBranchPoints="0" sequenceCoverage="0" branchCoverage="0" maxCyclomaticComplexity="4" minCyclomaticComplexity="1" maxCrapScore="20" minCrapScore="2" visitedClasses="0" numClasses="1" visitedMethods="0" numMethods="8" />
          <FullName>exercicio2.Infra.Data.Features.Emprestimos.EmprestimoSqlRepositorio</FullName>
          <Methods>
            <Method visited="false" cyclomaticComplexity="3" nPathComplexity="0" sequenceCoverage="0" branchCoverage="0" crapScore="12" isConstructor="false" isStatic="false" isGetter="false" isSetter="false">
              <Summary numSequencePoints="11" visitedSequencePoints="0" numBranchPoints="1" visitedBranchPoints="0" sequenceCoverage="0" branchCoverage="0" maxCyclomaticComplexity="3" minCyclomaticComplexity="3" maxCrapScore="12" minCrapScore="12" visitedClasses="0" numClasses="0" visitedMethods="0" numMethods="1" />
              <MetadataToken>100663305</MetadataToken>
              <Name>exercicio2.Features.Emprestimo.Emprestimo exercicio2.Infra.Data.Features.Emprestimos.EmprestimoSqlRepositorio::Adicionar(exercicio2.Features.Emprestimo.Emprestimo)</Name>
              <FileRef uid="37" />
              <SequencePoints>
                <SequencePoint vc="0" uspid="217" ordinal="0" offset="0" sl="27" sc="9" el="27" ec="10" bec="0" bev="0" fileid="37" />
                <SequencePoint vc="0" uspid="218" ordinal="1" offset="1" sl="28" sc="13" el="28" ec="64" bec="0" bev="0" fileid="37" />
                <SequencePoint vc="0" uspid="219" ordinal="2" offset="25" sl="29" sc="13" el="29" ec="20" bec="0" bev="0" fileid="37" />
                <SequencePoint vc="0" uspid="220" ordinal="3" offset="26" sl="29" sc="34" el="29" ec="49" bec="0" bev="0" fileid="37" />
                <SequencePoint vc="0" uspid="221" ordinal="4" offset="40" sl="29" sc="22" el="29" ec="30" bec="0" bev="0" fileid="37" />
                <SequencePoint vc="0" uspid="222" ordinal="5" offset="47" sl="30" sc="13" el="30" ec="14" bec="0" bev="0" fileid="37" />
                <SequencePoint vc="0" uspid="223" ordinal="6" offset="48" sl="31" sc="17" el="31" ec="80" bec="0" bev="0" fileid="37" />
                <SequencePoint vc="0" uspid="224" ordinal="7" offset="67" sl="32" sc="13" el="32" ec="14" bec="0" bev="0" fileid="37" />
                <SequencePoint vc="0" uspid="225" ordinal="8" offset="68" sl="29" sc="31" el="29" ec="33" bec="0" bev="0" fileid="37" />
                <SequencePoint vc="0" uspid="226" ordinal="9" offset="89" sl="33" sc="13" el="33" ec="29" bec="0" bev="0" fileid="37" />
                <SequencePoint vc="0" uspid="227" ordinal="10" offset="93" sl="34" sc="9" el="34" ec="10" bec="0" bev="0" fileid="37" />
              </SequencePoints>
              <BranchPoints />
              <MethodPoint xsi:type="SequencePoint" vc="0" uspid="217" ordinal="0" offset="0" sl="27" sc="9" el="27" ec="10" bec="0" bev="0" fileid="37" />
            </Method>
            <Method visited="false" cyclomaticComplexity="1" nPathComplexity="0" sequenceCoverage="0" branchCoverage="0" crapScore="2" isConstructor="false" isStatic="false" isGetter="false" isSetter="false">
              <Summary numSequencePoints="5" visitedSequencePoints="0" numBranchPoints="1" visitedBranchPoints="0" sequenceCoverage="0" branchCoverage="0" maxCyclomaticComplexity="1" minCyclomaticComplexity="1" maxCrapScore="2" minCrapScore="2" visitedClasses="0" numClasses="0" visitedMethods="0" numMethods="1" />
              <MetadataToken>100663306</MetadataToken>
              <Name>exercicio2.Features.Emprestimo.Emprestimo exercicio2.Infra.Data.Features.Emprestimos.EmprestimoSqlRepositorio::Atualizar(exercicio2.Features.Emprestimo.Emprestimo)</Name>
              <FileRef uid="37" />
              <SequencePoints>
                <SequencePoint vc="0" uspid="230" ordinal="0" offset="0" sl="37" sc="9" el="37" ec="10" bec="0" bev="0" fileid="37" />
                <SequencePoint vc="0" uspid="231" ordinal="1" offset="1" sl="38" sc="13" el="38" ec="33" bec="0" bev="0" fileid="37" />
                <SequencePoint vc="0" uspid="232" ordinal="2" offset="8" sl="39" sc="13" el="39" ec="50" bec="0" bev="0" fileid="37" />
                <SequencePoint vc="0" uspid="233" ordinal="3" offset="26" sl="40" sc="13" el="40" ec="29" bec="0" bev="0" fileid="37" />
                <SequencePoint vc="0" uspid="234" ordinal="4" offset="30" sl="41" sc="9" el="41" ec="10" bec="0" bev="0" fileid="37" />
              </SequencePoints>
              <BranchPoints />
              <MethodPoint xsi:type="SequencePoint" vc="0" uspid="230" ordinal="0" offset="0" sl="37" sc="9" el="37" ec="10" bec="0" bev="0" fileid="37" />
            </Method>
            <Method visited="false" cyclomaticComplexity="1" nPathComplexity="0" sequenceCoverage="0" branchCoverage="0" crapScore="2" isConstructor="false" isStatic="false" isGetter="false" isSetter="false">
              <Summary numSequencePoints="3" visitedSequencePoints="0" numBranchPoints="1" visitedBranchPoints="0" sequenceCoverage="0" branchCoverage="0" maxCyclomaticComplexity="1" minCyclomaticComplexity="1" maxCrapScore="2" minCrapScore="2" visitedClasses="0" numClasses="0" visitedMethods="0" numMethods="1" />
              <MetadataToken>100663307</MetadataToken>
              <Name>System.Collections.Generic.IList`1&lt;exercicio2.Features.Emprestimo.Emprestimo&gt; exercicio2.Infra.Data.Features.Emprestimos.EmprestimoSqlRepositorio::BuscarTodos()</Name>
              <FileRef uid="37" />
              <SequencePoints>
                <SequencePoint vc="0" uspid="235" ordinal="0" offset="0" sl="43" sc="9" el="43" ec="10" bec="0" bev="0" fileid="37" />
                <SequencePoint vc="0" uspid="236" ordinal="1" offset="1" sl="44" sc="12" el="44" ec="46" bec="0" bev="0" fileid="37" />
                <SequencePoint vc="0" uspid="237" ordinal="2" offset="20" sl="45" sc="9" el="45" ec="10" bec="0" bev="0" fileid="37" />
              </SequencePoints>
              <BranchPoints />
              <MethodPoint xsi:type="SequencePoint" vc="0" uspid="235" ordinal="0" offset="0" sl="43" sc="9" el="43" ec="10" bec="0" bev="0" fileid="37" />
            </Method>
            <Method visited="false" cyclomaticComplexity="4" nPathComplexity="2" sequenceCoverage="0" branchCoverage="0" crapScore="20" isConstructor="false" isStatic="false" isGetter="false" isSetter="false">
              <Summary numSequencePoints="14" visitedSequencePoints="0" numBranchPoints="3" visitedBranchPoints="0" sequenceCoverage="0" branchCoverage="0" maxCyclomaticComplexity="4" minCyclomaticComplexity="4" maxCrapScore="20" minCrapScore="20" visitedClasses="0" numClasses="0" visitedMethods="0" numMethods="1" />
              <MetadataToken>100663308</MetadataToken>
              <Name>System.Void exercicio2.Infra.Data.Features.Emprestimos.EmprestimoSqlRepositorio::Deletar(exercicio2.Features.Emprestimo.Emprestimo)</Name>
              <FileRef uid="37" />
              <SequencePoints>
                <SequencePoint vc="0" uspid="238" ordinal="0" offset="0" sl="48" sc="9" el="48" ec="10" bec="0" bev="0" fileid="37" />
                <SequencePoint vc="0" uspid="239" ordinal="1" offset="1" sl="49" sc="13" el="49" ec="33" bec="0" bev="0" fileid="37" />
                <SequencePoint vc="0" uspid="240" ordinal="2" offset="8" sl="50" sc="13" el="50" ec="43" bec="2" bev="0" fileid="37" />
                <SequencePoint vc="0" uspid="241" ordinal="3" offset="26" sl="51" sc="13" el="51" ec="14" bec="0" bev="0" fileid="37" />
                <SequencePoint vc="0" uspid="242" ordinal="4" offset="27" sl="52" sc="17" el="52" ec="24" bec="0" bev="0" fileid="37" />
                <SequencePoint vc="0" uspid="243" ordinal="5" offset="28" sl="52" sc="38" el="52" ec="53" bec="0" bev="0" fileid="37" />
                <SequencePoint vc="0" uspid="244" ordinal="6" offset="42" sl="52" sc="26" el="52" ec="34" bec="0" bev="0" fileid="37" />
                <SequencePoint vc="0" uspid="245" ordinal="7" offset="49" sl="53" sc="17" el="53" ec="18" bec="0" bev="0" fileid="37" />
                <SequencePoint vc="0" uspid="246" ordinal="8" offset="50" sl="54" sc="21" el="54" ec="84" bec="0" bev="0" fileid="37" />
                <SequencePoint vc="0" uspid="247" ordinal="9" offset="69" sl="55" sc="17" el="55" ec="18" bec="0" bev="0" fileid="37" />
                <SequencePoint vc="0" uspid="248" ordinal="10" offset="70" sl="52" sc="35" el="52" ec="37" bec="0" bev="0" fileid="37" />
                <SequencePoint vc="0" uspid="249" ordinal="11" offset="91" sl="56" sc="17" el="56" ec="64" bec="0" bev="0" fileid="37" />
                <SequencePoint vc="0" uspid="250" ordinal="12" offset="109" sl="57" sc="13" el="57" ec="14" bec="0" bev="0" fileid="37" />
                <SequencePoint vc="0" uspid="251" ordinal="13" offset="110" sl="58" sc="9" el="58" ec="10" bec="0" bev="0" fileid="37" />
              </SequencePoints>
              <BranchPoints>
                <BranchPoint vc="0" uspid="252" ordinal="0" offset="24" sl="50" path="0" offsetend="26" fileid="37" />
                <BranchPoint vc="0" uspid="253" ordinal="1" offset="24" sl="50" path="1" offsetend="110" fileid="37" />
              </BranchPoints>
              <MethodPoint xsi:type="SequencePoint" vc="0" uspid="238" ordinal="0" offset="0" sl="48" sc="9" el="48" ec="10" bec="0" bev="0" fileid="37" />
            </Method>
            <Method visited="false" cyclomaticComplexity="1" nPathComplexity="0" sequenceCoverage="0" branchCoverage="0" crapScore="2" isConstructor="false" isStatic="false" isGetter="false" isSetter="false">
              <Summary numSequencePoints="3" visitedSequencePoints="0" numBranchPoints="1" visitedBranchPoints="0" sequenceCoverage="0" branchCoverage="0" maxCyclomaticComplexity="1" minCyclomaticComplexity="1" maxCrapScore="2" minCrapScore="2" visitedClasses="0" numClasses="0" visitedMethods="0" numMethods="1" />
              <MetadataToken>100663309</MetadataToken>
              <Name>System.Object[] exercicio2.Infra.Data.Features.Emprestimos.EmprestimoSqlRepositorio::Take(exercicio2.Features.Emprestimo.Emprestimo)</Name>
              <FileRef uid="37" />
              <SequencePoints>
                <SequencePoint vc="0" uspid="256" ordinal="0" offset="0" sl="60" sc="9" el="60" ec="10" bec="0" bev="0" fileid="37" />
                <SequencePoint vc="0" uspid="257" ordinal="1" offset="1" sl="61" sc="13" el="67" ec="15" bec="0" bev="0" fileid="37" />
                <SequencePoint vc="0" uspid="258" ordinal="2" offset="93" sl="68" sc="9" el="68" ec="10" bec="0" bev="0" fileid="37" />
              </SequencePoints>
              <BranchPoints />
              <MethodPoint xsi:type="SequencePoint" vc="0" uspid="256" ordinal="0" offset="0" sl="60" sc="9" el="60" ec="10" bec="0" bev="0" fileid="37" />
            </Method>
            <Method visited="false" cyclomaticComplexity="1" nPathComplexity="0" sequenceCoverage="0" branchCoverage="0" crapScore="2" isConstructor="false" isStatic="false" isGetter="false" isSetter="false">
              <Summary numSequencePoints="3" visitedSequencePoints="0" numBranchPoints="1" visitedBranchPoints="0" sequenceCoverage="0" branchCoverage="0" maxCyclomaticComplexity="1" minCyclomaticComplexity="1" maxCrapScore="2" minCrapScore="2" visitedClasses="0" numClasses="0" visitedMethods="0" numMethods="1" />
              <MetadataToken>100663310</MetadataToken>
              <Name>System.Object[] exercicio2.Infra.Data.Features.Emprestimos.EmprestimoSqlRepositorio::TakeSecundario(exercicio2.Features.Emprestimo.Emprestimo,exercicio2.Features.Livros.Livro)</Name>
              <FileRef uid="37" />
              <SequencePoints>
                <SequencePoint vc="0" uspid="259" ordinal="0" offset="0" sl="71" sc="9" el="71" ec="10" bec="0" bev="0" fileid="37" />
                <SequencePoint vc="0" uspid="260" ordinal="1" offset="1" sl="72" sc="13" el="76" ec="15" bec="0" bev="0" fileid="37" />
                <SequencePoint vc="0" uspid="261" ordinal="2" offset="54" sl="77" sc="9" el="77" ec="10" bec="0" bev="0" fileid="37" />
              </SequencePoints>
              <BranchPoints />
              <MethodPoint xsi:type="SequencePoint" vc="0" uspid="259" ordinal="0" offset="0" sl="71" sc="9" el="71" ec="10" bec="0" bev="0" fileid="37" />
            </Method>
            <Method visited="false" cyclomaticComplexity="1" nPathComplexity="0" sequenceCoverage="0" branchCoverage="0" crapScore="2" isConstructor="false" isStatic="false" isGetter="false" isSetter="false">
              <Summary numSequencePoints="3" visitedSequencePoints="0" numBranchPoints="1" visitedBranchPoints="0" sequenceCoverage="0" branchCoverage="0" maxCyclomaticComplexity="1" minCyclomaticComplexity="1" maxCrapScore="2" minCrapScore="2" visitedClasses="0" numClasses="0" visitedMethods="0" numMethods="1" />
              <MetadataToken>100663311</MetadataToken>
              <Name>exercicio2.Features.Emprestimo.Emprestimo exercicio2.Infra.Data.Features.Emprestimos.EmprestimoSqlRepositorio::BuscarPorId(System.Int64)</Name>
              <FileRef uid="37" />
              <SequencePoints>
                <SequencePoint vc="0" uspid="262" ordinal="0" offset="0" sl="80" sc="9" el="80" ec="10" bec="0" bev="0" fileid="37" />
                <SequencePoint vc="0" uspid="263" ordinal="1" offset="1" sl="81" sc="13" el="81" ec="45" bec="0" bev="0" fileid="37" />
                <SequencePoint vc="0" uspid="264" ordinal="2" offset="20" sl="82" sc="9" el="82" ec="10" bec="0" bev="0" fileid="37" />
              </SequencePoints>
              <BranchPoints />
              <MethodPoint xsi:type="SequencePoint" vc="0" uspid="262" ordinal="0" offset="0" sl="80" sc="9" el="80" ec="10" bec="0" bev="0" fileid="37" />
            </Method>
            <Method visited="false" cyclomaticComplexity="1" nPathComplexity="0" sequenceCoverage="0" branchCoverage="0" crapScore="2" isConstructor="true" isStatic="false" isGetter="false" isSetter="false">
              <Summary numSequencePoints="0" visitedSequencePoints="0" numBranchPoints="0" visitedBranchPoints="0" sequenceCoverage="0" branchCoverage="0" maxCyclomaticComplexity="1" minCyclomaticComplexity="1" maxCrapScore="2" minCrapScore="2" visitedClasses="0" numClasses="0" visitedMethods="0" numMethods="0" />
              <MetadataToken>100663312</MetadataToken>
              <Name>System.Void exercicio2.Infra.Data.Features.Emprestimos.EmprestimoSqlRepositorio::.ctor()</Name>
              <SequencePoints />
              <BranchPoints />
              <MethodPoint vc="0" uspid="265" ordinal="0" offset="0" />
            </Method>
            <Method visited="false" cyclomaticComplexity="1" nPathComplexity="0" sequenceCoverage="0" branchCoverage="0" crapScore="2" isConstructor="true" isStatic="true" isGetter="false" isSetter="false">
              <Summary numSequencePoints="1" visitedSequencePoints="0" numBranchPoints="1" visitedBranchPoints="0" sequenceCoverage="0" branchCoverage="0" maxCyclomaticComplexity="1" minCyclomaticComplexity="1" maxCrapScore="2" minCrapScore="2" visitedClasses="0" numClasses="0" visitedMethods="0" numMethods="1" />
              <MetadataToken>100663313</MetadataToken>
              <Name>System.Void exercicio2.Infra.Data.Features.Emprestimos.EmprestimoSqlRepositorio::.cctor()</Name>
              <FileRef uid="37" />
              <SequencePoints>
                <SequencePoint vc="0" uspid="266" ordinal="0" offset="0" sl="84" sc="9" el="91" ec="15" bec="0" bev="0" fileid="37" />
              </SequencePoints>
              <BranchPoints />
              <MethodPoint xsi:type="SequencePoint" vc="0" uspid="266" ordinal="0" offset="0" sl="84" sc="9" el="91" ec="15" bec="0" bev="0" fileid="37" />
            </Method>
          </Methods>
        </Class>
        <Class>
          <Summary numSequencePoints="1" visitedSequencePoints="0" numBranchPoints="1" visitedBranchPoints="0" sequenceCoverage="0" branchCoverage="0" maxCyclomaticComplexity="1" minCyclomaticComplexity="1" maxCrapScore="2" minCrapScore="2" visitedClasses="0" numClasses="1" visitedMethods="0" numMethods="1" />
          <FullName>exercicio2.Infra.Data.Features.Emprestimos.EmprestimoSqlRepositorio/&lt;&gt;c</FullName>
          <Methods>
            <Method visited="false" cyclomaticComplexity="1" nPathComplexity="0" sequenceCoverage="0" branchCoverage="0" crapScore="2" isConstructor="true" isStatic="true" isGetter="false" isSetter="false">
              <Summary numSequencePoints="0" visitedSequencePoints="0" numBranchPoints="0" visitedBranchPoints="0" sequenceCoverage="0" branchCoverage="0" maxCyclomaticComplexity="1" minCyclomaticComplexity="1" maxCrapScore="2" minCrapScore="2" visitedClasses="0" numClasses="0" visitedMethods="0" numMethods="0" />
              <MetadataToken>100663317</MetadataToken>
              <Name>System.Void exercicio2.Infra.Data.Features.Emprestimos.EmprestimoSqlRepositorio/&lt;&gt;c::.cctor()</Name>
              <SequencePoints />
              <BranchPoints />
              <MethodPoint vc="0" uspid="267" ordinal="0" offset="0" />
            </Method>
            <Method visited="false" cyclomaticComplexity="1" nPathComplexity="0" sequenceCoverage="0" branchCoverage="0" crapScore="2" isConstructor="true" isStatic="false" isGetter="false" isSetter="false">
              <Summary numSequencePoints="0" visitedSequencePoints="0" numBranchPoints="0" visitedBranchPoints="0" sequenceCoverage="0" branchCoverage="0" maxCyclomaticComplexity="1" minCyclomaticComplexity="1" maxCrapScore="2" minCrapScore="2" visitedClasses="0" numClasses="0" visitedMethods="0" numMethods="0" />
              <MetadataToken>100663318</MetadataToken>
              <Name>System.Void exercicio2.Infra.Data.Features.Emprestimos.EmprestimoSqlRepositorio/&lt;&gt;c::.ctor()</Name>
              <SequencePoints />
              <BranchPoints />
              <MethodPoint vc="0" uspid="268" ordinal="0" offset="0" />
            </Method>
            <Method visited="false" cyclomaticComplexity="1" nPathComplexity="0" sequenceCoverage="0" branchCoverage="0" crapScore="2" isConstructor="false" isStatic="false" isGetter="false" isSetter="false">
              <Summary numSequencePoints="1" visitedSequencePoints="0" numBranchPoints="1" visitedBranchPoints="0" sequenceCoverage="0" branchCoverage="0" maxCyclomaticComplexity="1" minCyclomaticComplexity="1" maxCrapScore="2" minCrapScore="2" visitedClasses="0" numClasses="0" visitedMethods="0" numMethods="1" />
              <MetadataToken>100663319</MetadataToken>
              <Name>exercicio2.Features.Emprestimo.Emprestimo exercicio2.Infra.Data.Features.Emprestimos.EmprestimoSqlRepositorio/&lt;&gt;c::&lt;.cctor&gt;b__16_0(System.Data.IDataReader)</Name>
              <FileRef uid="37" />
              <SequencePoints>
                <SequencePoint vc="0" uspid="269" ordinal="0" offset="0" sl="85" sc="13" el="91" ec="14" bec="0" bev="0" fileid="37" />
              </SequencePoints>
              <BranchPoints />
              <MethodPoint xsi:type="SequencePoint" vc="0" uspid="269" ordinal="0" offset="0" sl="85" sc="13" el="91" ec="14" bec="0" bev="0" fileid="37" />
            </Method>
          </Methods>
        </Class>
      </Classes>
    </Module>
    <Module hash="19-29-DE-28-99-DA-B8-7C-8D-BA-BD-99-8E-2F-7B-3C-CE-EC-E3-BD">
      <Summary numSequencePoints="0" visitedSequencePoints="0" numBranchPoints="0" visitedBranchPoints="0" sequenceCoverage="0" branchCoverage="0" maxCyclomaticComplexity="0" minCyclomaticComplexity="0" maxCrapScore="0" minCrapScore="0" visitedClasses="0" numClasses="0" visitedMethods="0" numMethods="0" />
      <ModulePath>C:\Users\Luiz Arndt\Desktop\NDD\Reforço\ExercicioNDDRefor-o2\exercicio2\Exercicio2.TesteRepositorio\bin\Debug\exercicio2.Infra.dll</ModulePath>
      <ModuleTime>2018-05-27T09:26:58.8934821Z</ModuleTime>
      <ModuleName>exercicio2.Infra</ModuleName>
      <Files />
      <Classes />
    </Module>
  </Modules>
</CoverageSession>