<?xml version="1.0" encoding="utf-8"?>
<CoverageSession xmlns:xsd="http://www.w3.org/2001/XMLSchema" xmlns:xsi="http://www.w3.org/2001/XMLSchema-instance" Version="4.6.0.0">
  <Summary numSequencePoints="171" visitedSequencePoints="31" numBranchPoints="76" visitedBranchPoints="9" sequenceCoverage="18.13" branchCoverage="11.84" maxCyclomaticComplexity="13" minCyclomaticComplexity="0" maxCrapScore="182" minCrapScore="0" visitedClasses="5" numClasses="9" visitedMethods="9" numMethods="38" />
  <Modules>
    <Module hash="C9-8B-4E-1E-CA-95-58-D1-C8-02-09-19-70-F4-64-A5-B7-6C-BD-34">
      <Summary numSequencePoints="56" visitedSequencePoints="11" numBranchPoints="17" visitedBranchPoints="2" sequenceCoverage="19.64" branchCoverage="11.76" maxCyclomaticComplexity="1" minCyclomaticComplexity="1" maxCrapScore="2" minCrapScore="1" visitedClasses="2" numClasses="3" visitedMethods="2" numMethods="17" />
      <ModulePath>C:\Users\Luiz Arndt\Desktop\NDD\Reforço\ExercicioNDDRefor-o2\exercicio2\Exercicio2.TesteRepositorio\bin\Debug\Exercicio2.ComumTeste.dll</ModulePath>
      <ModuleTime>2018-05-27T10:18:55.8764113Z</ModuleTime>
      <ModuleName>Exercicio2.ComumTeste</ModuleName>
      <Files>
        <File uid="1" fullPath="C:\Users\Luiz Arndt\Desktop\NDD\Reforço\ExercicioNDDRefor-o2\exercicio2\Exercicio2.ComumTeste\Features\Livros\ObjectMother.cs" />
        <File uid="2" fullPath="C:\Users\Luiz Arndt\Desktop\NDD\Reforço\ExercicioNDDRefor-o2\exercicio2\Exercicio2.ComumTeste\Features\Emprestimos\ObjectMother.cs" />
        <File uid="3" fullPath="C:\Users\Luiz Arndt\Desktop\NDD\Reforço\ExercicioNDDRefor-o2\exercicio2\Exercicio2.ComumTeste\Base\BaseSqlTest.cs" />
      </Files>
      <Classes>
        <Class>
          <Summary numSequencePoints="39" visitedSequencePoints="0" numBranchPoints="13" visitedBranchPoints="0" sequenceCoverage="0" branchCoverage="0" maxCyclomaticComplexity="1" minCyclomaticComplexity="1" maxCrapScore="2" minCrapScore="2" visitedClasses="0" numClasses="1" visitedMethods="0" numMethods="13" />
          <FullName>Exercicio2.ComumTeste.Features.Livros.ObjectMother</FullName>
          <Methods>
            <Method visited="false" cyclomaticComplexity="1" nPathComplexity="0" sequenceCoverage="0" branchCoverage="0" crapScore="2" isConstructor="false" isStatic="true" isGetter="false" isSetter="false">
              <Summary numSequencePoints="3" visitedSequencePoints="0" numBranchPoints="1" visitedBranchPoints="0" sequenceCoverage="0" branchCoverage="0" maxCyclomaticComplexity="1" minCyclomaticComplexity="1" maxCrapScore="2" minCrapScore="2" visitedClasses="0" numClasses="0" visitedMethods="0" numMethods="1" />
              <MetadataToken>100663297</MetadataToken>
              <Name>exercicio2.Features.Livros.Livro Exercicio2.ComumTeste.Features.Livros.ObjectMother::ObterLivroValido()</Name>
              <FileRef uid="1" />
              <SequencePoints>
                <SequencePoint vc="0" uspid="1" ordinal="0" offset="0" sl="13" sc="9" el="13" ec="10" bec="0" bev="0" fileid="1" />
                <SequencePoint vc="0" uspid="2" ordinal="1" offset="1" sl="14" sc="13" el="23" ec="15" bec="0" bev="0" fileid="1" />
                <SequencePoint vc="0" uspid="3" ordinal="2" offset="87" sl="24" sc="9" el="24" ec="10" bec="0" bev="0" fileid="1" />
              </SequencePoints>
              <BranchPoints />
              <MethodPoint xsi:type="SequencePoint" vc="0" uspid="1" ordinal="0" offset="0" sl="13" sc="9" el="13" ec="10" bec="0" bev="0" fileid="1" />
            </Method>
            <Method visited="false" cyclomaticComplexity="1" nPathComplexity="0" sequenceCoverage="0" branchCoverage="0" crapScore="2" isConstructor="false" isStatic="true" isGetter="false" isSetter="false">
              <Summary numSequencePoints="3" visitedSequencePoints="0" numBranchPoints="1" visitedBranchPoints="0" sequenceCoverage="0" branchCoverage="0" maxCyclomaticComplexity="1" minCyclomaticComplexity="1" maxCrapScore="2" minCrapScore="2" visitedClasses="0" numClasses="0" visitedMethods="0" numMethods="1" />
              <MetadataToken>100663298</MetadataToken>
              <Name>exercicio2.Features.Livros.Livro Exercicio2.ComumTeste.Features.Livros.ObjectMother::ObterLivroInvalidoTituloMinimoCaracter()</Name>
              <FileRef uid="1" />
              <SequencePoints>
                <SequencePoint vc="0" uspid="4" ordinal="0" offset="0" sl="27" sc="9" el="27" ec="10" bec="0" bev="0" fileid="1" />
                <SequencePoint vc="0" uspid="5" ordinal="1" offset="1" sl="28" sc="13" el="37" ec="15" bec="0" bev="0" fileid="1" />
                <SequencePoint vc="0" uspid="6" ordinal="2" offset="87" sl="38" sc="9" el="38" ec="10" bec="0" bev="0" fileid="1" />
              </SequencePoints>
              <BranchPoints />
              <MethodPoint xsi:type="SequencePoint" vc="0" uspid="4" ordinal="0" offset="0" sl="27" sc="9" el="27" ec="10" bec="0" bev="0" fileid="1" />
            </Method>
            <Method visited="false" cyclomaticComplexity="1" nPathComplexity="0" sequenceCoverage="0" branchCoverage="0" crapScore="2" isConstructor="false" isStatic="true" isGetter="false" isSetter="false">
              <Summary numSequencePoints="3" visitedSequencePoints="0" numBranchPoints="1" visitedBranchPoints="0" sequenceCoverage="0" branchCoverage="0" maxCyclomaticComplexity="1" minCyclomaticComplexity="1" maxCrapScore="2" minCrapScore="2" visitedClasses="0" numClasses="0" visitedMethods="0" numMethods="1" />
              <MetadataToken>100663299</MetadataToken>
              <Name>exercicio2.Features.Livros.Livro Exercicio2.ComumTeste.Features.Livros.ObjectMother::ObterLivroInvalidoTituloMaximoCaracter()</Name>
              <FileRef uid="1" />
              <SequencePoints>
                <SequencePoint vc="0" uspid="7" ordinal="0" offset="0" sl="40" sc="9" el="40" ec="10" bec="0" bev="0" fileid="1" />
                <SequencePoint vc="0" uspid="8" ordinal="1" offset="1" sl="41" sc="13" el="50" ec="15" bec="0" bev="0" fileid="1" />
                <SequencePoint vc="0" uspid="9" ordinal="2" offset="87" sl="51" sc="9" el="51" ec="10" bec="0" bev="0" fileid="1" />
              </SequencePoints>
              <BranchPoints />
              <MethodPoint xsi:type="SequencePoint" vc="0" uspid="7" ordinal="0" offset="0" sl="40" sc="9" el="40" ec="10" bec="0" bev="0" fileid="1" />
            </Method>
            <Method visited="false" cyclomaticComplexity="1" nPathComplexity="0" sequenceCoverage="0" branchCoverage="0" crapScore="2" isConstructor="false" isStatic="true" isGetter="false" isSetter="false">
              <Summary numSequencePoints="3" visitedSequencePoints="0" numBranchPoints="1" visitedBranchPoints="0" sequenceCoverage="0" branchCoverage="0" maxCyclomaticComplexity="1" minCyclomaticComplexity="1" maxCrapScore="2" minCrapScore="2" visitedClasses="0" numClasses="0" visitedMethods="0" numMethods="1" />
              <MetadataToken>100663300</MetadataToken>
              <Name>exercicio2.Features.Livros.Livro Exercicio2.ComumTeste.Features.Livros.ObjectMother::ObterLivroInvalidoTituloVazio()</Name>
              <FileRef uid="1" />
              <SequencePoints>
                <SequencePoint vc="0" uspid="10" ordinal="0" offset="0" sl="53" sc="9" el="53" ec="10" bec="0" bev="0" fileid="1" />
                <SequencePoint vc="0" uspid="11" ordinal="1" offset="1" sl="54" sc="13" el="63" ec="15" bec="0" bev="0" fileid="1" />
                <SequencePoint vc="0" uspid="12" ordinal="2" offset="87" sl="64" sc="9" el="64" ec="10" bec="0" bev="0" fileid="1" />
              </SequencePoints>
              <BranchPoints />
              <MethodPoint xsi:type="SequencePoint" vc="0" uspid="10" ordinal="0" offset="0" sl="53" sc="9" el="53" ec="10" bec="0" bev="0" fileid="1" />
            </Method>
            <Method visited="false" cyclomaticComplexity="1" nPathComplexity="0" sequenceCoverage="0" branchCoverage="0" crapScore="2" isConstructor="false" isStatic="true" isGetter="false" isSetter="false">
              <Summary numSequencePoints="3" visitedSequencePoints="0" numBranchPoints="1" visitedBranchPoints="0" sequenceCoverage="0" branchCoverage="0" maxCyclomaticComplexity="1" minCyclomaticComplexity="1" maxCrapScore="2" minCrapScore="2" visitedClasses="0" numClasses="0" visitedMethods="0" numMethods="1" />
              <MetadataToken>100663301</MetadataToken>
              <Name>exercicio2.Features.Livros.Livro Exercicio2.ComumTeste.Features.Livros.ObjectMother::ObterLivroInvalidoTemaMinimoCaracter()</Name>
              <FileRef uid="1" />
              <SequencePoints>
                <SequencePoint vc="0" uspid="13" ordinal="0" offset="0" sl="66" sc="9" el="66" ec="10" bec="0" bev="0" fileid="1" />
                <SequencePoint vc="0" uspid="14" ordinal="1" offset="1" sl="67" sc="13" el="76" ec="15" bec="0" bev="0" fileid="1" />
                <SequencePoint vc="0" uspid="15" ordinal="2" offset="87" sl="77" sc="9" el="77" ec="10" bec="0" bev="0" fileid="1" />
              </SequencePoints>
              <BranchPoints />
              <MethodPoint xsi:type="SequencePoint" vc="0" uspid="13" ordinal="0" offset="0" sl="66" sc="9" el="66" ec="10" bec="0" bev="0" fileid="1" />
            </Method>
            <Method visited="false" cyclomaticComplexity="1" nPathComplexity="0" sequenceCoverage="0" branchCoverage="0" crapScore="2" isConstructor="false" isStatic="true" isGetter="false" isSetter="false">
              <Summary numSequencePoints="3" visitedSequencePoints="0" numBranchPoints="1" visitedBranchPoints="0" sequenceCoverage="0" branchCoverage="0" maxCyclomaticComplexity="1" minCyclomaticComplexity="1" maxCrapScore="2" minCrapScore="2" visitedClasses="0" numClasses="0" visitedMethods="0" numMethods="1" />
              <MetadataToken>100663302</MetadataToken>
              <Name>exercicio2.Features.Livros.Livro Exercicio2.ComumTeste.Features.Livros.ObjectMother::ObterLivroInvalidoTemaMaximoCaracter()</Name>
              <FileRef uid="1" />
              <SequencePoints>
                <SequencePoint vc="0" uspid="16" ordinal="0" offset="0" sl="79" sc="9" el="79" ec="10" bec="0" bev="0" fileid="1" />
                <SequencePoint vc="0" uspid="17" ordinal="1" offset="1" sl="80" sc="13" el="89" ec="15" bec="0" bev="0" fileid="1" />
                <SequencePoint vc="0" uspid="18" ordinal="2" offset="87" sl="90" sc="9" el="90" ec="10" bec="0" bev="0" fileid="1" />
              </SequencePoints>
              <BranchPoints />
              <MethodPoint xsi:type="SequencePoint" vc="0" uspid="16" ordinal="0" offset="0" sl="79" sc="9" el="79" ec="10" bec="0" bev="0" fileid="1" />
            </Method>
            <Method visited="false" cyclomaticComplexity="1" nPathComplexity="0" sequenceCoverage="0" branchCoverage="0" crapScore="2" isConstructor="false" isStatic="true" isGetter="false" isSetter="false">
              <Summary numSequencePoints="3" visitedSequencePoints="0" numBranchPoints="1" visitedBranchPoints="0" sequenceCoverage="0" branchCoverage="0" maxCyclomaticComplexity="1" minCyclomaticComplexity="1" maxCrapScore="2" minCrapScore="2" visitedClasses="0" numClasses="0" visitedMethods="0" numMethods="1" />
              <MetadataToken>100663303</MetadataToken>
              <Name>exercicio2.Features.Livros.Livro Exercicio2.ComumTeste.Features.Livros.ObjectMother::ObterLivroInvalidoTemaVazio()</Name>
              <FileRef uid="1" />
              <SequencePoints>
                <SequencePoint vc="0" uspid="19" ordinal="0" offset="0" sl="92" sc="9" el="92" ec="10" bec="0" bev="0" fileid="1" />
                <SequencePoint vc="0" uspid="20" ordinal="1" offset="1" sl="93" sc="13" el="102" ec="15" bec="0" bev="0" fileid="1" />
                <SequencePoint vc="0" uspid="21" ordinal="2" offset="87" sl="103" sc="9" el="103" ec="10" bec="0" bev="0" fileid="1" />
              </SequencePoints>
              <BranchPoints />
              <MethodPoint xsi:type="SequencePoint" vc="0" uspid="19" ordinal="0" offset="0" sl="92" sc="9" el="92" ec="10" bec="0" bev="0" fileid="1" />
            </Method>
            <Method visited="false" cyclomaticComplexity="1" nPathComplexity="0" sequenceCoverage="0" branchCoverage="0" crapScore="2" isConstructor="false" isStatic="true" isGetter="false" isSetter="false">
              <Summary numSequencePoints="3" visitedSequencePoints="0" numBranchPoints="1" visitedBranchPoints="0" sequenceCoverage="0" branchCoverage="0" maxCyclomaticComplexity="1" minCyclomaticComplexity="1" maxCrapScore="2" minCrapScore="2" visitedClasses="0" numClasses="0" visitedMethods="0" numMethods="1" />
              <MetadataToken>100663304</MetadataToken>
              <Name>exercicio2.Features.Livros.Livro Exercicio2.ComumTeste.Features.Livros.ObjectMother::ObterLivroInvalidoAutorMinimoCaracter()</Name>
              <FileRef uid="1" />
              <SequencePoints>
                <SequencePoint vc="0" uspid="22" ordinal="0" offset="0" sl="105" sc="9" el="105" ec="10" bec="0" bev="0" fileid="1" />
                <SequencePoint vc="0" uspid="23" ordinal="1" offset="1" sl="106" sc="13" el="115" ec="15" bec="0" bev="0" fileid="1" />
                <SequencePoint vc="0" uspid="24" ordinal="2" offset="87" sl="116" sc="9" el="116" ec="10" bec="0" bev="0" fileid="1" />
              </SequencePoints>
              <BranchPoints />
              <MethodPoint xsi:type="SequencePoint" vc="0" uspid="22" ordinal="0" offset="0" sl="105" sc="9" el="105" ec="10" bec="0" bev="0" fileid="1" />
            </Method>
            <Method visited="false" cyclomaticComplexity="1" nPathComplexity="0" sequenceCoverage="0" branchCoverage="0" crapScore="2" isConstructor="false" isStatic="true" isGetter="false" isSetter="false">
              <Summary numSequencePoints="3" visitedSequencePoints="0" numBranchPoints="1" visitedBranchPoints="0" sequenceCoverage="0" branchCoverage="0" maxCyclomaticComplexity="1" minCyclomaticComplexity="1" maxCrapScore="2" minCrapScore="2" visitedClasses="0" numClasses="0" visitedMethods="0" numMethods="1" />
              <MetadataToken>100663305</MetadataToken>
              <Name>exercicio2.Features.Livros.Livro Exercicio2.ComumTeste.Features.Livros.ObjectMother::ObterLivroInvalidoAutorMaximoCaracter()</Name>
              <FileRef uid="1" />
              <SequencePoints>
                <SequencePoint vc="0" uspid="25" ordinal="0" offset="0" sl="118" sc="9" el="118" ec="10" bec="0" bev="0" fileid="1" />
                <SequencePoint vc="0" uspid="26" ordinal="1" offset="1" sl="119" sc="13" el="128" ec="15" bec="0" bev="0" fileid="1" />
                <SequencePoint vc="0" uspid="27" ordinal="2" offset="87" sl="129" sc="9" el="129" ec="10" bec="0" bev="0" fileid="1" />
              </SequencePoints>
              <BranchPoints />
              <MethodPoint xsi:type="SequencePoint" vc="0" uspid="25" ordinal="0" offset="0" sl="118" sc="9" el="118" ec="10" bec="0" bev="0" fileid="1" />
            </Method>
            <Method visited="false" cyclomaticComplexity="1" nPathComplexity="0" sequenceCoverage="0" branchCoverage="0" crapScore="2" isConstructor="false" isStatic="true" isGetter="false" isSetter="false">
              <Summary numSequencePoints="3" visitedSequencePoints="0" numBranchPoints="1" visitedBranchPoints="0" sequenceCoverage="0" branchCoverage="0" maxCyclomaticComplexity="1" minCyclomaticComplexity="1" maxCrapScore="2" minCrapScore="2" visitedClasses="0" numClasses="0" visitedMethods="0" numMethods="1" />
              <MetadataToken>100663306</MetadataToken>
              <Name>exercicio2.Features.Livros.Livro Exercicio2.ComumTeste.Features.Livros.ObjectMother::ObterLivroInvalidoAutorZerado()</Name>
              <FileRef uid="1" />
              <SequencePoints>
                <SequencePoint vc="0" uspid="28" ordinal="0" offset="0" sl="131" sc="9" el="131" ec="10" bec="0" bev="0" fileid="1" />
                <SequencePoint vc="0" uspid="29" ordinal="1" offset="1" sl="132" sc="13" el="141" ec="15" bec="0" bev="0" fileid="1" />
                <SequencePoint vc="0" uspid="30" ordinal="2" offset="87" sl="142" sc="9" el="142" ec="10" bec="0" bev="0" fileid="1" />
              </SequencePoints>
              <BranchPoints />
              <MethodPoint xsi:type="SequencePoint" vc="0" uspid="28" ordinal="0" offset="0" sl="131" sc="9" el="131" ec="10" bec="0" bev="0" fileid="1" />
            </Method>
            <Method visited="false" cyclomaticComplexity="1" nPathComplexity="0" sequenceCoverage="0" branchCoverage="0" crapScore="2" isConstructor="false" isStatic="true" isGetter="false" isSetter="false">
              <Summary numSequencePoints="3" visitedSequencePoints="0" numBranchPoints="1" visitedBranchPoints="0" sequenceCoverage="0" branchCoverage="0" maxCyclomaticComplexity="1" minCyclomaticComplexity="1" maxCrapScore="2" minCrapScore="2" visitedClasses="0" numClasses="0" visitedMethods="0" numMethods="1" />
              <MetadataToken>100663307</MetadataToken>
              <Name>exercicio2.Features.Livros.Livro Exercicio2.ComumTeste.Features.Livros.ObjectMother::ObterLivroInvalidoId()</Name>
              <FileRef uid="1" />
              <SequencePoints>
                <SequencePoint vc="0" uspid="31" ordinal="0" offset="0" sl="144" sc="9" el="144" ec="10" bec="0" bev="0" fileid="1" />
                <SequencePoint vc="0" uspid="32" ordinal="1" offset="1" sl="145" sc="13" el="154" ec="15" bec="0" bev="0" fileid="1" />
                <SequencePoint vc="0" uspid="33" ordinal="2" offset="87" sl="155" sc="9" el="155" ec="10" bec="0" bev="0" fileid="1" />
              </SequencePoints>
              <BranchPoints />
              <MethodPoint xsi:type="SequencePoint" vc="0" uspid="31" ordinal="0" offset="0" sl="144" sc="9" el="144" ec="10" bec="0" bev="0" fileid="1" />
            </Method>
            <Method visited="false" cyclomaticComplexity="1" nPathComplexity="0" sequenceCoverage="0" branchCoverage="0" crapScore="2" isConstructor="false" isStatic="true" isGetter="false" isSetter="false">
              <Summary numSequencePoints="3" visitedSequencePoints="0" numBranchPoints="1" visitedBranchPoints="0" sequenceCoverage="0" branchCoverage="0" maxCyclomaticComplexity="1" minCyclomaticComplexity="1" maxCrapScore="2" minCrapScore="2" visitedClasses="0" numClasses="0" visitedMethods="0" numMethods="1" />
              <MetadataToken>100663308</MetadataToken>
              <Name>exercicio2.Features.Livros.Livro Exercicio2.ComumTeste.Features.Livros.ObjectMother::ObterLivroInvalidoDataNulla()</Name>
              <FileRef uid="1" />
              <SequencePoints>
                <SequencePoint vc="0" uspid="34" ordinal="0" offset="0" sl="157" sc="9" el="157" ec="10" bec="0" bev="0" fileid="1" />
                <SequencePoint vc="0" uspid="35" ordinal="1" offset="1" sl="158" sc="13" el="167" ec="15" bec="0" bev="0" fileid="1" />
                <SequencePoint vc="0" uspid="36" ordinal="2" offset="86" sl="168" sc="9" el="168" ec="10" bec="0" bev="0" fileid="1" />
              </SequencePoints>
              <BranchPoints />
              <MethodPoint xsi:type="SequencePoint" vc="0" uspid="34" ordinal="0" offset="0" sl="157" sc="9" el="157" ec="10" bec="0" bev="0" fileid="1" />
            </Method>
            <Method visited="false" cyclomaticComplexity="1" nPathComplexity="0" sequenceCoverage="0" branchCoverage="0" crapScore="2" isConstructor="false" isStatic="true" isGetter="false" isSetter="false">
              <Summary numSequencePoints="3" visitedSequencePoints="0" numBranchPoints="1" visitedBranchPoints="0" sequenceCoverage="0" branchCoverage="0" maxCyclomaticComplexity="1" minCyclomaticComplexity="1" maxCrapScore="2" minCrapScore="2" visitedClasses="0" numClasses="0" visitedMethods="0" numMethods="1" />
              <MetadataToken>100663309</MetadataToken>
              <Name>exercicio2.Features.Livros.Livro Exercicio2.ComumTeste.Features.Livros.ObjectMother::ObterLivroInvalidoVolumeZerado()</Name>
              <FileRef uid="1" />
              <SequencePoints>
                <SequencePoint vc="0" uspid="37" ordinal="0" offset="0" sl="170" sc="9" el="170" ec="10" bec="0" bev="0" fileid="1" />
                <SequencePoint vc="0" uspid="38" ordinal="1" offset="1" sl="171" sc="13" el="180" ec="15" bec="0" bev="0" fileid="1" />
                <SequencePoint vc="0" uspid="39" ordinal="2" offset="86" sl="181" sc="9" el="181" ec="10" bec="0" bev="0" fileid="1" />
              </SequencePoints>
              <BranchPoints />
              <MethodPoint xsi:type="SequencePoint" vc="0" uspid="37" ordinal="0" offset="0" sl="170" sc="9" el="170" ec="10" bec="0" bev="0" fileid="1" />
            </Method>
          </Methods>
        </Class>
        <Class>
          <Summary numSequencePoints="9" visitedSequencePoints="3" numBranchPoints="3" visitedBranchPoints="1" sequenceCoverage="33.33" branchCoverage="33.33" maxCyclomaticComplexity="1" minCyclomaticComplexity="1" maxCrapScore="2" minCrapScore="1" visitedClasses="1" numClasses="1" visitedMethods="1" numMethods="3" />
          <FullName>Exercicio2.ComumTeste.Features.Emprestimos.ObjectMother</FullName>
          <Methods>
            <Method visited="true" cyclomaticComplexity="1" nPathComplexity="0" sequenceCoverage="100" branchCoverage="100" crapScore="1" isConstructor="false" isStatic="true" isGetter="false" isSetter="false">
              <Summary numSequencePoints="3" visitedSequencePoints="3" numBranchPoints="1" visitedBranchPoints="1" sequenceCoverage="100" branchCoverage="100" maxCyclomaticComplexity="1" minCyclomaticComplexity="1" maxCrapScore="1" minCrapScore="1" visitedClasses="0" numClasses="0" visitedMethods="1" numMethods="1" />
              <MetadataToken>100663310</MetadataToken>
              <Name>exercicio2.Features.Emprestimo.Emprestimo Exercicio2.ComumTeste.Features.Emprestimos.ObjectMother::ObterEmprestimoValido(System.Collections.Generic.IList`1&lt;exercicio2.Features.Livros.Livro&gt;)</Name>
              <FileRef uid="2" />
              <SequencePoints>
                <SequencePoint vc="1" uspid="40" ordinal="0" offset="0" sl="14" sc="9" el="14" ec="10" bec="0" bev="0" fileid="2" />
                <SequencePoint vc="1" uspid="41" ordinal="1" offset="1" sl="15" sc="13" el="22" ec="15" bec="0" bev="0" fileid="2" />
                <SequencePoint vc="1" uspid="42" ordinal="2" offset="88" sl="23" sc="9" el="23" ec="10" bec="0" bev="0" fileid="2" />
              </SequencePoints>
              <BranchPoints />
              <MethodPoint xsi:type="SequencePoint" vc="1" uspid="40" ordinal="0" offset="0" sl="14" sc="9" el="14" ec="10" bec="0" bev="0" fileid="2" />
            </Method>
            <Method visited="false" cyclomaticComplexity="1" nPathComplexity="0" sequenceCoverage="0" branchCoverage="0" crapScore="2" isConstructor="false" isStatic="true" isGetter="false" isSetter="false">
              <Summary numSequencePoints="3" visitedSequencePoints="0" numBranchPoints="1" visitedBranchPoints="0" sequenceCoverage="0" branchCoverage="0" maxCyclomaticComplexity="1" minCyclomaticComplexity="1" maxCrapScore="2" minCrapScore="2" visitedClasses="0" numClasses="0" visitedMethods="0" numMethods="1" />
              <MetadataToken>100663311</MetadataToken>
              <Name>exercicio2.Features.Emprestimo.Emprestimo Exercicio2.ComumTeste.Features.Emprestimos.ObjectMother::ObterEmprestimoInvalidoData()</Name>
              <FileRef uid="2" />
              <SequencePoints>
                <SequencePoint vc="0" uspid="43" ordinal="0" offset="0" sl="26" sc="9" el="26" ec="10" bec="0" bev="0" fileid="2" />
                <SequencePoint vc="0" uspid="44" ordinal="1" offset="1" sl="27" sc="13" el="34" ec="15" bec="0" bev="0" fileid="2" />
                <SequencePoint vc="0" uspid="45" ordinal="2" offset="70" sl="35" sc="9" el="35" ec="10" bec="0" bev="0" fileid="2" />
              </SequencePoints>
              <BranchPoints />
              <MethodPoint xsi:type="SequencePoint" vc="0" uspid="43" ordinal="0" offset="0" sl="26" sc="9" el="26" ec="10" bec="0" bev="0" fileid="2" />
            </Method>
            <Method visited="false" cyclomaticComplexity="1" nPathComplexity="0" sequenceCoverage="0" branchCoverage="0" crapScore="2" isConstructor="false" isStatic="true" isGetter="false" isSetter="false">
              <Summary numSequencePoints="3" visitedSequencePoints="0" numBranchPoints="1" visitedBranchPoints="0" sequenceCoverage="0" branchCoverage="0" maxCyclomaticComplexity="1" minCyclomaticComplexity="1" maxCrapScore="2" minCrapScore="2" visitedClasses="0" numClasses="0" visitedMethods="0" numMethods="1" />
              <MetadataToken>100663312</MetadataToken>
              <Name>exercicio2.Features.Emprestimo.Emprestimo Exercicio2.ComumTeste.Features.Emprestimos.ObjectMother::ObterEmprestimoInvalidoNome()</Name>
              <FileRef uid="2" />
              <SequencePoints>
                <SequencePoint vc="0" uspid="46" ordinal="0" offset="0" sl="37" sc="9" el="37" ec="10" bec="0" bev="0" fileid="2" />
                <SequencePoint vc="0" uspid="47" ordinal="1" offset="1" sl="38" sc="13" el="45" ec="15" bec="0" bev="0" fileid="2" />
                <SequencePoint vc="0" uspid="48" ordinal="2" offset="70" sl="46" sc="9" el="46" ec="10" bec="0" bev="0" fileid="2" />
              </SequencePoints>
              <BranchPoints />
              <MethodPoint xsi:type="SequencePoint" vc="0" uspid="46" ordinal="0" offset="0" sl="37" sc="9" el="37" ec="10" bec="0" bev="0" fileid="2" />
            </Method>
          </Methods>
        </Class>
        <Class>
          <Summary numSequencePoints="8" visitedSequencePoints="8" numBranchPoints="1" visitedBranchPoints="1" sequenceCoverage="100" branchCoverage="100" maxCyclomaticComplexity="1" minCyclomaticComplexity="1" maxCrapScore="1" minCrapScore="1" visitedClasses="1" numClasses="1" visitedMethods="1" numMethods="1" />
          <FullName>Exercicio2.ComumTeste.Base.BaseSqlTest</FullName>
          <Methods>
            <Method visited="true" cyclomaticComplexity="1" nPathComplexity="0" sequenceCoverage="100" branchCoverage="100" crapScore="1" isConstructor="false" isStatic="true" isGetter="false" isSetter="false">
              <Summary numSequencePoints="8" visitedSequencePoints="8" numBranchPoints="1" visitedBranchPoints="1" sequenceCoverage="100" branchCoverage="100" maxCyclomaticComplexity="1" minCyclomaticComplexity="1" maxCrapScore="1" minCrapScore="1" visitedClasses="0" numClasses="0" visitedMethods="1" numMethods="1" />
              <MetadataToken>100663313</MetadataToken>
              <Name>System.Void Exercicio2.ComumTeste.Base.BaseSqlTest::SeedDatabase()</Name>
              <FileRef uid="3" />
              <SequencePoints>
                <SequencePoint vc="1" uspid="49" ordinal="0" offset="0" sl="19" sc="9" el="19" ec="10" bec="0" bev="0" fileid="3" />
                <SequencePoint vc="1" uspid="50" ordinal="1" offset="1" sl="20" sc="13" el="20" ec="43" bec="0" bev="0" fileid="3" />
                <SequencePoint vc="1" uspid="51" ordinal="2" offset="13" sl="21" sc="13" el="21" ec="48" bec="0" bev="0" fileid="3" />
                <SequencePoint vc="1" uspid="52" ordinal="3" offset="25" sl="22" sc="13" el="22" ec="54" bec="0" bev="0" fileid="3" />
                <SequencePoint vc="1" uspid="53" ordinal="4" offset="37" sl="24" sc="13" el="24" ec="37" bec="0" bev="0" fileid="3" />
                <SequencePoint vc="1" uspid="54" ordinal="5" offset="49" sl="25" sc="13" el="25" ec="48" bec="0" bev="0" fileid="3" />
                <SequencePoint vc="1" uspid="55" ordinal="6" offset="61" sl="26" sc="13" el="26" ec="48" bec="0" bev="0" fileid="3" />
                <SequencePoint vc="1" uspid="56" ordinal="7" offset="73" sl="27" sc="9" el="27" ec="10" bec="0" bev="0" fileid="3" />
              </SequencePoints>
              <BranchPoints />
              <MethodPoint xsi:type="SequencePoint" vc="1" uspid="49" ordinal="0" offset="0" sl="19" sc="9" el="19" ec="10" bec="0" bev="0" fileid="3" />
            </Method>
          </Methods>
        </Class>
      </Classes>
    </Module>
    <Module hash="C0-08-77-2C-D1-68-E5-5E-96-C9-75-14-AD-4B-14-10-92-72-E9-B5">
      <Summary numSequencePoints="68" visitedSequencePoints="20" numBranchPoints="19" visitedBranchPoints="7" sequenceCoverage="29.41" branchCoverage="36.84" maxCyclomaticComplexity="4" minCyclomaticComplexity="1" maxCrapScore="20" minCrapScore="1" visitedClasses="3" numClasses="4" visitedMethods="7" numMethods="17" />
      <ModulePath>C:\Users\Luiz Arndt\Desktop\NDD\Reforço\ExercicioNDDRefor-o2\exercicio2\Exercicio2.TesteRepositorio\bin\Debug\exercicio2.Infra.Data.dll</ModulePath>
      <ModuleTime>2018-05-27T10:18:55.562251Z</ModuleTime>
      <ModuleName>exercicio2.Infra.Data</ModuleName>
      <Files>
        <File uid="7" fullPath="C:\Users\Luiz Arndt\Desktop\NDD\Reforço\ExercicioNDDRefor-o2\exercicio2\exercicio2.Infra.Data\Features\Livros\LivroSqlRepositorio.cs" />
        <File uid="9" fullPath="C:\Users\Luiz Arndt\Desktop\NDD\Reforço\ExercicioNDDRefor-o2\exercicio2\exercicio2.Infra.Data\Features\Emprestimos\EmprestimoSqlRepositorio.cs" />
      </Files>
      <Classes>
        <Class>
          <Summary numSequencePoints="23" visitedSequencePoints="4" numBranchPoints="7" visitedBranchPoints="2" sequenceCoverage="17.39" branchCoverage="28.57" maxCyclomaticComplexity="1" minCyclomaticComplexity="1" maxCrapScore="2" minCrapScore="1" visitedClasses="1" numClasses="1" visitedMethods="2" numMethods="7" />
          <FullName>exercicio2.Infra.Data.LivroSqlRepositorio</FullName>
          <Methods>
            <Method visited="false" cyclomaticComplexity="1" nPathComplexity="0" sequenceCoverage="0" branchCoverage="0" crapScore="2" isConstructor="false" isStatic="false" isGetter="false" isSetter="false">
              <Summary numSequencePoints="4" visitedSequencePoints="0" numBranchPoints="1" visitedBranchPoints="0" sequenceCoverage="0" branchCoverage="0" maxCyclomaticComplexity="1" minCyclomaticComplexity="1" maxCrapScore="2" minCrapScore="2" visitedClasses="0" numClasses="0" visitedMethods="0" numMethods="1" />
              <MetadataToken>100663297</MetadataToken>
              <Name>exercicio2.Features.Livros.Livro exercicio2.Infra.Data.LivroSqlRepositorio::Adicionar(exercicio2.Features.Livros.Livro)</Name>
              <FileRef uid="7" />
              <SequencePoints>
                <SequencePoint vc="0" uspid="57" ordinal="0" offset="0" sl="28" sc="9" el="28" ec="10" bec="0" bev="0" fileid="7" />
                <SequencePoint vc="0" uspid="58" ordinal="1" offset="1" sl="29" sc="13" el="29" ec="64" bec="0" bev="0" fileid="7" />
                <SequencePoint vc="0" uspid="59" ordinal="2" offset="25" sl="30" sc="13" el="30" ec="29" bec="0" bev="0" fileid="7" />
                <SequencePoint vc="0" uspid="60" ordinal="3" offset="29" sl="31" sc="9" el="31" ec="10" bec="0" bev="0" fileid="7" />
              </SequencePoints>
              <BranchPoints />
              <MethodPoint xsi:type="SequencePoint" vc="0" uspid="57" ordinal="0" offset="0" sl="28" sc="9" el="28" ec="10" bec="0" bev="0" fileid="7" />
            </Method>
            <Method visited="false" cyclomaticComplexity="1" nPathComplexity="0" sequenceCoverage="0" branchCoverage="0" crapScore="2" isConstructor="false" isStatic="false" isGetter="false" isSetter="false">
              <Summary numSequencePoints="5" visitedSequencePoints="0" numBranchPoints="1" visitedBranchPoints="0" sequenceCoverage="0" branchCoverage="0" maxCyclomaticComplexity="1" minCyclomaticComplexity="1" maxCrapScore="2" minCrapScore="2" visitedClasses="0" numClasses="0" visitedMethods="0" numMethods="1" />
              <MetadataToken>100663298</MetadataToken>
              <Name>exercicio2.Features.Livros.Livro exercicio2.Infra.Data.LivroSqlRepositorio::Atualizar(exercicio2.Features.Livros.Livro)</Name>
              <FileRef uid="7" />
              <SequencePoints>
                <SequencePoint vc="0" uspid="61" ordinal="0" offset="0" sl="34" sc="9" el="34" ec="10" bec="0" bev="0" fileid="7" />
                <SequencePoint vc="0" uspid="62" ordinal="1" offset="1" sl="35" sc="13" el="35" ec="33" bec="0" bev="0" fileid="7" />
                <SequencePoint vc="0" uspid="63" ordinal="2" offset="8" sl="36" sc="13" el="36" ec="49" bec="0" bev="0" fileid="7" />
                <SequencePoint vc="0" uspid="64" ordinal="3" offset="26" sl="37" sc="13" el="37" ec="29" bec="0" bev="0" fileid="7" />
                <SequencePoint vc="0" uspid="65" ordinal="4" offset="30" sl="38" sc="9" el="38" ec="10" bec="0" bev="0" fileid="7" />
              </SequencePoints>
              <BranchPoints />
              <MethodPoint xsi:type="SequencePoint" vc="0" uspid="61" ordinal="0" offset="0" sl="34" sc="9" el="34" ec="10" bec="0" bev="0" fileid="7" />
            </Method>
            <Method visited="false" cyclomaticComplexity="1" nPathComplexity="0" sequenceCoverage="0" branchCoverage="0" crapScore="2" isConstructor="false" isStatic="false" isGetter="false" isSetter="false">
              <Summary numSequencePoints="3" visitedSequencePoints="0" numBranchPoints="1" visitedBranchPoints="0" sequenceCoverage="0" branchCoverage="0" maxCyclomaticComplexity="1" minCyclomaticComplexity="1" maxCrapScore="2" minCrapScore="2" visitedClasses="0" numClasses="0" visitedMethods="0" numMethods="1" />
              <MetadataToken>100663299</MetadataToken>
              <Name>exercicio2.Features.Livros.Livro exercicio2.Infra.Data.LivroSqlRepositorio::BuscarPorId(System.Int64)</Name>
              <FileRef uid="7" />
              <SequencePoints>
                <SequencePoint vc="0" uspid="66" ordinal="0" offset="0" sl="41" sc="9" el="41" ec="10" bec="0" bev="0" fileid="7" />
                <SequencePoint vc="0" uspid="67" ordinal="1" offset="1" sl="42" sc="13" el="42" ec="73" bec="0" bev="0" fileid="7" />
                <SequencePoint vc="0" uspid="68" ordinal="2" offset="42" sl="43" sc="9" el="43" ec="10" bec="0" bev="0" fileid="7" />
              </SequencePoints>
              <BranchPoints />
              <MethodPoint xsi:type="SequencePoint" vc="0" uspid="66" ordinal="0" offset="0" sl="41" sc="9" el="41" ec="10" bec="0" bev="0" fileid="7" />
            </Method>
            <Method visited="true" cyclomaticComplexity="1" nPathComplexity="0" sequenceCoverage="100" branchCoverage="100" crapScore="1" isConstructor="false" isStatic="false" isGetter="false" isSetter="false">
              <Summary numSequencePoints="3" visitedSequencePoints="3" numBranchPoints="1" visitedBranchPoints="1" sequenceCoverage="100" branchCoverage="100" maxCyclomaticComplexity="1" minCyclomaticComplexity="1" maxCrapScore="1" minCrapScore="1" visitedClasses="0" numClasses="0" visitedMethods="1" numMethods="1" />
              <MetadataToken>100663300</MetadataToken>
              <Name>System.Collections.Generic.IList`1&lt;exercicio2.Features.Livros.Livro&gt; exercicio2.Infra.Data.LivroSqlRepositorio::BuscarTodos()</Name>
              <FileRef uid="7" />
              <SequencePoints>
                <SequencePoint vc="1" uspid="69" ordinal="0" offset="0" sl="46" sc="9" el="46" ec="10" bec="0" bev="0" fileid="7" />
                <SequencePoint vc="1" uspid="70" ordinal="1" offset="1" sl="47" sc="13" el="47" ec="47" bec="0" bev="0" fileid="7" />
                <SequencePoint vc="1" uspid="71" ordinal="2" offset="20" sl="48" sc="9" el="48" ec="10" bec="0" bev="0" fileid="7" />
              </SequencePoints>
              <BranchPoints />
              <MethodPoint xsi:type="SequencePoint" vc="1" uspid="69" ordinal="0" offset="0" sl="46" sc="9" el="46" ec="10" bec="0" bev="0" fileid="7" />
            </Method>
            <Method visited="false" cyclomaticComplexity="1" nPathComplexity="0" sequenceCoverage="0" branchCoverage="0" crapScore="2" isConstructor="false" isStatic="false" isGetter="false" isSetter="false">
              <Summary numSequencePoints="4" visitedSequencePoints="0" numBranchPoints="1" visitedBranchPoints="0" sequenceCoverage="0" branchCoverage="0" maxCyclomaticComplexity="1" minCyclomaticComplexity="1" maxCrapScore="2" minCrapScore="2" visitedClasses="0" numClasses="0" visitedMethods="0" numMethods="1" />
              <MetadataToken>100663301</MetadataToken>
              <Name>System.Void exercicio2.Infra.Data.LivroSqlRepositorio::Deletar(exercicio2.Features.Livros.Livro)</Name>
              <FileRef uid="7" />
              <SequencePoints>
                <SequencePoint vc="0" uspid="72" ordinal="0" offset="0" sl="51" sc="9" el="51" ec="10" bec="0" bev="0" fileid="7" />
                <SequencePoint vc="0" uspid="73" ordinal="1" offset="1" sl="52" sc="13" el="52" ec="33" bec="0" bev="0" fileid="7" />
                <SequencePoint vc="0" uspid="74" ordinal="2" offset="8" sl="53" sc="13" el="53" ec="50" bec="0" bev="0" fileid="7" />
                <SequencePoint vc="0" uspid="75" ordinal="3" offset="26" sl="54" sc="9" el="54" ec="10" bec="0" bev="0" fileid="7" />
              </SequencePoints>
              <BranchPoints />
              <MethodPoint xsi:type="SequencePoint" vc="0" uspid="72" ordinal="0" offset="0" sl="51" sc="9" el="51" ec="10" bec="0" bev="0" fileid="7" />
            </Method>
            <Method visited="false" cyclomaticComplexity="1" nPathComplexity="0" sequenceCoverage="0" branchCoverage="0" crapScore="2" isConstructor="false" isStatic="false" isGetter="false" isSetter="false">
              <Summary numSequencePoints="3" visitedSequencePoints="0" numBranchPoints="1" visitedBranchPoints="0" sequenceCoverage="0" branchCoverage="0" maxCyclomaticComplexity="1" minCyclomaticComplexity="1" maxCrapScore="2" minCrapScore="2" visitedClasses="0" numClasses="0" visitedMethods="0" numMethods="1" />
              <MetadataToken>100663302</MetadataToken>
              <Name>System.Object[] exercicio2.Infra.Data.LivroSqlRepositorio::Take(exercicio2.Features.Livros.Livro)</Name>
              <FileRef uid="7" />
              <SequencePoints>
                <SequencePoint vc="0" uspid="76" ordinal="0" offset="0" sl="57" sc="9" el="57" ec="10" bec="0" bev="0" fileid="7" />
                <SequencePoint vc="0" uspid="77" ordinal="1" offset="1" sl="58" sc="13" el="67" ec="15" bec="0" bev="0" fileid="7" />
                <SequencePoint vc="0" uspid="78" ordinal="2" offset="155" sl="68" sc="9" el="68" ec="10" bec="0" bev="0" fileid="7" />
              </SequencePoints>
              <BranchPoints />
              <MethodPoint xsi:type="SequencePoint" vc="0" uspid="76" ordinal="0" offset="0" sl="57" sc="9" el="57" ec="10" bec="0" bev="0" fileid="7" />
            </Method>
            <Method visited="false" cyclomaticComplexity="1" nPathComplexity="0" sequenceCoverage="0" branchCoverage="0" crapScore="2" isConstructor="true" isStatic="false" isGetter="false" isSetter="false">
              <Summary numSequencePoints="0" visitedSequencePoints="0" numBranchPoints="0" visitedBranchPoints="0" sequenceCoverage="0" branchCoverage="0" maxCyclomaticComplexity="1" minCyclomaticComplexity="1" maxCrapScore="2" minCrapScore="2" visitedClasses="0" numClasses="0" visitedMethods="0" numMethods="0" />
              <MetadataToken>100663303</MetadataToken>
              <Name>System.Void exercicio2.Infra.Data.LivroSqlRepositorio::.ctor()</Name>
              <SequencePoints />
              <BranchPoints />
              <MethodPoint vc="0" uspid="79" ordinal="0" offset="0" />
            </Method>
            <Method visited="true" cyclomaticComplexity="1" nPathComplexity="0" sequenceCoverage="100" branchCoverage="100" crapScore="1" isConstructor="true" isStatic="true" isGetter="false" isSetter="false">
              <Summary numSequencePoints="1" visitedSequencePoints="1" numBranchPoints="1" visitedBranchPoints="1" sequenceCoverage="100" branchCoverage="100" maxCyclomaticComplexity="1" minCyclomaticComplexity="1" maxCrapScore="1" minCrapScore="1" visitedClasses="0" numClasses="0" visitedMethods="1" numMethods="1" />
              <MetadataToken>100663304</MetadataToken>
              <Name>System.Void exercicio2.Infra.Data.LivroSqlRepositorio::.cctor()</Name>
              <FileRef uid="7" />
              <SequencePoints>
                <SequencePoint vc="1" uspid="80" ordinal="0" offset="0" sl="69" sc="9" el="79" ec="15" bec="0" bev="0" fileid="7" />
              </SequencePoints>
              <BranchPoints />
              <MethodPoint xsi:type="SequencePoint" vc="1" uspid="80" ordinal="0" offset="0" sl="69" sc="9" el="79" ec="15" bec="0" bev="0" fileid="7" />
            </Method>
          </Methods>
        </Class>
        <Class>
          <Summary numSequencePoints="1" visitedSequencePoints="1" numBranchPoints="1" visitedBranchPoints="1" sequenceCoverage="100" branchCoverage="100" maxCyclomaticComplexity="1" minCyclomaticComplexity="1" maxCrapScore="2" minCrapScore="1" visitedClasses="1" numClasses="1" visitedMethods="1" numMethods="1" />
          <FullName>exercicio2.Infra.Data.LivroSqlRepositorio/&lt;&gt;c</FullName>
          <Methods>
            <Method visited="false" cyclomaticComplexity="1" nPathComplexity="0" sequenceCoverage="0" branchCoverage="0" crapScore="2" isConstructor="true" isStatic="true" isGetter="false" isSetter="false">
              <Summary numSequencePoints="0" visitedSequencePoints="0" numBranchPoints="0" visitedBranchPoints="0" sequenceCoverage="0" branchCoverage="0" maxCyclomaticComplexity="1" minCyclomaticComplexity="1" maxCrapScore="2" minCrapScore="2" visitedClasses="0" numClasses="0" visitedMethods="0" numMethods="0" />
              <MetadataToken>100663314</MetadataToken>
              <Name>System.Void exercicio2.Infra.Data.LivroSqlRepositorio/&lt;&gt;c::.cctor()</Name>
              <SequencePoints />
              <BranchPoints />
              <MethodPoint vc="0" uspid="81" ordinal="0" offset="0" />
            </Method>
            <Method visited="false" cyclomaticComplexity="1" nPathComplexity="0" sequenceCoverage="0" branchCoverage="0" crapScore="2" isConstructor="true" isStatic="false" isGetter="false" isSetter="false">
              <Summary numSequencePoints="0" visitedSequencePoints="0" numBranchPoints="0" visitedBranchPoints="0" sequenceCoverage="0" branchCoverage="0" maxCyclomaticComplexity="1" minCyclomaticComplexity="1" maxCrapScore="2" minCrapScore="2" visitedClasses="0" numClasses="0" visitedMethods="0" numMethods="0" />
              <MetadataToken>100663315</MetadataToken>
              <Name>System.Void exercicio2.Infra.Data.LivroSqlRepositorio/&lt;&gt;c::.ctor()</Name>
              <SequencePoints />
              <BranchPoints />
              <MethodPoint vc="0" uspid="82" ordinal="0" offset="0" />
            </Method>
            <Method visited="true" cyclomaticComplexity="1" nPathComplexity="0" sequenceCoverage="100" branchCoverage="100" crapScore="1" isConstructor="false" isStatic="false" isGetter="false" isSetter="false">
              <Summary numSequencePoints="1" visitedSequencePoints="1" numBranchPoints="1" visitedBranchPoints="1" sequenceCoverage="100" branchCoverage="100" maxCyclomaticComplexity="1" minCyclomaticComplexity="1" maxCrapScore="1" minCrapScore="1" visitedClasses="0" numClasses="0" visitedMethods="1" numMethods="1" />
              <MetadataToken>100663316</MetadataToken>
              <Name>exercicio2.Features.Livros.Livro exercicio2.Infra.Data.LivroSqlRepositorio/&lt;&gt;c::&lt;.cctor&gt;b__13_0(System.Data.IDataReader)</Name>
              <FileRef uid="7" />
              <SequencePoints>
                <SequencePoint vc="1" uspid="83" ordinal="0" offset="0" sl="70" sc="13" el="79" ec="14" bec="0" bev="0" fileid="7" />
              </SequencePoints>
              <BranchPoints />
              <MethodPoint xsi:type="SequencePoint" vc="1" uspid="83" ordinal="0" offset="0" sl="70" sc="13" el="79" ec="14" bec="0" bev="0" fileid="7" />
            </Method>
          </Methods>
        </Class>
        <Class>
          <Summary numSequencePoints="43" visitedSequencePoints="15" numBranchPoints="10" visitedBranchPoints="4" sequenceCoverage="34.88" branchCoverage="40" maxCyclomaticComplexity="4" minCyclomaticComplexity="1" maxCrapScore="20" minCrapScore="1" visitedClasses="1" numClasses="1" visitedMethods="4" numMethods="8" />
          <FullName>exercicio2.Infra.Data.Features.Emprestimos.EmprestimoSqlRepositorio</FullName>
          <Methods>
            <Method visited="true" cyclomaticComplexity="3" nPathComplexity="0" sequenceCoverage="72.73" branchCoverage="100" crapScore="3.18" isConstructor="false" isStatic="false" isGetter="false" isSetter="false">
              <Summary numSequencePoints="11" visitedSequencePoints="8" numBranchPoints="1" visitedBranchPoints="1" sequenceCoverage="72.73" branchCoverage="100" maxCyclomaticComplexity="3" minCyclomaticComplexity="3" maxCrapScore="3.18" minCrapScore="3.18" visitedClasses="0" numClasses="0" visitedMethods="1" numMethods="1" />
              <MetadataToken>100663305</MetadataToken>
              <Name>exercicio2.Features.Emprestimo.Emprestimo exercicio2.Infra.Data.Features.Emprestimos.EmprestimoSqlRepositorio::Adicionar(exercicio2.Features.Emprestimo.Emprestimo)</Name>
              <FileRef uid="9" />
              <SequencePoints>
                <SequencePoint vc="1" uspid="84" ordinal="0" offset="0" sl="27" sc="9" el="27" ec="10" bec="0" bev="0" fileid="9" />
                <SequencePoint vc="1" uspid="85" ordinal="1" offset="1" sl="28" sc="13" el="28" ec="64" bec="0" bev="0" fileid="9" />
                <SequencePoint vc="1" uspid="86" ordinal="2" offset="25" sl="29" sc="13" el="29" ec="20" bec="0" bev="0" fileid="9" />
                <SequencePoint vc="1" uspid="87" ordinal="3" offset="26" sl="29" sc="34" el="29" ec="49" bec="0" bev="0" fileid="9" />
                <SequencePoint vc="1" uspid="88" ordinal="4" offset="40" sl="29" sc="22" el="29" ec="30" bec="0" bev="0" fileid="9" />
                <SequencePoint vc="1" uspid="89" ordinal="5" offset="47" sl="30" sc="13" el="30" ec="14" bec="0" bev="0" fileid="9" />
                <SequencePoint vc="1" uspid="90" ordinal="6" offset="48" sl="31" sc="17" el="31" ec="80" bec="0" bev="0" fileid="9" />
                <SequencePoint vc="0" uspid="91" ordinal="7" offset="67" sl="32" sc="13" el="32" ec="14" bec="0" bev="0" fileid="9" />
                <SequencePoint vc="1" uspid="92" ordinal="8" offset="68" sl="29" sc="31" el="29" ec="33" bec="0" bev="0" fileid="9" />
                <SequencePoint vc="0" uspid="93" ordinal="9" offset="89" sl="33" sc="13" el="33" ec="29" bec="0" bev="0" fileid="9" />
                <SequencePoint vc="0" uspid="94" ordinal="10" offset="93" sl="34" sc="9" el="34" ec="10" bec="0" bev="0" fileid="9" />
              </SequencePoints>
              <BranchPoints />
              <MethodPoint xsi:type="SequencePoint" vc="1" uspid="84" ordinal="0" offset="0" sl="27" sc="9" el="27" ec="10" bec="0" bev="0" fileid="9" />
            </Method>
            <Method visited="false" cyclomaticComplexity="1" nPathComplexity="0" sequenceCoverage="0" branchCoverage="0" crapScore="2" isConstructor="false" isStatic="false" isGetter="false" isSetter="false">
              <Summary numSequencePoints="5" visitedSequencePoints="0" numBranchPoints="1" visitedBranchPoints="0" sequenceCoverage="0" branchCoverage="0" maxCyclomaticComplexity="1" minCyclomaticComplexity="1" maxCrapScore="2" minCrapScore="2" visitedClasses="0" numClasses="0" visitedMethods="0" numMethods="1" />
              <MetadataToken>100663306</MetadataToken>
              <Name>exercicio2.Features.Emprestimo.Emprestimo exercicio2.Infra.Data.Features.Emprestimos.EmprestimoSqlRepositorio::Atualizar(exercicio2.Features.Emprestimo.Emprestimo)</Name>
              <FileRef uid="9" />
              <SequencePoints>
                <SequencePoint vc="0" uspid="97" ordinal="0" offset="0" sl="37" sc="9" el="37" ec="10" bec="0" bev="0" fileid="9" />
                <SequencePoint vc="0" uspid="98" ordinal="1" offset="1" sl="38" sc="13" el="38" ec="33" bec="0" bev="0" fileid="9" />
                <SequencePoint vc="0" uspid="99" ordinal="2" offset="8" sl="39" sc="13" el="39" ec="50" bec="0" bev="0" fileid="9" />
                <SequencePoint vc="0" uspid="100" ordinal="3" offset="26" sl="40" sc="13" el="40" ec="29" bec="0" bev="0" fileid="9" />
                <SequencePoint vc="0" uspid="101" ordinal="4" offset="30" sl="41" sc="9" el="41" ec="10" bec="0" bev="0" fileid="9" />
              </SequencePoints>
              <BranchPoints />
              <MethodPoint xsi:type="SequencePoint" vc="0" uspid="97" ordinal="0" offset="0" sl="37" sc="9" el="37" ec="10" bec="0" bev="0" fileid="9" />
            </Method>
            <Method visited="false" cyclomaticComplexity="1" nPathComplexity="0" sequenceCoverage="0" branchCoverage="0" crapScore="2" isConstructor="false" isStatic="false" isGetter="false" isSetter="false">
              <Summary numSequencePoints="3" visitedSequencePoints="0" numBranchPoints="1" visitedBranchPoints="0" sequenceCoverage="0" branchCoverage="0" maxCyclomaticComplexity="1" minCyclomaticComplexity="1" maxCrapScore="2" minCrapScore="2" visitedClasses="0" numClasses="0" visitedMethods="0" numMethods="1" />
              <MetadataToken>100663307</MetadataToken>
              <Name>System.Collections.Generic.IList`1&lt;exercicio2.Features.Emprestimo.Emprestimo&gt; exercicio2.Infra.Data.Features.Emprestimos.EmprestimoSqlRepositorio::BuscarTodos()</Name>
              <FileRef uid="9" />
              <SequencePoints>
                <SequencePoint vc="0" uspid="102" ordinal="0" offset="0" sl="43" sc="9" el="43" ec="10" bec="0" bev="0" fileid="9" />
                <SequencePoint vc="0" uspid="103" ordinal="1" offset="1" sl="44" sc="12" el="44" ec="46" bec="0" bev="0" fileid="9" />
                <SequencePoint vc="0" uspid="104" ordinal="2" offset="20" sl="45" sc="9" el="45" ec="10" bec="0" bev="0" fileid="9" />
              </SequencePoints>
              <BranchPoints />
              <MethodPoint xsi:type="SequencePoint" vc="0" uspid="102" ordinal="0" offset="0" sl="43" sc="9" el="43" ec="10" bec="0" bev="0" fileid="9" />
            </Method>
            <Method visited="false" cyclomaticComplexity="4" nPathComplexity="2" sequenceCoverage="0" branchCoverage="0" crapScore="20" isConstructor="false" isStatic="false" isGetter="false" isSetter="false">
              <Summary numSequencePoints="14" visitedSequencePoints="0" numBranchPoints="3" visitedBranchPoints="0" sequenceCoverage="0" branchCoverage="0" maxCyclomaticComplexity="4" minCyclomaticComplexity="4" maxCrapScore="20" minCrapScore="20" visitedClasses="0" numClasses="0" visitedMethods="0" numMethods="1" />
              <MetadataToken>100663308</MetadataToken>
              <Name>System.Void exercicio2.Infra.Data.Features.Emprestimos.EmprestimoSqlRepositorio::Deletar(exercicio2.Features.Emprestimo.Emprestimo)</Name>
              <FileRef uid="9" />
              <SequencePoints>
                <SequencePoint vc="0" uspid="105" ordinal="0" offset="0" sl="48" sc="9" el="48" ec="10" bec="0" bev="0" fileid="9" />
                <SequencePoint vc="0" uspid="106" ordinal="1" offset="1" sl="49" sc="13" el="49" ec="33" bec="0" bev="0" fileid="9" />
                <SequencePoint vc="0" uspid="107" ordinal="2" offset="8" sl="50" sc="13" el="50" ec="43" bec="2" bev="0" fileid="9" />
                <SequencePoint vc="0" uspid="108" ordinal="3" offset="26" sl="51" sc="13" el="51" ec="14" bec="0" bev="0" fileid="9" />
                <SequencePoint vc="0" uspid="109" ordinal="4" offset="27" sl="52" sc="17" el="52" ec="24" bec="0" bev="0" fileid="9" />
                <SequencePoint vc="0" uspid="110" ordinal="5" offset="28" sl="52" sc="38" el="52" ec="53" bec="0" bev="0" fileid="9" />
                <SequencePoint vc="0" uspid="111" ordinal="6" offset="42" sl="52" sc="26" el="52" ec="34" bec="0" bev="0" fileid="9" />
                <SequencePoint vc="0" uspid="112" ordinal="7" offset="49" sl="53" sc="17" el="53" ec="18" bec="0" bev="0" fileid="9" />
                <SequencePoint vc="0" uspid="113" ordinal="8" offset="50" sl="54" sc="21" el="54" ec="84" bec="0" bev="0" fileid="9" />
                <SequencePoint vc="0" uspid="114" ordinal="9" offset="69" sl="55" sc="17" el="55" ec="18" bec="0" bev="0" fileid="9" />
                <SequencePoint vc="0" uspid="115" ordinal="10" offset="70" sl="52" sc="35" el="52" ec="37" bec="0" bev="0" fileid="9" />
                <SequencePoint vc="0" uspid="116" ordinal="11" offset="91" sl="56" sc="17" el="56" ec="64" bec="0" bev="0" fileid="9" />
                <SequencePoint vc="0" uspid="117" ordinal="12" offset="109" sl="57" sc="13" el="57" ec="14" bec="0" bev="0" fileid="9" />
                <SequencePoint vc="0" uspid="118" ordinal="13" offset="110" sl="58" sc="9" el="58" ec="10" bec="0" bev="0" fileid="9" />
              </SequencePoints>
              <BranchPoints>
                <BranchPoint vc="0" uspid="119" ordinal="0" offset="24" sl="50" path="0" offsetend="26" fileid="9" />
                <BranchPoint vc="0" uspid="120" ordinal="1" offset="24" sl="50" path="1" offsetend="110" fileid="9" />
              </BranchPoints>
              <MethodPoint xsi:type="SequencePoint" vc="0" uspid="105" ordinal="0" offset="0" sl="48" sc="9" el="48" ec="10" bec="0" bev="0" fileid="9" />
            </Method>
            <Method visited="true" cyclomaticComplexity="1" nPathComplexity="0" sequenceCoverage="100" branchCoverage="100" crapScore="1" isConstructor="false" isStatic="false" isGetter="false" isSetter="false">
              <Summary numSequencePoints="3" visitedSequencePoints="3" numBranchPoints="1" visitedBranchPoints="1" sequenceCoverage="100" branchCoverage="100" maxCyclomaticComplexity="1" minCyclomaticComplexity="1" maxCrapScore="1" minCrapScore="1" visitedClasses="0" numClasses="0" visitedMethods="1" numMethods="1" />
              <MetadataToken>100663309</MetadataToken>
              <Name>System.Object[] exercicio2.Infra.Data.Features.Emprestimos.EmprestimoSqlRepositorio::Take(exercicio2.Features.Emprestimo.Emprestimo)</Name>
              <FileRef uid="9" />
              <SequencePoints>
                <SequencePoint vc="1" uspid="123" ordinal="0" offset="0" sl="60" sc="9" el="60" ec="10" bec="0" bev="0" fileid="9" />
                <SequencePoint vc="1" uspid="124" ordinal="1" offset="1" sl="61" sc="13" el="67" ec="15" bec="0" bev="0" fileid="9" />
                <SequencePoint vc="1" uspid="125" ordinal="2" offset="93" sl="68" sc="9" el="68" ec="10" bec="0" bev="0" fileid="9" />
              </SequencePoints>
              <BranchPoints />
              <MethodPoint xsi:type="SequencePoint" vc="1" uspid="123" ordinal="0" offset="0" sl="60" sc="9" el="60" ec="10" bec="0" bev="0" fileid="9" />
            </Method>
            <Method visited="true" cyclomaticComplexity="1" nPathComplexity="0" sequenceCoverage="100" branchCoverage="100" crapScore="1" isConstructor="false" isStatic="false" isGetter="false" isSetter="false">
              <Summary numSequencePoints="3" visitedSequencePoints="3" numBranchPoints="1" visitedBranchPoints="1" sequenceCoverage="100" branchCoverage="100" maxCyclomaticComplexity="1" minCyclomaticComplexity="1" maxCrapScore="1" minCrapScore="1" visitedClasses="0" numClasses="0" visitedMethods="1" numMethods="1" />
              <MetadataToken>100663310</MetadataToken>
              <Name>System.Object[] exercicio2.Infra.Data.Features.Emprestimos.EmprestimoSqlRepositorio::TakeSecundario(exercicio2.Features.Emprestimo.Emprestimo,exercicio2.Features.Livros.Livro)</Name>
              <FileRef uid="9" />
              <SequencePoints>
                <SequencePoint vc="1" uspid="126" ordinal="0" offset="0" sl="71" sc="9" el="71" ec="10" bec="0" bev="0" fileid="9" />
                <SequencePoint vc="1" uspid="127" ordinal="1" offset="1" sl="72" sc="13" el="76" ec="15" bec="0" bev="0" fileid="9" />
                <SequencePoint vc="1" uspid="128" ordinal="2" offset="54" sl="77" sc="9" el="77" ec="10" bec="0" bev="0" fileid="9" />
              </SequencePoints>
              <BranchPoints />
              <MethodPoint xsi:type="SequencePoint" vc="1" uspid="126" ordinal="0" offset="0" sl="71" sc="9" el="71" ec="10" bec="0" bev="0" fileid="9" />
            </Method>
            <Method visited="false" cyclomaticComplexity="1" nPathComplexity="0" sequenceCoverage="0" branchCoverage="0" crapScore="2" isConstructor="false" isStatic="false" isGetter="false" isSetter="false">
              <Summary numSequencePoints="3" visitedSequencePoints="0" numBranchPoints="1" visitedBranchPoints="0" sequenceCoverage="0" branchCoverage="0" maxCyclomaticComplexity="1" minCyclomaticComplexity="1" maxCrapScore="2" minCrapScore="2" visitedClasses="0" numClasses="0" visitedMethods="0" numMethods="1" />
              <MetadataToken>100663311</MetadataToken>
              <Name>exercicio2.Features.Emprestimo.Emprestimo exercicio2.Infra.Data.Features.Emprestimos.EmprestimoSqlRepositorio::BuscarPorId(System.Int64)</Name>
              <FileRef uid="9" />
              <SequencePoints>
                <SequencePoint vc="0" uspid="129" ordinal="0" offset="0" sl="80" sc="9" el="80" ec="10" bec="0" bev="0" fileid="9" />
                <SequencePoint vc="0" uspid="130" ordinal="1" offset="1" sl="81" sc="13" el="81" ec="45" bec="0" bev="0" fileid="9" />
                <SequencePoint vc="0" uspid="131" ordinal="2" offset="20" sl="82" sc="9" el="82" ec="10" bec="0" bev="0" fileid="9" />
              </SequencePoints>
              <BranchPoints />
              <MethodPoint xsi:type="SequencePoint" vc="0" uspid="129" ordinal="0" offset="0" sl="80" sc="9" el="80" ec="10" bec="0" bev="0" fileid="9" />
            </Method>
            <Method visited="false" cyclomaticComplexity="1" nPathComplexity="0" sequenceCoverage="0" branchCoverage="0" crapScore="2" isConstructor="true" isStatic="false" isGetter="false" isSetter="false">
              <Summary numSequencePoints="0" visitedSequencePoints="0" numBranchPoints="0" visitedBranchPoints="0" sequenceCoverage="0" branchCoverage="0" maxCyclomaticComplexity="1" minCyclomaticComplexity="1" maxCrapScore="2" minCrapScore="2" visitedClasses="0" numClasses="0" visitedMethods="0" numMethods="0" />
              <MetadataToken>100663312</MetadataToken>
              <Name>System.Void exercicio2.Infra.Data.Features.Emprestimos.EmprestimoSqlRepositorio::.ctor()</Name>
              <SequencePoints />
              <BranchPoints />
              <MethodPoint vc="0" uspid="132" ordinal="0" offset="0" />
            </Method>
            <Method visited="true" cyclomaticComplexity="1" nPathComplexity="0" sequenceCoverage="100" branchCoverage="100" crapScore="1" isConstructor="true" isStatic="true" isGetter="false" isSetter="false">
              <Summary numSequencePoints="1" visitedSequencePoints="1" numBranchPoints="1" visitedBranchPoints="1" sequenceCoverage="100" branchCoverage="100" maxCyclomaticComplexity="1" minCyclomaticComplexity="1" maxCrapScore="1" minCrapScore="1" visitedClasses="0" numClasses="0" visitedMethods="1" numMethods="1" />
              <MetadataToken>100663313</MetadataToken>
              <Name>System.Void exercicio2.Infra.Data.Features.Emprestimos.EmprestimoSqlRepositorio::.cctor()</Name>
              <FileRef uid="9" />
              <SequencePoints>
                <SequencePoint vc="1" uspid="133" ordinal="0" offset="0" sl="84" sc="9" el="91" ec="15" bec="0" bev="0" fileid="9" />
              </SequencePoints>
              <BranchPoints />
              <MethodPoint xsi:type="SequencePoint" vc="1" uspid="133" ordinal="0" offset="0" sl="84" sc="9" el="91" ec="15" bec="0" bev="0" fileid="9" />
            </Method>
          </Methods>
        </Class>
        <Class>
          <Summary numSequencePoints="1" visitedSequencePoints="0" numBranchPoints="1" visitedBranchPoints="0" sequenceCoverage="0" branchCoverage="0" maxCyclomaticComplexity="1" minCyclomaticComplexity="1" maxCrapScore="2" minCrapScore="2" visitedClasses="0" numClasses="1" visitedMethods="0" numMethods="1" />
          <FullName>exercicio2.Infra.Data.Features.Emprestimos.EmprestimoSqlRepositorio/&lt;&gt;c</FullName>
          <Methods>
            <Method visited="false" cyclomaticComplexity="1" nPathComplexity="0" sequenceCoverage="0" branchCoverage="0" crapScore="2" isConstructor="true" isStatic="true" isGetter="false" isSetter="false">
              <Summary numSequencePoints="0" visitedSequencePoints="0" numBranchPoints="0" visitedBranchPoints="0" sequenceCoverage="0" branchCoverage="0" maxCyclomaticComplexity="1" minCyclomaticComplexity="1" maxCrapScore="2" minCrapScore="2" visitedClasses="0" numClasses="0" visitedMethods="0" numMethods="0" />
              <MetadataToken>100663317</MetadataToken>
              <Name>System.Void exercicio2.Infra.Data.Features.Emprestimos.EmprestimoSqlRepositorio/&lt;&gt;c::.cctor()</Name>
              <SequencePoints />
              <BranchPoints />
              <MethodPoint vc="0" uspid="134" ordinal="0" offset="0" />
            </Method>
            <Method visited="false" cyclomaticComplexity="1" nPathComplexity="0" sequenceCoverage="0" branchCoverage="0" crapScore="2" isConstructor="true" isStatic="false" isGetter="false" isSetter="false">
              <Summary numSequencePoints="0" visitedSequencePoints="0" numBranchPoints="0" visitedBranchPoints="0" sequenceCoverage="0" branchCoverage="0" maxCyclomaticComplexity="1" minCyclomaticComplexity="1" maxCrapScore="2" minCrapScore="2" visitedClasses="0" numClasses="0" visitedMethods="0" numMethods="0" />
              <MetadataToken>100663318</MetadataToken>
              <Name>System.Void exercicio2.Infra.Data.Features.Emprestimos.EmprestimoSqlRepositorio/&lt;&gt;c::.ctor()</Name>
              <SequencePoints />
              <BranchPoints />
              <MethodPoint vc="0" uspid="135" ordinal="0" offset="0" />
            </Method>
            <Method visited="false" cyclomaticComplexity="1" nPathComplexity="0" sequenceCoverage="0" branchCoverage="0" crapScore="2" isConstructor="false" isStatic="false" isGetter="false" isSetter="false">
              <Summary numSequencePoints="1" visitedSequencePoints="0" numBranchPoints="1" visitedBranchPoints="0" sequenceCoverage="0" branchCoverage="0" maxCyclomaticComplexity="1" minCyclomaticComplexity="1" maxCrapScore="2" minCrapScore="2" visitedClasses="0" numClasses="0" visitedMethods="0" numMethods="1" />
              <MetadataToken>100663319</MetadataToken>
              <Name>exercicio2.Features.Emprestimo.Emprestimo exercicio2.Infra.Data.Features.Emprestimos.EmprestimoSqlRepositorio/&lt;&gt;c::&lt;.cctor&gt;b__16_0(System.Data.IDataReader)</Name>
              <FileRef uid="9" />
              <SequencePoints>
                <SequencePoint vc="0" uspid="136" ordinal="0" offset="0" sl="85" sc="13" el="91" ec="14" bec="0" bev="0" fileid="9" />
              </SequencePoints>
              <BranchPoints />
              <MethodPoint xsi:type="SequencePoint" vc="0" uspid="136" ordinal="0" offset="0" sl="85" sc="13" el="91" ec="14" bec="0" bev="0" fileid="9" />
            </Method>
          </Methods>
        </Class>
      </Classes>
    </Module>
    <Module hash="05-12-B6-1E-38-C0-B1-55-37-D0-CF-07-82-C5-EE-1D-4D-EC-F5-B9">
      <Summary numSequencePoints="47" visitedSequencePoints="0" numBranchPoints="40" visitedBranchPoints="0" sequenceCoverage="0" branchCoverage="0" maxCyclomaticComplexity="13" minCyclomaticComplexity="1" maxCrapScore="182" minCrapScore="2" visitedClasses="0" numClasses="2" visitedMethods="0" numMethods="4" />
      <ModulePath>C:\Users\Luiz Arndt\Desktop\NDD\Reforço\ExercicioNDDRefor-o2\exercicio2\Exercicio2.TesteRepositorio\bin\Debug\exercicio2.dll</ModulePath>
      <ModuleTime>2018-05-27T10:18:55.1513507Z</ModuleTime>
      <ModuleName>exercicio2</ModuleName>
      <Files>
        <File uid="15" fullPath="C:\Users\Luiz Arndt\Desktop\NDD\Reforço\ExercicioNDDRefor-o2\exercicio2\exercicio2\Features\Livros\Livro.cs" />
        <File uid="21" fullPath="C:\Users\Luiz Arndt\Desktop\NDD\Reforço\ExercicioNDDRefor-o2\exercicio2\exercicio2\Features\Emprestimo\Emprestimo.cs" />
        <File uid="25" fullPath="C:\Users\Luiz Arndt\Desktop\NDD\Reforço\ExercicioNDDRefor-o2\exercicio2\exercicio2\Base\Entidade.cs" />
      </Files>
      <Classes>
        <Class>
          <Summary numSequencePoints="26" visitedSequencePoints="0" numBranchPoints="25" visitedBranchPoints="0" sequenceCoverage="0" branchCoverage="0" maxCyclomaticComplexity="13" minCyclomaticComplexity="1" maxCrapScore="182" minCrapScore="2" visitedClasses="0" numClasses="1" visitedMethods="0" numMethods="1" />
          <FullName>exercicio2.Features.Livros.Livro</FullName>
          <Methods>
            <Method skippedDueTo="AutoImplementedProperty" visited="false" cyclomaticComplexity="1" nPathComplexity="0" sequenceCoverage="0" branchCoverage="0" crapScore="0" isConstructor="false" isStatic="false" isGetter="true" isSetter="false">
              <MetadataToken>100663297</MetadataToken>
              <Name>System.String exercicio2.Features.Livros.Livro::get_Titulo()</Name>
              <FileRef uid="15" />
              <SequencePoints />
              <BranchPoints />
            </Method>
            <Method skippedDueTo="AutoImplementedProperty" visited="false" cyclomaticComplexity="1" nPathComplexity="0" sequenceCoverage="0" branchCoverage="0" crapScore="0" isConstructor="false" isStatic="false" isGetter="false" isSetter="true">
              <MetadataToken>100663298</MetadataToken>
              <Name>System.Void exercicio2.Features.Livros.Livro::set_Titulo(System.String)</Name>
              <FileRef uid="15" />
              <SequencePoints />
              <BranchPoints />
            </Method>
            <Method skippedDueTo="AutoImplementedProperty" visited="false" cyclomaticComplexity="1" nPathComplexity="0" sequenceCoverage="0" branchCoverage="0" crapScore="0" isConstructor="false" isStatic="false" isGetter="true" isSetter="false">
              <MetadataToken>100663299</MetadataToken>
              <Name>System.String exercicio2.Features.Livros.Livro::get_Tema()</Name>
              <FileRef uid="15" />
              <SequencePoints />
              <BranchPoints />
            </Method>
            <Method skippedDueTo="AutoImplementedProperty" visited="false" cyclomaticComplexity="1" nPathComplexity="0" sequenceCoverage="0" branchCoverage="0" crapScore="0" isConstructor="false" isStatic="false" isGetter="false" isSetter="true">
              <MetadataToken>100663300</MetadataToken>
              <Name>System.Void exercicio2.Features.Livros.Livro::set_Tema(System.String)</Name>
              <FileRef uid="15" />
              <SequencePoints />
              <BranchPoints />
            </Method>
            <Method skippedDueTo="AutoImplementedProperty" visited="false" cyclomaticComplexity="1" nPathComplexity="0" sequenceCoverage="0" branchCoverage="0" crapScore="0" isConstructor="false" isStatic="false" isGetter="true" isSetter="false">
              <MetadataToken>100663301</MetadataToken>
              <Name>System.String exercicio2.Features.Livros.Livro::get_Autor()</Name>
              <FileRef uid="15" />
              <SequencePoints />
              <BranchPoints />
            </Method>
            <Method skippedDueTo="AutoImplementedProperty" visited="false" cyclomaticComplexity="1" nPathComplexity="0" sequenceCoverage="0" branchCoverage="0" crapScore="0" isConstructor="false" isStatic="false" isGetter="false" isSetter="true">
              <MetadataToken>100663302</MetadataToken>
              <Name>System.Void exercicio2.Features.Livros.Livro::set_Autor(System.String)</Name>
              <FileRef uid="15" />
              <SequencePoints />
              <BranchPoints />
            </Method>
            <Method skippedDueTo="AutoImplementedProperty" visited="false" cyclomaticComplexity="1" nPathComplexity="0" sequenceCoverage="0" branchCoverage="0" crapScore="0" isConstructor="false" isStatic="false" isGetter="true" isSetter="false">
              <MetadataToken>100663303</MetadataToken>
              <Name>System.Int32 exercicio2.Features.Livros.Livro::get_Volume()</Name>
              <FileRef uid="15" />
              <SequencePoints />
              <BranchPoints />
            </Method>
            <Method skippedDueTo="AutoImplementedProperty" visited="false" cyclomaticComplexity="1" nPathComplexity="0" sequenceCoverage="0" branchCoverage="0" crapScore="0" isConstructor="false" isStatic="false" isGetter="false" isSetter="true">
              <MetadataToken>100663304</MetadataToken>
              <Name>System.Void exercicio2.Features.Livros.Livro::set_Volume(System.Int32)</Name>
              <FileRef uid="15" />
              <SequencePoints />
              <BranchPoints />
            </Method>
            <Method skippedDueTo="AutoImplementedProperty" visited="false" cyclomaticComplexity="1" nPathComplexity="0" sequenceCoverage="0" branchCoverage="0" crapScore="0" isConstructor="false" isStatic="false" isGetter="true" isSetter="false">
              <MetadataToken>100663305</MetadataToken>
              <Name>System.Nullable`1&lt;System.DateTime&gt; exercicio2.Features.Livros.Livro::get_DataPublicação()</Name>
              <FileRef uid="15" />
              <SequencePoints />
              <BranchPoints />
            </Method>
            <Method skippedDueTo="AutoImplementedProperty" visited="false" cyclomaticComplexity="1" nPathComplexity="0" sequenceCoverage="0" branchCoverage="0" crapScore="0" isConstructor="false" isStatic="false" isGetter="false" isSetter="true">
              <MetadataToken>100663306</MetadataToken>
              <Name>System.Void exercicio2.Features.Livros.Livro::set_DataPublicação(System.Nullable`1&lt;System.DateTime&gt;)</Name>
              <FileRef uid="15" />
              <SequencePoints />
              <BranchPoints />
            </Method>
            <Method skippedDueTo="AutoImplementedProperty" visited="false" cyclomaticComplexity="1" nPathComplexity="0" sequenceCoverage="0" branchCoverage="0" crapScore="0" isConstructor="false" isStatic="false" isGetter="true" isSetter="false">
              <MetadataToken>100663307</MetadataToken>
              <Name>System.Boolean exercicio2.Features.Livros.Livro::get_Disponivel()</Name>
              <FileRef uid="15" />
              <SequencePoints />
              <BranchPoints />
            </Method>
            <Method skippedDueTo="AutoImplementedProperty" visited="false" cyclomaticComplexity="1" nPathComplexity="0" sequenceCoverage="0" branchCoverage="0" crapScore="0" isConstructor="false" isStatic="false" isGetter="false" isSetter="true">
              <MetadataToken>100663308</MetadataToken>
              <Name>System.Void exercicio2.Features.Livros.Livro::set_Disponivel(System.Boolean)</Name>
              <FileRef uid="15" />
              <SequencePoints />
              <BranchPoints />
            </Method>
            <Method visited="false" cyclomaticComplexity="13" nPathComplexity="4096" sequenceCoverage="0" branchCoverage="0" crapScore="182" isConstructor="false" isStatic="false" isGetter="false" isSetter="false">
              <Summary numSequencePoints="26" visitedSequencePoints="0" numBranchPoints="25" visitedBranchPoints="0" sequenceCoverage="0" branchCoverage="0" maxCyclomaticComplexity="13" minCyclomaticComplexity="13" maxCrapScore="182" minCrapScore="182" visitedClasses="0" numClasses="0" visitedMethods="0" numMethods="1" />
              <MetadataToken>100663309</MetadataToken>
              <Name>System.Void exercicio2.Features.Livros.Livro::Validate()</Name>
              <FileRef uid="15" />
              <SequencePoints>
                <SequencePoint vc="0" uspid="137" ordinal="0" offset="0" sl="22" sc="9" el="22" ec="10" bec="0" bev="0" fileid="15" />
                <SequencePoint vc="0" uspid="138" ordinal="1" offset="1" sl="23" sc="13" el="23" ec="50" bec="2" bev="0" fileid="15" />
                <SequencePoint vc="0" uspid="139" ordinal="2" offset="16" sl="24" sc="17" el="24" ec="73" bec="0" bev="0" fileid="15" />
                <SequencePoint vc="0" uspid="140" ordinal="3" offset="27" sl="25" sc="13" el="25" ec="51" bec="2" bev="0" fileid="15" />
                <SequencePoint vc="0" uspid="141" ordinal="4" offset="42" sl="26" sc="17" el="26" ec="75" bec="0" bev="0" fileid="15" />
                <SequencePoint vc="0" uspid="142" ordinal="5" offset="53" sl="27" sc="13" el="27" ec="49" bec="2" bev="0" fileid="15" />
                <SequencePoint vc="0" uspid="143" ordinal="6" offset="68" sl="28" sc="17" el="28" ec="73" bec="0" bev="0" fileid="15" />
                <SequencePoint vc="0" uspid="144" ordinal="7" offset="79" sl="30" sc="13" el="30" ec="39" bec="2" bev="0" fileid="15" />
                <SequencePoint vc="0" uspid="145" ordinal="8" offset="97" sl="31" sc="17" el="31" ec="75" bec="0" bev="0" fileid="15" />
                <SequencePoint vc="0" uspid="146" ordinal="9" offset="108" sl="32" sc="13" el="32" ec="38" bec="2" bev="0" fileid="15" />
                <SequencePoint vc="0" uspid="147" ordinal="10" offset="128" sl="33" sc="17" el="33" ec="78" bec="0" bev="0" fileid="15" />
                <SequencePoint vc="0" uspid="148" ordinal="11" offset="139" sl="34" sc="13" el="34" ec="40" bec="2" bev="0" fileid="15" />
                <SequencePoint vc="0" uspid="149" ordinal="12" offset="159" sl="35" sc="17" el="35" ec="80" bec="0" bev="0" fileid="15" />
                <SequencePoint vc="0" uspid="150" ordinal="13" offset="170" sl="37" sc="13" el="37" ec="40" bec="2" bev="0" fileid="15" />
                <SequencePoint vc="0" uspid="151" ordinal="14" offset="191" sl="38" sc="17" el="38" ec="75" bec="0" bev="0" fileid="15" />
                <SequencePoint vc="0" uspid="152" ordinal="15" offset="202" sl="39" sc="13" el="39" ec="39" bec="2" bev="0" fileid="15" />
                <SequencePoint vc="0" uspid="153" ordinal="16" offset="223" sl="40" sc="17" el="40" ec="78" bec="0" bev="0" fileid="15" />
                <SequencePoint vc="0" uspid="154" ordinal="17" offset="234" sl="41" sc="13" el="41" ec="41" bec="2" bev="0" fileid="15" />
                <SequencePoint vc="0" uspid="155" ordinal="18" offset="255" sl="42" sc="17" el="42" ec="80" bec="0" bev="0" fileid="15" />
                <SequencePoint vc="0" uspid="156" ordinal="19" offset="266" sl="44" sc="13" el="44" ec="30" bec="2" bev="0" fileid="15" />
                <SequencePoint vc="0" uspid="157" ordinal="20" offset="282" sl="45" sc="17" el="45" ec="58" bec="0" bev="0" fileid="15" />
                <SequencePoint vc="0" uspid="158" ordinal="21" offset="288" sl="46" sc="13" el="46" ec="34" bec="2" bev="0" fileid="15" />
                <SequencePoint vc="0" uspid="159" ordinal="22" offset="303" sl="47" sc="17" el="47" ec="54" bec="0" bev="0" fileid="15" />
                <SequencePoint vc="0" uspid="160" ordinal="23" offset="309" sl="49" sc="13" el="49" ec="45" bec="2" bev="0" fileid="15" />
                <SequencePoint vc="0" uspid="161" ordinal="24" offset="333" sl="50" sc="17" el="50" ec="55" bec="0" bev="0" fileid="15" />
                <SequencePoint vc="0" uspid="162" ordinal="25" offset="344" sl="51" sc="9" el="51" ec="10" bec="0" bev="0" fileid="15" />
              </SequencePoints>
              <BranchPoints>
                <BranchPoint vc="0" uspid="163" ordinal="0" offset="14" sl="23" path="0" offsetend="16" fileid="15" />
                <BranchPoint vc="0" uspid="164" ordinal="1" offset="14" sl="23" path="1" offsetend="27" fileid="15" />
                <BranchPoint vc="0" uspid="165" ordinal="2" offset="40" sl="25" path="0" offsetend="42" fileid="15" />
                <BranchPoint vc="0" uspid="166" ordinal="3" offset="40" sl="25" path="1" offsetend="53" fileid="15" />
                <BranchPoint vc="0" uspid="167" ordinal="4" offset="66" sl="27" path="0" offsetend="68" fileid="15" />
                <BranchPoint vc="0" uspid="168" ordinal="5" offset="66" sl="27" path="1" offsetend="79" fileid="15" />
                <BranchPoint vc="0" uspid="169" ordinal="6" offset="95" sl="30" path="0" offsetend="97" fileid="15" />
                <BranchPoint vc="0" uspid="170" ordinal="7" offset="95" sl="30" path="1" offsetend="108" fileid="15" />
                <BranchPoint vc="0" uspid="171" ordinal="8" offset="126" sl="32" path="0" offsetend="128" fileid="15" />
                <BranchPoint vc="0" uspid="172" ordinal="9" offset="126" sl="32" path="1" offsetend="139" fileid="15" />
                <BranchPoint vc="0" uspid="173" ordinal="10" offset="157" sl="34" path="0" offsetend="159" fileid="15" />
                <BranchPoint vc="0" uspid="174" ordinal="11" offset="157" sl="34" path="1" offsetend="170" fileid="15" />
                <BranchPoint vc="0" uspid="175" ordinal="12" offset="189" sl="37" path="0" offsetend="191" fileid="15" />
                <BranchPoint vc="0" uspid="176" ordinal="13" offset="189" sl="37" path="1" offsetend="202" fileid="15" />
                <BranchPoint vc="0" uspid="177" ordinal="14" offset="221" sl="39" path="0" offsetend="223" fileid="15" />
                <BranchPoint vc="0" uspid="178" ordinal="15" offset="221" sl="39" path="1" offsetend="234" fileid="15" />
                <BranchPoint vc="0" uspid="179" ordinal="16" offset="253" sl="41" path="0" offsetend="255" fileid="15" />
                <BranchPoint vc="0" uspid="180" ordinal="17" offset="253" sl="41" path="1" offsetend="266" fileid="15" />
                <BranchPoint vc="0" uspid="181" ordinal="18" offset="280" sl="44" path="0" offsetend="282" fileid="15" />
                <BranchPoint vc="0" uspid="182" ordinal="19" offset="280" sl="44" path="1" offsetend="288" fileid="15" />
                <BranchPoint vc="0" uspid="183" ordinal="20" offset="301" sl="46" path="0" offsetend="303" fileid="15" />
                <BranchPoint vc="0" uspid="184" ordinal="21" offset="301" sl="46" path="1" offsetend="309" fileid="15" />
                <BranchPoint vc="0" uspid="185" ordinal="22" offset="331" sl="49" path="0" offsetend="333" fileid="15" />
                <BranchPoint vc="0" uspid="186" ordinal="23" offset="331" sl="49" path="1" offsetend="344" fileid="15" />
              </BranchPoints>
              <MethodPoint xsi:type="SequencePoint" vc="0" uspid="137" ordinal="0" offset="0" sl="22" sc="9" el="22" ec="10" bec="0" bev="0" fileid="15" />
            </Method>
            <Method visited="false" cyclomaticComplexity="1" nPathComplexity="0" sequenceCoverage="0" branchCoverage="0" crapScore="2" isConstructor="true" isStatic="false" isGetter="false" isSetter="false">
              <Summary numSequencePoints="0" visitedSequencePoints="0" numBranchPoints="0" visitedBranchPoints="0" sequenceCoverage="0" branchCoverage="0" maxCyclomaticComplexity="1" minCyclomaticComplexity="1" maxCrapScore="2" minCrapScore="2" visitedClasses="0" numClasses="0" visitedMethods="0" numMethods="0" />
              <MetadataToken>100663310</MetadataToken>
              <Name>System.Void exercicio2.Features.Livros.Livro::.ctor()</Name>
              <SequencePoints />
              <BranchPoints />
              <MethodPoint vc="0" uspid="187" ordinal="0" offset="0" />
            </Method>
          </Methods>
        </Class>
        <Class>
          <Summary numSequencePoints="21" visitedSequencePoints="0" numBranchPoints="15" visitedBranchPoints="0" sequenceCoverage="0" branchCoverage="0" maxCyclomaticComplexity="7" minCyclomaticComplexity="1" maxCrapScore="56" minCrapScore="2" visitedClasses="0" numClasses="1" visitedMethods="0" numMethods="3" />
          <FullName>exercicio2.Features.Emprestimo.Emprestimo</FullName>
          <Methods>
            <Method skippedDueTo="AutoImplementedProperty" visited="false" cyclomaticComplexity="1" nPathComplexity="0" sequenceCoverage="0" branchCoverage="0" crapScore="0" isConstructor="false" isStatic="false" isGetter="true" isSetter="false">
              <MetadataToken>100663316</MetadataToken>
              <Name>System.String exercicio2.Features.Emprestimo.Emprestimo::get_NomeCliente()</Name>
              <FileRef uid="21" />
              <SequencePoints />
              <BranchPoints />
            </Method>
            <Method skippedDueTo="AutoImplementedProperty" visited="false" cyclomaticComplexity="1" nPathComplexity="0" sequenceCoverage="0" branchCoverage="0" crapScore="0" isConstructor="false" isStatic="false" isGetter="false" isSetter="true">
              <MetadataToken>100663317</MetadataToken>
              <Name>System.Void exercicio2.Features.Emprestimo.Emprestimo::set_NomeCliente(System.String)</Name>
              <FileRef uid="21" />
              <SequencePoints />
              <BranchPoints />
            </Method>
            <Method skippedDueTo="AutoImplementedProperty" visited="false" cyclomaticComplexity="1" nPathComplexity="0" sequenceCoverage="0" branchCoverage="0" crapScore="0" isConstructor="false" isStatic="false" isGetter="true" isSetter="false">
              <MetadataToken>100663318</MetadataToken>
              <Name>System.Collections.Generic.IList`1&lt;exercicio2.Features.Livros.Livro&gt; exercicio2.Features.Emprestimo.Emprestimo::get_Livros()</Name>
              <FileRef uid="21" />
              <SequencePoints />
              <BranchPoints />
            </Method>
            <Method skippedDueTo="AutoImplementedProperty" visited="false" cyclomaticComplexity="1" nPathComplexity="0" sequenceCoverage="0" branchCoverage="0" crapScore="0" isConstructor="false" isStatic="false" isGetter="false" isSetter="true">
              <MetadataToken>100663319</MetadataToken>
              <Name>System.Void exercicio2.Features.Emprestimo.Emprestimo::set_Livros(System.Collections.Generic.IList`1&lt;exercicio2.Features.Livros.Livro&gt;)</Name>
              <FileRef uid="21" />
              <SequencePoints />
              <BranchPoints />
            </Method>
            <Method skippedDueTo="AutoImplementedProperty" visited="false" cyclomaticComplexity="1" nPathComplexity="0" sequenceCoverage="0" branchCoverage="0" crapScore="0" isConstructor="false" isStatic="false" isGetter="true" isSetter="false">
              <MetadataToken>100663320</MetadataToken>
              <Name>System.Nullable`1&lt;System.DateTime&gt; exercicio2.Features.Emprestimo.Emprestimo::get_DataDevolucao()</Name>
              <FileRef uid="21" />
              <SequencePoints />
              <BranchPoints />
            </Method>
            <Method skippedDueTo="AutoImplementedProperty" visited="false" cyclomaticComplexity="1" nPathComplexity="0" sequenceCoverage="0" branchCoverage="0" crapScore="0" isConstructor="false" isStatic="false" isGetter="false" isSetter="true">
              <MetadataToken>100663321</MetadataToken>
              <Name>System.Void exercicio2.Features.Emprestimo.Emprestimo::set_DataDevolucao(System.Nullable`1&lt;System.DateTime&gt;)</Name>
              <FileRef uid="21" />
              <SequencePoints />
              <BranchPoints />
            </Method>
            <Method skippedDueTo="AutoImplementedProperty" visited="false" cyclomaticComplexity="1" nPathComplexity="0" sequenceCoverage="0" branchCoverage="0" crapScore="0" isConstructor="false" isStatic="false" isGetter="true" isSetter="false">
              <MetadataToken>100663322</MetadataToken>
              <Name>System.Double exercicio2.Features.Emprestimo.Emprestimo::get_Multa()</Name>
              <FileRef uid="21" />
              <SequencePoints />
              <BranchPoints />
            </Method>
            <Method skippedDueTo="AutoImplementedProperty" visited="false" cyclomaticComplexity="1" nPathComplexity="0" sequenceCoverage="0" branchCoverage="0" crapScore="0" isConstructor="false" isStatic="false" isGetter="false" isSetter="true">
              <MetadataToken>100663323</MetadataToken>
              <Name>System.Void exercicio2.Features.Emprestimo.Emprestimo::set_Multa(System.Double)</Name>
              <FileRef uid="21" />
              <SequencePoints />
              <BranchPoints />
            </Method>
            <Method visited="false" cyclomaticComplexity="1" nPathComplexity="0" sequenceCoverage="0" branchCoverage="0" crapScore="2" isConstructor="false" isStatic="false" isGetter="true" isSetter="false">
              <Summary numSequencePoints="3" visitedSequencePoints="0" numBranchPoints="1" visitedBranchPoints="0" sequenceCoverage="0" branchCoverage="0" maxCyclomaticComplexity="1" minCyclomaticComplexity="1" maxCrapScore="2" minCrapScore="2" visitedClasses="0" numClasses="0" visitedMethods="0" numMethods="1" />
              <MetadataToken>100663324</MetadataToken>
              <Name>System.Double exercicio2.Features.Emprestimo.Emprestimo::get_PrecoMulta()</Name>
              <FileRef uid="21" />
              <SequencePoints>
                <SequencePoint vc="0" uspid="188" ordinal="0" offset="0" sl="18" sc="40" el="18" ec="41" bec="0" bev="0" fileid="21" />
                <SequencePoint vc="0" uspid="189" ordinal="1" offset="1" sl="18" sc="42" el="18" ec="54" bec="0" bev="0" fileid="21" />
                <SequencePoint vc="0" uspid="190" ordinal="2" offset="13" sl="18" sc="55" el="18" ec="56" bec="0" bev="0" fileid="21" />
              </SequencePoints>
              <BranchPoints />
              <MethodPoint xsi:type="SequencePoint" vc="0" uspid="188" ordinal="0" offset="0" sl="18" sc="40" el="18" ec="41" bec="0" bev="0" fileid="21" />
            </Method>
            <Method visited="false" cyclomaticComplexity="7" nPathComplexity="32" sequenceCoverage="0" branchCoverage="0" crapScore="56" isConstructor="false" isStatic="false" isGetter="false" isSetter="false">
              <Summary numSequencePoints="12" visitedSequencePoints="0" numBranchPoints="11" visitedBranchPoints="0" sequenceCoverage="0" branchCoverage="0" maxCyclomaticComplexity="7" minCyclomaticComplexity="7" maxCrapScore="56" minCrapScore="56" visitedClasses="0" numClasses="0" visitedMethods="0" numMethods="1" />
              <MetadataToken>100663325</MetadataToken>
              <Name>System.Void exercicio2.Features.Emprestimo.Emprestimo::Validate()</Name>
              <FileRef uid="21" />
              <SequencePoints>
                <SequencePoint vc="0" uspid="191" ordinal="0" offset="0" sl="20" sc="9" el="20" ec="10" bec="0" bev="0" fileid="21" />
                <SequencePoint vc="0" uspid="192" ordinal="1" offset="1" sl="21" sc="13" el="21" ec="30" bec="2" bev="0" fileid="21" />
                <SequencePoint vc="0" uspid="193" ordinal="2" offset="15" sl="22" sc="17" el="22" ec="58" bec="0" bev="0" fileid="21" />
                <SequencePoint vc="0" uspid="194" ordinal="3" offset="21" sl="23" sc="13" el="23" ec="51" bec="2" bev="0" fileid="21" />
                <SequencePoint vc="0" uspid="195" ordinal="4" offset="36" sl="24" sc="17" el="24" ec="72" bec="0" bev="0" fileid="21" />
                <SequencePoint vc="0" uspid="196" ordinal="5" offset="47" sl="25" sc="13" el="25" ec="44" bec="2" bev="0" fileid="21" />
                <SequencePoint vc="0" uspid="197" ordinal="6" offset="68" sl="26" sc="17" el="26" ec="68" bec="0" bev="0" fileid="21" />
                <SequencePoint vc="0" uspid="198" ordinal="7" offset="79" sl="27" sc="13" el="27" ec="64" bec="2" bev="0" fileid="21" />
                <SequencePoint vc="0" uspid="199" ordinal="8" offset="111" sl="28" sc="17" el="28" ec="55" bec="0" bev="0" fileid="21" />
                <SequencePoint vc="0" uspid="200" ordinal="9" offset="117" sl="29" sc="13" el="29" ec="41" bec="2" bev="0" fileid="21" />
                <SequencePoint vc="0" uspid="201" ordinal="10" offset="137" sl="30" sc="17" el="30" ec="55" bec="0" bev="0" fileid="21" />
                <SequencePoint vc="0" uspid="202" ordinal="11" offset="143" sl="31" sc="9" el="31" ec="10" bec="0" bev="0" fileid="21" />
              </SequencePoints>
              <BranchPoints>
                <BranchPoint vc="0" uspid="203" ordinal="0" offset="13" sl="21" path="0" offsetend="15" fileid="21" />
                <BranchPoint vc="0" uspid="204" ordinal="1" offset="13" sl="21" path="1" offsetend="21" fileid="21" />
                <BranchPoint vc="0" uspid="205" ordinal="2" offset="34" sl="23" path="0" offsetend="36" fileid="21" />
                <BranchPoint vc="0" uspid="206" ordinal="3" offset="34" sl="23" path="1" offsetend="47" fileid="21" />
                <BranchPoint vc="0" uspid="207" ordinal="4" offset="66" sl="25" path="0" offsetend="68" fileid="21" />
                <BranchPoint vc="0" uspid="208" ordinal="5" offset="66" sl="25" path="1" offsetend="79" fileid="21" />
                <BranchPoint vc="0" uspid="211" ordinal="8" offset="109" sl="27" path="0" offsetend="111" fileid="21" />
                <BranchPoint vc="0" uspid="212" ordinal="9" offset="109" sl="27" path="1" offsetend="117" fileid="21" />
                <BranchPoint vc="0" uspid="213" ordinal="10" offset="135" sl="29" path="0" offsetend="137" fileid="21" />
                <BranchPoint vc="0" uspid="214" ordinal="11" offset="135" sl="29" path="1" offsetend="143" fileid="21" />
              </BranchPoints>
              <MethodPoint xsi:type="SequencePoint" vc="0" uspid="191" ordinal="0" offset="0" sl="20" sc="9" el="20" ec="10" bec="0" bev="0" fileid="21" />
            </Method>
            <Method visited="false" cyclomaticComplexity="2" nPathComplexity="2" sequenceCoverage="0" branchCoverage="0" crapScore="6" isConstructor="false" isStatic="false" isGetter="false" isSetter="false">
              <Summary numSequencePoints="6" visitedSequencePoints="0" numBranchPoints="3" visitedBranchPoints="0" sequenceCoverage="0" branchCoverage="0" maxCyclomaticComplexity="2" minCyclomaticComplexity="2" maxCrapScore="6" minCrapScore="6" visitedClasses="0" numClasses="0" visitedMethods="0" numMethods="1" />
              <MetadataToken>100663326</MetadataToken>
              <Name>System.Void exercicio2.Features.Emprestimo.Emprestimo::CalcularMulta(System.DateTime)</Name>
              <FileRef uid="21" />
              <SequencePoints>
                <SequencePoint vc="0" uspid="215" ordinal="0" offset="0" sl="34" sc="9" el="34" ec="10" bec="0" bev="0" fileid="21" />
                <SequencePoint vc="0" uspid="216" ordinal="1" offset="1" sl="35" sc="13" el="35" ec="86" bec="0" bev="0" fileid="21" />
                <SequencePoint vc="0" uspid="217" ordinal="2" offset="24" sl="37" sc="13" el="37" ec="51" bec="0" bev="0" fileid="21" />
                <SequencePoint vc="0" uspid="218" ordinal="3" offset="39" sl="38" sc="13" el="38" ec="32" bec="2" bev="0" fileid="21" />
                <SequencePoint vc="0" uspid="219" ordinal="4" offset="60" sl="39" sc="17" el="39" ec="46" bec="0" bev="0" fileid="21" />
                <SequencePoint vc="0" uspid="220" ordinal="5" offset="83" sl="40" sc="9" el="40" ec="10" bec="0" bev="0" fileid="21" />
              </SequencePoints>
              <BranchPoints>
                <BranchPoint vc="0" uspid="221" ordinal="0" offset="58" sl="38" path="0" offsetend="60" fileid="21" />
                <BranchPoint vc="0" uspid="222" ordinal="1" offset="58" sl="38" path="1" offsetend="83" fileid="21" />
              </BranchPoints>
              <MethodPoint xsi:type="SequencePoint" vc="0" uspid="215" ordinal="0" offset="0" sl="34" sc="9" el="34" ec="10" bec="0" bev="0" fileid="21" />
            </Method>
            <Method visited="false" cyclomaticComplexity="1" nPathComplexity="0" sequenceCoverage="0" branchCoverage="0" crapScore="2" isConstructor="true" isStatic="false" isGetter="false" isSetter="false">
              <Summary numSequencePoints="0" visitedSequencePoints="0" numBranchPoints="0" visitedBranchPoints="0" sequenceCoverage="0" branchCoverage="0" maxCyclomaticComplexity="1" minCyclomaticComplexity="1" maxCrapScore="2" minCrapScore="2" visitedClasses="0" numClasses="0" visitedMethods="0" numMethods="0" />
              <MetadataToken>100663327</MetadataToken>
              <Name>System.Void exercicio2.Features.Emprestimo.Emprestimo::.ctor()</Name>
              <SequencePoints />
              <BranchPoints />
              <MethodPoint vc="0" uspid="223" ordinal="0" offset="0" />
            </Method>
          </Methods>
        </Class>
        <Class>
          <Summary numSequencePoints="0" visitedSequencePoints="0" numBranchPoints="0" visitedBranchPoints="0" sequenceCoverage="0" branchCoverage="0" maxCyclomaticComplexity="1" minCyclomaticComplexity="1" maxCrapScore="2" minCrapScore="2" visitedClasses="0" numClasses="0" visitedMethods="0" numMethods="0" />
          <FullName>exercicio2.Base.Entidade</FullName>
          <Methods>
            <Method skippedDueTo="AutoImplementedProperty" visited="false" cyclomaticComplexity="1" nPathComplexity="0" sequenceCoverage="0" branchCoverage="0" crapScore="0" isConstructor="false" isStatic="false" isGetter="true" isSetter="false">
              <MetadataToken>100663331</MetadataToken>
              <Name>System.Int64 exercicio2.Base.Entidade::get_Id()</Name>
              <FileRef uid="25" />
              <SequencePoints />
              <BranchPoints />
            </Method>
            <Method skippedDueTo="AutoImplementedProperty" visited="false" cyclomaticComplexity="1" nPathComplexity="0" sequenceCoverage="0" branchCoverage="0" crapScore="0" isConstructor="false" isStatic="false" isGetter="false" isSetter="true">
              <MetadataToken>100663332</MetadataToken>
              <Name>System.Void exercicio2.Base.Entidade::set_Id(System.Int64)</Name>
              <FileRef uid="25" />
              <SequencePoints />
              <BranchPoints />
            </Method>
            <Method visited="false" cyclomaticComplexity="1" nPathComplexity="0" sequenceCoverage="0" branchCoverage="0" crapScore="2" isConstructor="true" isStatic="false" isGetter="false" isSetter="false">
              <Summary numSequencePoints="0" visitedSequencePoints="0" numBranchPoints="0" visitedBranchPoints="0" sequenceCoverage="0" branchCoverage="0" maxCyclomaticComplexity="1" minCyclomaticComplexity="1" maxCrapScore="2" minCrapScore="2" visitedClasses="0" numClasses="0" visitedMethods="0" numMethods="0" />
              <MetadataToken>100663333</MetadataToken>
              <Name>System.Void exercicio2.Base.Entidade::.ctor()</Name>
              <SequencePoints />
              <BranchPoints />
              <MethodPoint vc="0" uspid="224" ordinal="0" offset="0" />
            </Method>
          </Methods>
        </Class>
      </Classes>
    </Module>
    <Module hash="19-29-DE-28-99-DA-B8-7C-8D-BA-BD-99-8E-2F-7B-3C-CE-EC-E3-BD">
      <Summary numSequencePoints="0" visitedSequencePoints="0" numBranchPoints="0" visitedBranchPoints="0" sequenceCoverage="0" branchCoverage="0" maxCyclomaticComplexity="0" minCyclomaticComplexity="0" maxCrapScore="0" minCrapScore="0" visitedClasses="0" numClasses="0" visitedMethods="0" numMethods="0" />
      <ModulePath>C:\Users\Luiz Arndt\Desktop\NDD\Reforço\ExercicioNDDRefor-o2\exercicio2\Exercicio2.TesteRepositorio\bin\Debug\exercicio2.Infra.dll</ModulePath>
      <ModuleTime>2018-05-27T09:26:58.8934821Z</ModuleTime>
      <ModuleName>exercicio2.Infra</ModuleName>
      <Files />
      <Classes />
    </Module>
  </Modules>
</CoverageSession>